2023-11-22 18:59:05,075 - Log -INFO - http://127.0.0.1/orangehrm-4.2.0.1/symfony/web/index.php/auth/login
2023-11-22 19:00:05,523 - Log -INFO - http://127.0.0.1/orangehrm-4.2.0.1/symfony/web/index.php/auth/login
2023-11-22 20:48:28,520 - Log -INFO - Successfully navigated to OrangeHrm Application
2023-11-22 20:49:15,401 - Log -INFO - http://127.0.0.1/orangehrm-4.2.0.1/symfony/web/index.php/auth/login
2023-11-22 20:49:25,765 - Log -INFO - Suresh
2023-11-22 20:49:26,173 - Log -INFO - Suresh#1234
2023-11-22 20:49:31,912 - Log -INFO - Admin
2023-11-22 20:49:32,329 - Log -INFO - Welcome Admin
2023-11-22 20:49:32,345 - Log -INFO - Succesfully Navigated to OrangeHRM Application HomePage - PASS
2023-11-22 20:51:59,894 - Log -INFO - http://127.0.0.1/orangehrm-4.2.0.1/symfony/web/index.php/auth/login
2023-11-22 20:52:08,535 - Log -INFO - Suresh
2023-11-22 20:52:09,010 - Log -INFO - Suresh#1234
2023-11-22 20:52:14,860 - Log -INFO - Admin
2023-11-22 20:52:15,305 - Log -INFO - Welcome Admin
2023-11-22 20:52:15,322 - Log -INFO - Succesfully Navigated to OrangeHRM Application HomePage - PASS
2023-11-22 22:30:32,135 - Log -INFO - http://127.0.0.1/orangehrm-4.2.0.1/symfony/web/index.php/auth/login
2023-11-22 22:35:28,963 - Log -INFO - http://127.0.0.1/orangehrm-4.2.0.1/symfony/web/index.php/auth/login
2023-11-22 22:39:09,950 - Log -INFO - http://127.0.0.1/orangehrm-4.2.0.1/symfony/web/index.php/auth/login
2023-11-22 22:40:31,325 - Log -INFO - http://127.0.0.1/orangehrm-4.2.0.1/symfony/web/index.php/auth/login
2023-11-22 22:46:51,132 - Log -INFO - http://127.0.0.1/orangehrm-4.2.0.1/symfony/web/index.php/auth/login
2023-11-22 22:46:54,300 - Log -INFO - http://127.0.0.1/orangehrm-4.2.0.1/symfony/web/index.php/auth/login
2023-11-22 22:47:00,763 - Log -INFO - successfully closed trhe browser
2023-11-22 22:47:35,925 - Log -INFO - http://127.0.0.1/orangehrm-4.2.0.1/symfony/web/index.php/auth/login
2023-11-22 22:47:39,426 - Log -INFO - http://127.0.0.1/orangehrm-4.2.0.1/symfony/web/index.php/auth/login
2023-11-22 22:47:44,038 - Log -INFO - successfully closed trhe browser
2023-11-22 22:48:29,019 - Log -INFO - http://127.0.0.1/orangehrm-4.2.0.1/symfony/web/index.php/auth/login
2023-11-22 22:48:32,885 - Log -INFO - http://127.0.0.1/orangehrm-4.2.0.1/symfony/web/index.php/auth/login
2023-11-22 22:48:38,239 - Log -INFO - Suresh
2023-11-22 22:48:38,678 - Log -INFO - Suresh#1234
2023-11-22 22:48:45,557 - Log -INFO - successfully loged in
2023-11-22 22:48:58,086 - Log -INFO -  | 
2023-11-22 22:48:58,317 - Log -INFO - 0023 | 
2023-11-22 22:48:58,471 - Log -INFO - Akhli Puligari | 
2023-11-22 22:48:58,553 - Log -INFO - Akhi | 
2023-11-22 22:48:58,635 - Log -INFO -  | 
2023-11-22 22:48:58,725 - Log -INFO -  | 
2023-11-22 22:48:58,775 - Log -INFO -  | 
2023-11-22 22:48:58,830 - Log -INFO -  | 
2023-11-22 22:48:58,934 - Log -INFO -  | 
2023-11-22 22:48:58,996 - Log -INFO - 0024 | 
2023-11-22 22:48:59,079 - Log -INFO - Akhli Puligari | 
2023-11-22 22:48:59,226 - Log -INFO - Akhi | 
2023-11-22 22:48:59,297 - Log -INFO -  | 
2023-11-22 22:48:59,352 - Log -INFO -  | 
2023-11-22 22:48:59,453 - Log -INFO -  | 
2023-11-22 22:48:59,548 - Log -INFO -  | 
2023-11-22 22:48:59,667 - Log -INFO -  | 
2023-11-22 22:48:59,735 - Log -INFO - 0025 | 
2023-11-22 22:48:59,779 - Log -INFO - Akhli Puligari | 
2023-11-22 22:48:59,844 - Log -INFO - Akhi | 
2023-11-22 22:48:59,893 - Log -INFO -  | 
2023-11-22 22:48:59,941 - Log -INFO -  | 
2023-11-22 22:49:00,018 - Log -INFO -  | 
2023-11-22 22:49:00,075 - Log -INFO -  | 
2023-11-22 22:49:00,325 - Log -INFO -  | 
2023-11-22 22:49:00,380 - Log -INFO - 0026 | 
2023-11-22 22:49:00,537 - Log -INFO - Akhli Puligari | 
2023-11-22 22:49:00,619 - Log -INFO - Akhi | 
2023-11-22 22:49:00,735 - Log -INFO -  | 
2023-11-22 22:49:00,847 - Log -INFO -  | 
2023-11-22 22:49:01,010 - Log -INFO -  | 
2023-11-22 22:49:01,111 - Log -INFO -  | 
2023-11-22 22:49:01,224 - Log -INFO -  | 
2023-11-22 22:49:01,271 - Log -INFO - 0027 | 
2023-11-22 22:49:01,335 - Log -INFO - Akhli Puligari | 
2023-11-22 22:49:01,427 - Log -INFO - Akhi | 
2023-11-22 22:49:01,487 - Log -INFO -  | 
2023-11-22 22:49:01,548 - Log -INFO -  | 
2023-11-22 22:49:01,618 - Log -INFO -  | 
2023-11-22 22:49:01,697 - Log -INFO -  | 
2023-11-22 22:49:01,909 - Log -INFO -  | 
2023-11-22 22:49:01,991 - Log -INFO - 0028 | 
2023-11-22 22:49:02,091 - Log -INFO - Akhli Puligari | 
2023-11-22 22:49:02,346 - Log -INFO - Akhi | 
2023-11-22 22:49:02,419 - Log -INFO -  | 
2023-11-22 22:49:02,794 - Log -INFO -  | 
2023-11-22 22:49:02,856 - Log -INFO -  | 
2023-11-22 22:49:02,953 - Log -INFO -  | 
2023-11-22 22:49:03,407 - Log -INFO -  | 
2023-11-22 22:49:03,474 - Log -INFO - 0029 | 
2023-11-22 22:49:03,562 - Log -INFO - Akhli Puligari | 
2023-11-22 22:49:03,757 - Log -INFO - Akhi | 
2023-11-22 22:49:03,881 - Log -INFO -  | 
2023-11-22 22:49:03,960 - Log -INFO -  | 
2023-11-22 22:49:04,063 - Log -INFO -  | 
2023-11-22 22:49:04,103 - Log -INFO -  | 
2023-11-22 22:49:04,234 - Log -INFO -  | 
2023-11-22 22:49:04,282 - Log -INFO - 0030 | 
2023-11-22 22:49:04,327 - Log -INFO - Akhli Puligari | 
2023-11-22 22:49:04,374 - Log -INFO - Akhi | 
2023-11-22 22:49:04,425 - Log -INFO -  | 
2023-11-22 22:49:04,480 - Log -INFO -  | 
2023-11-22 22:49:04,575 - Log -INFO -  | 
2023-11-22 22:49:04,663 - Log -INFO -  | 
2023-11-22 22:49:04,843 - Log -INFO -  | 
2023-11-22 22:49:04,901 - Log -INFO - 0031 | 
2023-11-22 22:49:05,016 - Log -INFO - Akhli Puligari | 
2023-11-22 22:49:05,069 - Log -INFO - Akhi | 
2023-11-22 22:49:05,107 - Log -INFO -  | 
2023-11-22 22:49:05,157 - Log -INFO -  | 
2023-11-22 22:49:05,216 - Log -INFO -  | 
2023-11-22 22:49:05,265 - Log -INFO -  | 
2023-11-22 22:49:05,390 - Log -INFO -  | 
2023-11-22 22:49:05,451 - Log -INFO - 0032 | 
2023-11-22 22:49:05,545 - Log -INFO - Akhli Puligari | 
2023-11-22 22:49:05,614 - Log -INFO - Akhi | 
2023-11-22 22:49:05,673 - Log -INFO -  | 
2023-11-22 22:49:05,718 - Log -INFO -  | 
2023-11-22 22:49:05,762 - Log -INFO -  | 
2023-11-22 22:49:05,807 - Log -INFO -  | 
2023-11-22 22:49:05,903 - Log -INFO -  | 
2023-11-22 22:49:05,959 - Log -INFO - 0033 | 
2023-11-22 22:49:06,003 - Log -INFO - Akhli Puligari | 
2023-11-22 22:49:06,046 - Log -INFO - Akhi | 
2023-11-22 22:49:06,112 - Log -INFO -  | 
2023-11-22 22:49:06,152 - Log -INFO -  | 
2023-11-22 22:49:06,193 - Log -INFO -  | 
2023-11-22 22:49:06,245 - Log -INFO -  | 
2023-11-22 22:49:06,331 - Log -INFO -  | 
2023-11-22 22:49:06,394 - Log -INFO - 0034 | 
2023-11-22 22:49:06,527 - Log -INFO - Akhli Puligari | 
2023-11-22 22:49:06,583 - Log -INFO - Akhi | 
2023-11-22 22:49:06,710 - Log -INFO -  | 
2023-11-22 22:49:06,760 - Log -INFO -  | 
2023-11-22 22:49:06,835 - Log -INFO -  | 
2023-11-22 22:49:06,878 - Log -INFO -  | 
2023-11-22 22:49:06,979 - Log -INFO -  | 
2023-11-22 22:49:07,045 - Log -INFO - 0035 | 
2023-11-22 22:49:07,102 - Log -INFO - Akhli Puligari | 
2023-11-22 22:49:07,152 - Log -INFO - Akhi | 
2023-11-22 22:49:07,206 - Log -INFO -  | 
2023-11-22 22:49:07,285 - Log -INFO -  | 
2023-11-22 22:49:07,343 - Log -INFO -  | 
2023-11-22 22:49:07,386 - Log -INFO -  | 
2023-11-22 22:49:07,556 - Log -INFO -  | 
2023-11-22 22:49:07,596 - Log -INFO - 0038 | 
2023-11-22 22:49:07,673 - Log -INFO - Akhli Puligari | 
2023-11-22 22:49:07,742 - Log -INFO - Akhi | 
2023-11-22 22:49:07,880 - Log -INFO -  | 
2023-11-22 22:49:07,942 - Log -INFO -  | 
2023-11-22 22:49:07,985 - Log -INFO -  | 
2023-11-22 22:49:08,036 - Log -INFO -  | 
2023-11-22 22:49:08,215 - Log -INFO -  | 
2023-11-22 22:49:08,302 - Log -INFO - 0040 | 
2023-11-22 22:49:08,356 - Log -INFO - Akhli Puligari | 
2023-11-22 22:49:08,565 - Log -INFO - Akhi | 
2023-11-22 22:49:08,683 - Log -INFO -  | 
2023-11-22 22:49:08,900 - Log -INFO -  | 
2023-11-22 22:49:08,949 - Log -INFO -  | 
2023-11-22 22:49:08,996 - Log -INFO -  | 
2023-11-22 22:49:09,121 - Log -INFO -  | 
2023-11-22 22:49:09,163 - Log -INFO - 0043 | 
2023-11-22 22:49:09,234 - Log -INFO - Akhli Puligari | 
2023-11-22 22:49:09,383 - Log -INFO - Akhi | 
2023-11-22 22:49:09,526 - Log -INFO -  | 
2023-11-22 22:49:09,577 - Log -INFO -  | 
2023-11-22 22:49:09,741 - Log -INFO -  | 
2023-11-22 22:49:09,789 - Log -INFO -  | 
2023-11-22 22:49:09,912 - Log -INFO -  | 
2023-11-22 22:49:09,964 - Log -INFO - 0046 | 
2023-11-22 22:49:10,248 - Log -INFO - Akhli Puligari | 
2023-11-22 22:49:10,366 - Log -INFO - Akhi | 
2023-11-22 22:49:10,411 - Log -INFO -  | 
2023-11-22 22:49:10,494 - Log -INFO -  | 
2023-11-22 22:49:10,584 - Log -INFO -  | 
2023-11-22 22:49:10,731 - Log -INFO -  | 
2023-11-22 22:49:10,874 - Log -INFO -  | 
2023-11-22 22:49:11,093 - Log -INFO - 0050 | 
2023-11-22 22:49:11,171 - Log -INFO - Akhli Puligari | 
2023-11-22 22:49:11,217 - Log -INFO - Akhi | 
2023-11-22 22:49:11,256 - Log -INFO -  | 
2023-11-22 22:49:11,292 - Log -INFO -  | 
2023-11-22 22:49:11,327 - Log -INFO -  | 
2023-11-22 22:49:11,378 - Log -INFO -  | 
2023-11-22 22:49:11,491 - Log -INFO -  | 
2023-11-22 22:49:11,584 - Log -INFO - 0053 | 
2023-11-22 22:49:11,646 - Log -INFO - Akhli Puligari | 
2023-11-22 22:49:11,690 - Log -INFO - Akhi | 
2023-11-22 22:49:11,735 - Log -INFO -  | 
2023-11-22 22:49:11,917 - Log -INFO -  | 
2023-11-22 22:49:11,957 - Log -INFO -  | 
2023-11-22 22:49:11,998 - Log -INFO -  | 
2023-11-22 22:49:13,576 - Log -INFO -  | 
2023-11-22 22:49:13,622 - Log -INFO - 0056 | 
2023-11-22 22:49:13,704 - Log -INFO - Akhli Puligari | 
2023-11-22 22:49:13,765 - Log -INFO - Akhi | 
2023-11-22 22:49:13,860 - Log -INFO -  | 
2023-11-22 22:49:13,967 - Log -INFO -  | 
2023-11-22 22:49:14,045 - Log -INFO -  | 
2023-11-22 22:49:14,090 - Log -INFO -  | 
2023-11-22 22:49:14,350 - Log -INFO -  | 
2023-11-22 22:49:14,407 - Log -INFO - 0057 | 
2023-11-22 22:49:14,455 - Log -INFO - Akhli Puligari | 
2023-11-22 22:49:14,538 - Log -INFO - Akhi | 
2023-11-22 22:49:14,593 - Log -INFO -  | 
2023-11-22 22:49:14,729 - Log -INFO -  | 
2023-11-22 22:49:14,776 - Log -INFO -  | 
2023-11-22 22:49:14,830 - Log -INFO -  | 
2023-11-22 22:49:14,954 - Log -INFO -  | 
2023-11-22 22:49:15,024 - Log -INFO - 0058 | 
2023-11-22 22:49:15,080 - Log -INFO - Akhli Puligari | 
2023-11-22 22:49:15,263 - Log -INFO - Akhi | 
2023-11-22 22:49:15,307 - Log -INFO -  | 
2023-11-22 22:49:15,414 - Log -INFO -  | 
2023-11-22 22:49:15,484 - Log -INFO -  | 
2023-11-22 22:49:15,559 - Log -INFO -  | 
2023-11-22 22:49:15,664 - Log -INFO -  | 
2023-11-22 22:49:15,799 - Log -INFO - 0060 | 
2023-11-22 22:49:15,869 - Log -INFO - kkkk kk | 
2023-11-22 22:49:15,946 - Log -INFO - ll | 
2023-11-22 22:49:16,024 - Log -INFO -  | 
2023-11-22 22:49:16,105 - Log -INFO -  | 
2023-11-22 22:49:16,238 - Log -INFO -  | 
2023-11-22 22:49:16,362 - Log -INFO -  | 
2023-11-22 22:49:16,514 - Log -INFO -  | 
2023-11-22 22:49:16,555 - Log -INFO - 0037 | 
2023-11-22 22:49:16,599 - Log -INFO - Mahadev Nagula | 
2023-11-22 22:49:16,648 - Log -INFO - Pandu | 
2023-11-22 22:49:16,709 - Log -INFO -  | 
2023-11-22 22:49:16,756 - Log -INFO -  | 
2023-11-22 22:49:16,901 - Log -INFO -  | 
2023-11-22 22:49:16,948 - Log -INFO -  | 
2023-11-22 22:49:17,071 - Log -INFO -  | 
2023-11-22 22:49:17,125 - Log -INFO - 0042 | 
2023-11-22 22:49:17,201 - Log -INFO - Mahadev Nagula | 
2023-11-22 22:49:17,341 - Log -INFO - Pandu | 
2023-11-22 22:49:17,484 - Log -INFO -  | 
2023-11-22 22:49:17,609 - Log -INFO -  | 
2023-11-22 22:49:17,657 - Log -INFO -  | 
2023-11-22 22:49:17,714 - Log -INFO -  | 
2023-11-22 22:49:17,989 - Log -INFO -  | 
2023-11-22 22:49:18,038 - Log -INFO - 0045 | 
2023-11-22 22:49:18,150 - Log -INFO - Mahadev Nagula | 
2023-11-22 22:49:18,193 - Log -INFO - Pandu | 
2023-11-22 22:49:18,254 - Log -INFO -  | 
2023-11-22 22:49:18,385 - Log -INFO -  | 
2023-11-22 22:49:18,446 - Log -INFO -  | 
2023-11-22 22:49:18,583 - Log -INFO -  | 
2023-11-22 22:49:18,788 - Log -INFO -  | 
2023-11-22 22:49:18,844 - Log -INFO - 0048 | 
2023-11-22 22:49:18,890 - Log -INFO - Mahadev Nagula | 
2023-11-22 22:49:18,993 - Log -INFO - Pandu | 
2023-11-22 22:49:19,205 - Log -INFO -  | 
2023-11-22 22:49:19,250 - Log -INFO -  | 
2023-11-22 22:49:19,360 - Log -INFO -  | 
2023-11-22 22:49:19,404 - Log -INFO -  | 
2023-11-22 22:49:19,579 - Log -INFO -  | 
2023-11-22 22:49:19,709 - Log -INFO - 0052 | 
2023-11-22 22:49:19,807 - Log -INFO - Mahadev Nagula | 
2023-11-22 22:49:19,851 - Log -INFO - Pandu | 
2023-11-22 22:49:19,931 - Log -INFO -  | 
2023-11-22 22:49:20,019 - Log -INFO -  | 
2023-11-22 22:49:20,250 - Log -INFO -  | 
2023-11-22 22:49:20,452 - Log -INFO -  | 
2023-11-22 22:49:20,627 - Log -INFO -  | 
2023-11-22 22:49:20,674 - Log -INFO - 0055 | 
2023-11-22 22:49:20,775 - Log -INFO - Mahadev Nagula | 
2023-11-22 22:49:20,864 - Log -INFO - Pandu | 
2023-11-22 22:49:20,933 - Log -INFO -  | 
2023-11-22 22:49:20,993 - Log -INFO -  | 
2023-11-22 22:49:21,058 - Log -INFO -  | 
2023-11-22 22:49:21,226 - Log -INFO -  | 
2023-11-22 22:49:21,782 - Log -INFO -  | 
2023-11-22 22:49:21,870 - Log -INFO - 0049 | 
2023-11-22 22:49:21,912 - Log -INFO - suresh suri | 
2023-11-22 22:49:21,961 - Log -INFO - soorya | 
2023-11-22 22:49:22,016 - Log -INFO -  | 
2023-11-22 22:49:22,080 - Log -INFO -  | 
2023-11-22 22:49:22,148 - Log -INFO -  | 
2023-11-22 22:49:22,192 - Log -INFO -  | 
2023-11-22 22:49:22,300 - Log -INFO -   | 
2023-11-22 22:49:22,587 - Log -INFO - 0001 | 
2023-11-22 22:49:22,636 - Log -INFO - Suresh Nagula | 
2023-11-22 22:49:22,708 - Log -INFO - Suresh | 
2023-11-22 22:49:22,840 - Log -INFO -  | 
2023-11-22 22:49:22,994 - Log -INFO -  | 
2023-11-22 22:49:23,080 - Log -INFO -  | 
2023-11-22 22:49:23,144 - Log -INFO -  | 
2023-11-22 22:49:23,312 - Log -INFO -  | 
2023-11-22 22:49:23,357 - Log -INFO - 0002 | 
2023-11-22 22:49:23,413 - Log -INFO - Suresh Nagula | 
2023-11-22 22:49:23,759 - Log -INFO - Suresh | 
2023-11-22 22:49:23,810 - Log -INFO -  | 
2023-11-22 22:49:23,855 - Log -INFO -  | 
2023-11-22 22:49:23,931 - Log -INFO -  | 
2023-11-22 22:49:24,042 - Log -INFO -  | 
2023-11-22 22:49:24,300 - Log -INFO -  | 
2023-11-22 22:49:24,352 - Log -INFO - 0003 | 
2023-11-22 22:49:24,434 - Log -INFO - Suresh Nagula | 
2023-11-22 22:49:24,490 - Log -INFO - Suresh | 
2023-11-22 22:49:24,707 - Log -INFO -  | 
2023-11-22 22:49:24,748 - Log -INFO -  | 
2023-11-22 22:49:24,856 - Log -INFO -  | 
2023-11-22 22:49:24,891 - Log -INFO -  | 
2023-11-22 22:49:25,006 - Log -INFO -  | 
2023-11-22 22:49:25,608 - Log -INFO - 0004 | 
2023-11-22 22:49:25,763 - Log -INFO - Suresh Nagula | 
2023-11-22 22:49:25,953 - Log -INFO - Suresh | 
2023-11-22 22:49:26,026 - Log -INFO -  | 
2023-11-22 22:49:26,092 - Log -INFO -  | 
2023-11-22 22:49:26,133 - Log -INFO -  | 
2023-11-22 22:49:26,170 - Log -INFO -  | 
2023-11-22 22:49:26,276 - Log -INFO -  | 
2023-11-22 22:49:26,367 - Log -INFO - 0005 | 
2023-11-22 22:49:26,519 - Log -INFO - Suresh Nagula | 
2023-11-22 22:49:26,571 - Log -INFO - Suresh | 
2023-11-22 22:49:26,687 - Log -INFO -  | 
2023-11-22 22:49:26,728 - Log -INFO -  | 
2023-11-22 22:49:26,771 - Log -INFO -  | 
2023-11-22 22:49:26,844 - Log -INFO -  | 
2023-11-22 22:49:26,939 - Log -INFO -  | 
2023-11-22 22:49:27,074 - Log -INFO - 0006 | 
2023-11-22 22:49:27,118 - Log -INFO - Suresh Nagula | 
2023-11-22 22:49:27,164 - Log -INFO - Suresh | 
2023-11-22 22:49:27,229 - Log -INFO -  | 
2023-11-22 22:49:27,270 - Log -INFO -  | 
2023-11-22 22:49:27,335 - Log -INFO -  | 
2023-11-22 22:49:27,403 - Log -INFO -  | 
2023-11-22 22:49:27,666 - Log -INFO -  | 
2023-11-22 22:49:27,740 - Log -INFO - 0007 | 
2023-11-22 22:49:27,802 - Log -INFO - Suresh Nagula | 
2023-11-22 22:49:27,844 - Log -INFO - Suresh | 
2023-11-22 22:49:27,905 - Log -INFO -  | 
2023-11-22 22:49:27,964 - Log -INFO -  | 
2023-11-22 22:49:28,003 - Log -INFO -  | 
2023-11-22 22:49:28,046 - Log -INFO -  | 
2023-11-22 22:49:28,238 - Log -INFO -  | 
2023-11-22 22:49:28,283 - Log -INFO - 0008 | 
2023-11-22 22:49:28,332 - Log -INFO - Suresh Nagula | 
2023-11-22 22:49:28,416 - Log -INFO - Suresh | 
2023-11-22 22:49:28,559 - Log -INFO -  | 
2023-11-22 22:49:28,609 - Log -INFO -  | 
2023-11-22 22:49:28,651 - Log -INFO -  | 
2023-11-22 22:49:28,789 - Log -INFO -  | 
2023-11-22 22:49:28,878 - Log -INFO -  | 
2023-11-22 22:49:29,066 - Log -INFO - 0009 | 
2023-11-22 22:49:29,109 - Log -INFO - Suresh Nagula | 
2023-11-22 22:49:29,166 - Log -INFO - Suresh | 
2023-11-22 22:49:29,222 - Log -INFO -  | 
2023-11-22 22:49:29,329 - Log -INFO -  | 
2023-11-22 22:49:29,393 - Log -INFO -  | 
2023-11-22 22:49:29,438 - Log -INFO -  | 
2023-11-22 22:49:29,613 - Log -INFO -  | 
2023-11-22 22:49:29,659 - Log -INFO - 0010 | 
2023-11-22 22:49:29,741 - Log -INFO - Suresh Nagula | 
2023-11-22 22:49:29,870 - Log -INFO - Suresh | 
2023-11-22 22:49:29,926 - Log -INFO -  | 
2023-11-22 22:49:29,964 - Log -INFO -  | 
2023-11-22 22:49:30,007 - Log -INFO -  | 
2023-11-22 22:49:30,071 - Log -INFO -  | 
2023-11-22 22:49:30,265 - Log -INFO -  | 
2023-11-22 22:49:30,321 - Log -INFO - 0011 | 
2023-11-22 22:49:30,368 - Log -INFO - Suresh Nagula | 
2023-11-22 22:49:30,580 - Log -INFO - Suresh | 
2023-11-22 22:49:30,848 - Log -INFO -  | 
2023-11-22 22:49:30,964 - Log -INFO -  | 
2023-11-22 22:49:31,018 - Log -INFO -  | 
2023-11-22 22:49:31,109 - Log -INFO -  | 
2023-11-22 22:49:31,264 - Log -INFO -  | 
2023-11-22 22:49:31,303 - Log -INFO - 0012 | 
2023-11-22 22:49:31,349 - Log -INFO - Suresh Nagula | 
2023-11-22 22:49:31,434 - Log -INFO - Suresh | 
2023-11-22 22:49:31,478 - Log -INFO -  | 
2023-11-22 22:49:31,537 - Log -INFO -  | 
2023-11-22 22:49:31,689 - Log -INFO -  | 
2023-11-22 22:49:31,749 - Log -INFO -  | 
2023-11-22 22:49:31,876 - Log -INFO -  | 
2023-11-22 22:49:31,989 - Log -INFO - 0013 | 
2023-11-22 22:49:32,058 - Log -INFO - Suresh Nagula | 
2023-11-22 22:49:32,099 - Log -INFO - Suresh | 
2023-11-22 22:49:32,149 - Log -INFO -  | 
2023-11-22 22:49:32,283 - Log -INFO -  | 
2023-11-22 22:49:32,330 - Log -INFO -  | 
2023-11-22 22:49:32,383 - Log -INFO -  | 
2023-11-22 22:49:32,486 - Log -INFO -  | 
2023-11-22 22:49:32,566 - Log -INFO - 0014 | 
2023-11-22 22:49:32,606 - Log -INFO - Suresh Nagula | 
2023-11-22 22:49:32,672 - Log -INFO - Suresh | 
2023-11-22 22:49:32,738 - Log -INFO -  | 
2023-11-22 22:49:33,063 - Log -INFO -  | 
2023-11-22 22:49:33,098 - Log -INFO -  | 
2023-11-22 22:49:33,129 - Log -INFO -  | 
2023-11-22 22:49:33,216 - Log -INFO -  | 
2023-11-22 22:49:33,293 - Log -INFO - 0015 | 
2023-11-22 22:49:33,357 - Log -INFO - Suresh Nagula | 
2023-11-22 22:49:33,472 - Log -INFO - Suresh | 
2023-11-22 22:49:33,544 - Log -INFO -  | 
2023-11-22 22:49:33,597 - Log -INFO -  | 
2023-11-22 22:49:33,645 - Log -INFO -  | 
2023-11-22 22:49:33,704 - Log -INFO -  | 
2023-11-22 22:49:33,853 - Log -INFO -  | 
2023-11-22 22:49:34,003 - Log -INFO - 0016 | 
2023-11-22 22:49:34,056 - Log -INFO - Suresh Nagula | 
2023-11-22 22:49:34,170 - Log -INFO - Suresh | 
2023-11-22 22:49:34,273 - Log -INFO -  | 
2023-11-22 22:49:34,339 - Log -INFO -  | 
2023-11-22 22:49:34,403 - Log -INFO -  | 
2023-11-22 22:49:34,562 - Log -INFO -  | 
2023-11-22 22:49:34,661 - Log -INFO -  | 
2023-11-22 22:49:34,709 - Log -INFO - 0017 | 
2023-11-22 22:49:34,753 - Log -INFO - Suresh Nagula | 
2023-11-22 22:49:34,811 - Log -INFO - Suresh | 
2023-11-22 22:49:34,868 - Log -INFO -  | 
2023-11-22 22:49:34,924 - Log -INFO -  | 
2023-11-22 22:49:34,979 - Log -INFO -  | 
2023-11-22 22:49:35,111 - Log -INFO -  | 
2023-11-22 22:49:35,215 - Log -INFO -  | 
2023-11-22 22:49:35,345 - Log -INFO - 0018 | 
2023-11-22 22:49:35,407 - Log -INFO - Suresh Nagula | 
2023-11-22 22:49:35,468 - Log -INFO - Suresh | 
2023-11-22 22:49:35,653 - Log -INFO -  | 
2023-11-22 22:49:35,698 - Log -INFO -  | 
2023-11-22 22:49:35,733 - Log -INFO -  | 
2023-11-22 22:49:35,779 - Log -INFO -  | 
2023-11-22 22:49:35,870 - Log -INFO -  | 
2023-11-22 22:49:35,922 - Log -INFO - 0019 | 
2023-11-22 22:49:35,983 - Log -INFO - Suresh Nagula | 
2023-11-22 22:49:36,065 - Log -INFO - Suresh | 
2023-11-22 22:49:36,110 - Log -INFO -  | 
2023-11-22 22:49:36,255 - Log -INFO -  | 
2023-11-22 22:49:36,344 - Log -INFO -  | 
2023-11-22 22:49:36,430 - Log -INFO -  | 
2023-11-22 22:49:36,625 - Log -INFO -  | 
2023-11-22 22:49:36,666 - Log -INFO - 0020 | 
2023-11-22 22:49:36,729 - Log -INFO - Suresh Nagula | 
2023-11-22 22:49:36,836 - Log -INFO - Suresh | 
2023-11-22 22:49:36,883 - Log -INFO -  | 
2023-11-22 22:49:36,929 - Log -INFO -  | 
2023-11-22 22:49:37,006 - Log -INFO -  | 
2023-11-22 22:49:37,081 - Log -INFO -  | 
2023-11-22 22:49:43,625 - Log -INFO - successfully closed trhe browser
2023-11-22 23:31:39,673 - Log -INFO - Successfully Navigated to TimeandDate Application
2023-11-22 23:31:44,129 - Log -INFO - Accra | 
2023-11-22 23:31:44,240 - Log -INFO - Wed 18:01 | 
2023-11-22 23:31:44,350 - Log -INFO - Casablanca * | 
2023-11-22 23:31:44,491 - Log -INFO - Wed 19:01 | 
2023-11-22 23:31:44,594 - Log -INFO - Kolkata | 
2023-11-22 23:31:44,703 - Log -INFO - Wed 23:31 | 
2023-11-22 23:31:44,814 - Log -INFO - Reykjavik | 
2023-11-22 23:31:44,955 - Log -INFO - Wed 18:01 | 
2023-11-22 23:31:45,096 - Log -INFO - Addis Ababa | 
2023-11-22 23:31:45,344 - Log -INFO - Wed 21:01 | 
2023-11-22 23:31:45,456 - Log -INFO - Chicago | 
2023-11-22 23:31:45,577 - Log -INFO - Wed 12:01 | 
2023-11-22 23:31:45,700 - Log -INFO - Kuala Lumpur | 
2023-11-22 23:31:46,244 - Log -INFO - Thu 02:01 | 
2023-11-22 23:31:46,424 - Log -INFO - Rio de Janeiro | 
2023-11-22 23:31:46,557 - Log -INFO - Wed 15:01 | 
2023-11-22 23:31:47,159 - Log -INFO - Adelaide * | 
2023-11-22 23:31:47,272 - Log -INFO - Thu 04:31 | 
2023-11-22 23:31:47,404 - Log -INFO - Copenhagen | 
2023-11-22 23:31:47,544 - Log -INFO - Wed 19:01 | 
2023-11-22 23:31:47,649 - Log -INFO - Kuwait City | 
2023-11-22 23:31:47,750 - Log -INFO - Wed 21:01 | 
2023-11-22 23:31:47,838 - Log -INFO - Riyadh | 
2023-11-22 23:31:47,987 - Log -INFO - Wed 21:01 | 
2023-11-22 23:31:48,193 - Log -INFO - Algiers | 
2023-11-22 23:31:48,306 - Log -INFO - Wed 19:01 | 
2023-11-22 23:31:48,442 - Log -INFO - Dallas | 
2023-11-22 23:31:48,587 - Log -INFO - Wed 12:01 | 
2023-11-22 23:31:48,837 - Log -INFO - Kyiv | 
2023-11-22 23:31:48,972 - Log -INFO - Wed 20:01 | 
2023-11-22 23:31:49,141 - Log -INFO - Rome | 
2023-11-22 23:31:49,261 - Log -INFO - Wed 19:01 | 
2023-11-22 23:31:49,420 - Log -INFO - Almaty | 
2023-11-22 23:31:49,515 - Log -INFO - Thu 00:01 | 
2023-11-22 23:31:49,636 - Log -INFO - Dar es Salaam | 
2023-11-22 23:31:49,767 - Log -INFO - Wed 21:01 | 
2023-11-22 23:31:49,888 - Log -INFO - La Paz | 
2023-11-22 23:31:49,990 - Log -INFO - Wed 14:01 | 
2023-11-22 23:31:50,111 - Log -INFO - Salt Lake City | 
2023-11-22 23:31:50,206 - Log -INFO - Wed 11:01 | 
2023-11-22 23:31:50,550 - Log -INFO - Amman | 
2023-11-22 23:31:50,662 - Log -INFO - Wed 21:01 | 
2023-11-22 23:31:50,770 - Log -INFO - Darwin | 
2023-11-22 23:31:50,911 - Log -INFO - Thu 03:31 | 
2023-11-22 23:31:51,001 - Log -INFO - Lagos | 
2023-11-22 23:31:51,117 - Log -INFO - Wed 19:01 | 
2023-11-22 23:31:51,208 - Log -INFO - San Francisco | 
2023-11-22 23:31:51,326 - Log -INFO - Wed 10:01 | 
2023-11-22 23:31:51,490 - Log -INFO - Amsterdam | 
2023-11-22 23:31:51,586 - Log -INFO - Wed 19:01 | 
2023-11-22 23:31:51,696 - Log -INFO - Denver | 
2023-11-22 23:31:51,791 - Log -INFO - Wed 11:01 | 
2023-11-22 23:31:51,961 - Log -INFO - Lahore | 
2023-11-22 23:31:52,107 - Log -INFO - Wed 23:01 | 
2023-11-22 23:31:52,212 - Log -INFO - San Juan | 
2023-11-22 23:31:52,367 - Log -INFO - Wed 14:01 | 
2023-11-22 23:31:52,662 - Log -INFO - Anadyr | 
2023-11-22 23:31:52,811 - Log -INFO - Thu 06:01 | 
2023-11-22 23:31:52,964 - Log -INFO - Detroit | 
2023-11-22 23:31:53,129 - Log -INFO - Wed 13:01 | 
2023-11-22 23:31:53,260 - Log -INFO - Las Vegas | 
2023-11-22 23:31:53,378 - Log -INFO - Wed 10:01 | 
2023-11-22 23:31:53,482 - Log -INFO - San Salvador | 
2023-11-22 23:31:53,747 - Log -INFO - Wed 12:01 | 
2023-11-22 23:31:54,218 - Log -INFO - Anchorage | 
2023-11-22 23:31:54,323 - Log -INFO - Wed 09:01 | 
2023-11-22 23:31:54,436 - Log -INFO - Dhaka | 
2023-11-22 23:31:54,527 - Log -INFO - Thu 00:01 | 
2023-11-22 23:31:54,622 - Log -INFO - Lima | 
2023-11-22 23:31:54,719 - Log -INFO - Wed 13:01 | 
2023-11-22 23:31:54,828 - Log -INFO - Santiago * | 
2023-11-22 23:31:54,962 - Log -INFO - Wed 15:01 | 
2023-11-22 23:31:55,109 - Log -INFO - Ankara | 
2023-11-22 23:31:55,207 - Log -INFO - Wed 21:01 | 
2023-11-22 23:31:55,418 - Log -INFO - Doha | 
2023-11-22 23:31:55,505 - Log -INFO - Wed 21:01 | 
2023-11-22 23:31:55,624 - Log -INFO - Lisbon | 
2023-11-22 23:31:55,716 - Log -INFO - Wed 18:01 | 
2023-11-22 23:31:55,816 - Log -INFO - Santo Domingo | 
2023-11-22 23:31:55,960 - Log -INFO - Wed 14:01 | 
2023-11-22 23:31:56,115 - Log -INFO - Antananarivo | 
2023-11-22 23:31:56,209 - Log -INFO - Wed 21:01 | 
2023-11-22 23:31:56,306 - Log -INFO - Dubai | 
2023-11-22 23:31:56,400 - Log -INFO - Wed 22:01 | 
2023-11-22 23:31:56,502 - Log -INFO - London | 
2023-11-22 23:31:56,590 - Log -INFO - Wed 18:01 | 
2023-11-22 23:31:56,712 - Log -INFO - São Paulo | 
2023-11-22 23:31:56,801 - Log -INFO - Wed 15:01 | 
2023-11-22 23:31:56,974 - Log -INFO - Asuncion * | 
2023-11-22 23:31:57,063 - Log -INFO - Wed 15:01 | 
2023-11-22 23:31:57,225 - Log -INFO - Dublin | 
2023-11-22 23:31:57,779 - Log -INFO - Wed 18:01 | 
2023-11-22 23:31:57,940 - Log -INFO - Los Angeles | 
2023-11-22 23:31:58,022 - Log -INFO - Wed 10:01 | 
2023-11-22 23:31:58,118 - Log -INFO - Seattle | 
2023-11-22 23:31:58,209 - Log -INFO - Wed 10:01 | 
2023-11-22 23:31:58,397 - Log -INFO - Athens | 
2023-11-22 23:31:58,561 - Log -INFO - Wed 20:01 | 
2023-11-22 23:31:58,715 - Log -INFO - Edmonton | 
2023-11-22 23:31:58,813 - Log -INFO - Wed 11:01 | 
2023-11-22 23:31:58,957 - Log -INFO - Madrid | 
2023-11-22 23:31:59,045 - Log -INFO - Wed 19:01 | 
2023-11-22 23:31:59,144 - Log -INFO - Seoul | 
2023-11-22 23:31:59,277 - Log -INFO - Thu 03:01 | 
2023-11-22 23:31:59,510 - Log -INFO - Atlanta | 
2023-11-22 23:31:59,641 - Log -INFO - Wed 13:01 | 
2023-11-22 23:31:59,732 - Log -INFO - Frankfurt | 
2023-11-22 23:31:59,841 - Log -INFO - Wed 19:01 | 
2023-11-22 23:32:00,218 - Log -INFO - Managua | 
2023-11-22 23:32:00,374 - Log -INFO - Wed 12:01 | 
2023-11-22 23:32:00,472 - Log -INFO - Shanghai | 
2023-11-22 23:32:00,606 - Log -INFO - Thu 02:01 | 
2023-11-22 23:32:00,748 - Log -INFO - Auckland * | 
2023-11-22 23:32:00,942 - Log -INFO - Thu 07:01 | 
2023-11-22 23:32:01,129 - Log -INFO - Guatemala City | 
2023-11-22 23:32:01,302 - Log -INFO - Wed 12:01 | 
2023-11-22 23:32:01,465 - Log -INFO - Manila | 
2023-11-22 23:32:01,584 - Log -INFO - Thu 02:01 | 
2023-11-22 23:32:01,784 - Log -INFO - Singapore | 
2023-11-22 23:32:02,030 - Log -INFO - Thu 02:01 | 
2023-11-22 23:32:02,188 - Log -INFO - Baghdad | 
2023-11-22 23:32:02,333 - Log -INFO - Wed 21:01 | 
2023-11-22 23:32:02,443 - Log -INFO - Halifax | 
2023-11-22 23:32:02,545 - Log -INFO - Wed 14:01 | 
2023-11-22 23:32:02,665 - Log -INFO - Melbourne * | 
2023-11-22 23:32:02,840 - Log -INFO - Thu 05:01 | 
2023-11-22 23:32:03,052 - Log -INFO - Sofia | 
2023-11-22 23:32:03,402 - Log -INFO - Wed 20:02 | 
2023-11-22 23:32:03,558 - Log -INFO - Bangkok | 
2023-11-22 23:32:03,670 - Log -INFO - Thu 01:02 | 
2023-11-22 23:32:03,767 - Log -INFO - Hanoi | 
2023-11-22 23:32:03,868 - Log -INFO - Thu 01:02 | 
2023-11-22 23:32:04,019 - Log -INFO - Mexico City | 
2023-11-22 23:32:04,128 - Log -INFO - Wed 12:02 | 
2023-11-22 23:32:04,291 - Log -INFO - St. John's | 
2023-11-22 23:32:04,408 - Log -INFO - Wed 14:32 | 
2023-11-22 23:32:04,641 - Log -INFO - Barcelona | 
2023-11-22 23:32:04,830 - Log -INFO - Wed 19:02 | 
2023-11-22 23:32:05,017 - Log -INFO - Harare | 
2023-11-22 23:32:05,128 - Log -INFO - Wed 20:02 | 
2023-11-22 23:32:05,249 - Log -INFO - Miami | 
2023-11-22 23:32:05,332 - Log -INFO - Wed 13:02 | 
2023-11-22 23:32:05,431 - Log -INFO - Stockholm | 
2023-11-22 23:32:05,521 - Log -INFO - Wed 19:02 | 
2023-11-22 23:32:05,664 - Log -INFO - Beijing | 
2023-11-22 23:32:05,759 - Log -INFO - Thu 02:02 | 
2023-11-22 23:32:05,941 - Log -INFO - Havana | 
2023-11-22 23:32:06,043 - Log -INFO - Wed 13:02 | 
2023-11-22 23:32:06,172 - Log -INFO - Minneapolis | 
2023-11-22 23:32:06,261 - Log -INFO - Wed 12:02 | 
2023-11-22 23:32:06,382 - Log -INFO - Suva | 
2023-11-22 23:32:06,467 - Log -INFO - Thu 06:02 | 
2023-11-22 23:32:06,723 - Log -INFO - Beirut | 
2023-11-22 23:32:06,808 - Log -INFO - Wed 20:02 | 
2023-11-22 23:32:06,963 - Log -INFO - Helsinki | 
2023-11-22 23:32:07,051 - Log -INFO - Wed 20:02 | 
2023-11-22 23:32:07,160 - Log -INFO - Minsk | 
2023-11-22 23:32:07,331 - Log -INFO - Wed 21:02 | 
2023-11-22 23:32:07,439 - Log -INFO - Sydney * | 
2023-11-22 23:32:07,566 - Log -INFO - Thu 05:02 | 
2023-11-22 23:32:07,759 - Log -INFO - Belgrade | 
2023-11-22 23:32:07,848 - Log -INFO - Wed 19:02 | 
2023-11-22 23:32:08,065 - Log -INFO - Hong Kong | 
2023-11-22 23:32:08,190 - Log -INFO - Thu 02:02 | 
2023-11-22 23:32:08,320 - Log -INFO - Montevideo | 
2023-11-22 23:32:08,542 - Log -INFO - Wed 15:02 | 
2023-11-22 23:32:08,659 - Log -INFO - Taipei | 
2023-11-22 23:32:08,757 - Log -INFO - Thu 02:02 | 
2023-11-22 23:32:08,957 - Log -INFO - Bengaluru | 
2023-11-22 23:32:09,147 - Log -INFO - Wed 23:32 | 
2023-11-22 23:32:09,252 - Log -INFO - Honolulu | 
2023-11-22 23:32:09,363 - Log -INFO - Wed 08:02 | 
2023-11-22 23:32:09,471 - Log -INFO - Montréal | 
2023-11-22 23:32:09,594 - Log -INFO - Wed 13:02 | 
2023-11-22 23:32:09,704 - Log -INFO - Tallinn | 
2023-11-22 23:32:09,852 - Log -INFO - Wed 20:02 | 
2023-11-22 23:32:10,068 - Log -INFO - Berlin | 
2023-11-22 23:32:10,274 - Log -INFO - Wed 19:02 | 
2023-11-22 23:32:10,429 - Log -INFO - Houston | 
2023-11-22 23:32:10,555 - Log -INFO - Wed 12:02 | 
2023-11-22 23:32:10,664 - Log -INFO - Moscow | 
2023-11-22 23:32:10,806 - Log -INFO - Wed 21:02 | 
2023-11-22 23:32:10,915 - Log -INFO - Tashkent | 
2023-11-22 23:32:10,997 - Log -INFO - Wed 23:02 | 
2023-11-22 23:32:11,130 - Log -INFO - Bogota | 
2023-11-22 23:32:11,228 - Log -INFO - Wed 13:02 | 
2023-11-22 23:32:11,484 - Log -INFO - Indianapolis | 
2023-11-22 23:32:11,636 - Log -INFO - Wed 13:02 | 
2023-11-22 23:32:12,027 - Log -INFO - Mumbai | 
2023-11-22 23:32:12,159 - Log -INFO - Wed 23:32 | 
2023-11-22 23:32:12,317 - Log -INFO - Tegucigalpa | 
2023-11-22 23:32:12,414 - Log -INFO - Wed 12:02 | 
2023-11-22 23:32:12,626 - Log -INFO - Boston | 
2023-11-22 23:32:12,717 - Log -INFO - Wed 13:02 | 
2023-11-22 23:32:12,799 - Log -INFO - Islamabad | 
2023-11-22 23:32:13,026 - Log -INFO - Wed 23:02 | 
2023-11-22 23:32:13,146 - Log -INFO - Nairobi | 
2023-11-22 23:32:13,272 - Log -INFO - Wed 21:02 | 
2023-11-22 23:32:13,433 - Log -INFO - Tehran | 
2023-11-22 23:32:13,619 - Log -INFO - Wed 21:32 | 
2023-11-22 23:32:13,975 - Log -INFO - Brasilia | 
2023-11-22 23:32:14,159 - Log -INFO - Wed 15:02 | 
2023-11-22 23:32:14,276 - Log -INFO - Istanbul | 
2023-11-22 23:32:14,364 - Log -INFO - Wed 21:02 | 
2023-11-22 23:32:14,494 - Log -INFO - Nassau | 
2023-11-22 23:32:14,582 - Log -INFO - Wed 13:02 | 
2023-11-22 23:32:14,757 - Log -INFO - Tokyo | 
2023-11-22 23:32:14,936 - Log -INFO - Thu 03:02 | 
2023-11-22 23:32:15,132 - Log -INFO - Brisbane | 
2023-11-22 23:32:15,295 - Log -INFO - Thu 04:02 | 
2023-11-22 23:32:15,501 - Log -INFO - Jakarta | 
2023-11-22 23:32:15,616 - Log -INFO - Thu 01:02 | 
2023-11-22 23:32:15,953 - Log -INFO - New Delhi | 
2023-11-22 23:32:16,038 - Log -INFO - Wed 23:32 | 
2023-11-22 23:32:16,220 - Log -INFO - Toronto | 
2023-11-22 23:32:16,595 - Log -INFO - Wed 13:02 | 
2023-11-22 23:32:16,744 - Log -INFO - Brussels | 
2023-11-22 23:32:16,845 - Log -INFO - Wed 19:02 | 
2023-11-22 23:32:17,006 - Log -INFO - Jerusalem | 
2023-11-22 23:32:17,103 - Log -INFO - Wed 20:02 | 
2023-11-22 23:32:17,349 - Log -INFO - New Orleans | 
2023-11-22 23:32:18,162 - Log -INFO - Wed 12:02 | 
2023-11-22 23:32:18,265 - Log -INFO - Vancouver | 
2023-11-22 23:32:18,397 - Log -INFO - Wed 10:02 | 
2023-11-22 23:32:18,561 - Log -INFO - Bucharest | 
2023-11-22 23:32:18,649 - Log -INFO - Wed 20:02 | 
2023-11-22 23:32:18,811 - Log -INFO - Johannesburg | 
2023-11-22 23:32:19,082 - Log -INFO - Wed 20:02 | 
2023-11-22 23:32:19,377 - Log -INFO - New York | 
2023-11-22 23:32:19,555 - Log -INFO - Wed 13:02 | 
2023-11-22 23:32:19,685 - Log -INFO - Vienna | 
2023-11-22 23:32:19,867 - Log -INFO - Wed 19:02 | 
2023-11-22 23:32:20,063 - Log -INFO - Budapest | 
2023-11-22 23:32:20,145 - Log -INFO - Wed 19:02 | 
2023-11-22 23:32:20,257 - Log -INFO - Kabul | 
2023-11-22 23:32:20,417 - Log -INFO - Wed 22:32 | 
2023-11-22 23:32:20,529 - Log -INFO - Oslo | 
2023-11-22 23:32:21,586 - Log -INFO - Wed 19:02 | 
2023-11-22 23:32:21,689 - Log -INFO - Warsaw | 
2023-11-22 23:32:21,787 - Log -INFO - Wed 19:02 | 
2023-11-22 23:32:21,954 - Log -INFO - Buenos Aires | 
2023-11-22 23:32:22,055 - Log -INFO - Wed 15:02 | 
2023-11-22 23:32:22,180 - Log -INFO - Karachi | 
2023-11-22 23:32:22,275 - Log -INFO - Wed 23:02 | 
2023-11-22 23:32:22,399 - Log -INFO - Ottawa | 
2023-11-22 23:32:22,532 - Log -INFO - Wed 13:02 | 
2023-11-22 23:32:22,717 - Log -INFO - Washington DC | 
2023-11-22 23:32:22,822 - Log -INFO - Wed 13:02 | 
2023-11-22 23:32:23,032 - Log -INFO - Cairo | 
2023-11-22 23:32:23,123 - Log -INFO - Wed 20:02 | 
2023-11-22 23:32:23,288 - Log -INFO - Kathmandu | 
2023-11-22 23:32:23,408 - Log -INFO - Wed 23:47 | 
2023-11-22 23:32:23,521 - Log -INFO - Paris | 
2023-11-22 23:32:23,832 - Log -INFO - Wed 19:02 | 
2023-11-22 23:32:24,084 - Log -INFO - Winnipeg | 
2023-11-22 23:32:26,482 - Log -INFO - Wed 12:02 | 
2023-11-22 23:32:26,693 - Log -INFO - Calgary | 
2023-11-22 23:32:26,782 - Log -INFO - Wed 11:02 | 
2023-11-22 23:32:26,866 - Log -INFO - Khartoum | 
2023-11-22 23:32:26,978 - Log -INFO - Wed 20:02 | 
2023-11-22 23:32:27,065 - Log -INFO - Perth | 
2023-11-22 23:32:27,482 - Log -INFO - Thu 02:02 | 
2023-11-22 23:32:27,619 - Log -INFO - Yangon | 
2023-11-22 23:32:27,712 - Log -INFO - Thu 00:32 | 
2023-11-22 23:32:27,913 - Log -INFO - Canberra * | 
2023-11-22 23:32:28,073 - Log -INFO - Thu 05:02 | 
2023-11-22 23:32:28,188 - Log -INFO - Kingston | 
2023-11-22 23:32:28,289 - Log -INFO - Wed 13:02 | 
2023-11-22 23:32:28,381 - Log -INFO - Philadelphia | 
2023-11-22 23:32:28,479 - Log -INFO - Wed 13:02 | 
2023-11-22 23:32:28,638 - Log -INFO - Zagreb | 
2023-11-22 23:32:28,739 - Log -INFO - Wed 19:02 | 
2023-11-22 23:32:28,920 - Log -INFO - Cape Town | 
2023-11-22 23:32:29,068 - Log -INFO - Wed 20:02 | 
2023-11-22 23:32:29,256 - Log -INFO - Kinshasa | 
2023-11-22 23:32:29,396 - Log -INFO - Wed 19:02 | 
2023-11-22 23:32:29,709 - Log -INFO - Phoenix | 
2023-11-22 23:32:29,801 - Log -INFO - Wed 11:02 | 
2023-11-22 23:32:29,932 - Log -INFO - Zürich | 
2023-11-22 23:32:30,084 - Log -INFO - Wed 19:02 | 
2023-11-22 23:32:30,364 - Log -INFO - Caracas | 
2023-11-22 23:32:30,520 - Log -INFO - Wed 14:02 | 
2023-11-22 23:32:30,629 - Log -INFO - Kiritimati | 
2023-11-22 23:32:30,768 - Log -INFO - Thu 08:02 | 
2023-11-22 23:32:30,911 - Log -INFO - Prague | 
2023-11-22 23:32:31,010 - Log -INFO - Wed 19:02 | 
2023-11-22 23:32:31,152 - Log -INFO -  | 
2023-11-22 23:32:31,252 - Log -INFO -  | 
2023-11-22 23:32:33,456 - Log -INFO - Successfully closed the browser
2023-11-22 23:34:30,518 - Log -INFO - Successfully Navigated to TimeandDate Application
2023-11-22 23:37:45,021 - Log -INFO - Successfully Navigated to TimeandDate Application
2023-11-22 23:37:47,411 - Log -INFO - Accra | 
2023-11-22 23:37:47,570 - Log -INFO - Wed 18:07 | 
2023-11-22 23:37:47,849 - Log -INFO - Casablanca * | 
2023-11-22 23:37:48,176 - Log -INFO - Wed 19:07 | 
2023-11-22 23:37:48,330 - Log -INFO - Kolkata | 
2023-11-22 23:37:48,477 - Log -INFO - Wed 23:37 | 
2023-11-22 23:37:48,603 - Log -INFO - Reykjavik | 
2023-11-22 23:37:48,718 - Log -INFO - Wed 18:07 | 
2023-11-22 23:37:48,916 - Log -INFO - Addis Ababa | 
2023-11-22 23:37:49,017 - Log -INFO - Wed 21:07 | 
2023-11-22 23:37:49,123 - Log -INFO - Chicago | 
2023-11-22 23:37:49,241 - Log -INFO - Wed 12:07 | 
2023-11-22 23:37:49,368 - Log -INFO - Kuala Lumpur | 
2023-11-22 23:37:49,498 - Log -INFO - Thu 02:07 | 
2023-11-22 23:37:49,649 - Log -INFO - Rio de Janeiro | 
2023-11-22 23:37:49,779 - Log -INFO - Wed 15:07 | 
2023-11-22 23:37:50,047 - Log -INFO - Adelaide * | 
2023-11-22 23:37:50,176 - Log -INFO - Thu 04:37 | 
2023-11-22 23:37:50,270 - Log -INFO - Copenhagen | 
2023-11-22 23:37:50,379 - Log -INFO - Wed 19:07 | 
2023-11-22 23:37:50,502 - Log -INFO - Kuwait City | 
2023-11-22 23:37:50,826 - Log -INFO - Wed 21:07 | 
2023-11-22 23:37:51,012 - Log -INFO - Riyadh | 
2023-11-22 23:37:51,161 - Log -INFO - Wed 21:07 | 
2023-11-22 23:37:51,351 - Log -INFO - Algiers | 
2023-11-22 23:37:51,579 - Log -INFO - Wed 19:07 | 
2023-11-22 23:37:51,768 - Log -INFO - Dallas | 
2023-11-22 23:37:51,904 - Log -INFO - Wed 12:07 | 
2023-11-22 23:37:52,036 - Log -INFO - Kyiv | 
2023-11-22 23:37:52,162 - Log -INFO - Wed 20:07 | 
2023-11-22 23:37:52,315 - Log -INFO - Rome | 
2023-11-22 23:37:52,459 - Log -INFO - Wed 19:07 | 
2023-11-22 23:37:52,660 - Log -INFO - Almaty | 
2023-11-22 23:37:52,788 - Log -INFO - Thu 00:07 | 
2023-11-22 23:37:52,944 - Log -INFO - Dar es Salaam | 
2023-11-22 23:37:53,055 - Log -INFO - Wed 21:07 | 
2023-11-22 23:37:53,160 - Log -INFO - La Paz | 
2023-11-22 23:37:53,287 - Log -INFO - Wed 14:07 | 
2023-11-22 23:37:53,414 - Log -INFO - Salt Lake City | 
2023-11-22 23:37:53,543 - Log -INFO - Wed 11:07 | 
2023-11-22 23:37:53,690 - Log -INFO - Amman | 
2023-11-22 23:37:53,799 - Log -INFO - Wed 21:07 | 
2023-11-22 23:37:53,902 - Log -INFO - Darwin | 
2023-11-22 23:37:54,118 - Log -INFO - Thu 03:37 | 
2023-11-22 23:37:54,213 - Log -INFO - Lagos | 
2023-11-22 23:37:54,331 - Log -INFO - Wed 19:07 | 
2023-11-22 23:37:54,432 - Log -INFO - San Francisco | 
2023-11-22 23:37:54,539 - Log -INFO - Wed 10:07 | 
2023-11-22 23:37:54,719 - Log -INFO - Amsterdam | 
2023-11-22 23:37:54,815 - Log -INFO - Wed 19:07 | 
2023-11-22 23:37:54,921 - Log -INFO - Denver | 
2023-11-22 23:37:55,018 - Log -INFO - Wed 11:07 | 
2023-11-22 23:37:55,127 - Log -INFO - Lahore | 
2023-11-22 23:37:55,275 - Log -INFO - Wed 23:07 | 
2023-11-22 23:37:55,496 - Log -INFO - San Juan | 
2023-11-22 23:37:55,608 - Log -INFO - Wed 14:07 | 
2023-11-22 23:37:55,858 - Log -INFO - Anadyr | 
2023-11-22 23:37:55,952 - Log -INFO - Thu 06:07 | 
2023-11-22 23:37:56,063 - Log -INFO - Detroit | 
2023-11-22 23:37:56,179 - Log -INFO - Wed 13:07 | 
2023-11-22 23:37:56,343 - Log -INFO - Las Vegas | 
2023-11-22 23:37:56,441 - Log -INFO - Wed 10:07 | 
2023-11-22 23:37:56,549 - Log -INFO - San Salvador | 
2023-11-22 23:37:56,685 - Log -INFO - Wed 12:07 | 
2023-11-22 23:37:56,913 - Log -INFO - Anchorage | 
2023-11-22 23:37:57,046 - Log -INFO - Wed 09:07 | 
2023-11-22 23:37:57,294 - Log -INFO - Dhaka | 
2023-11-22 23:37:57,477 - Log -INFO - Thu 00:07 | 
2023-11-22 23:37:57,582 - Log -INFO - Lima | 
2023-11-22 23:37:57,726 - Log -INFO - Wed 13:07 | 
2023-11-22 23:37:57,914 - Log -INFO - Santiago * | 
2023-11-22 23:37:58,031 - Log -INFO - Wed 15:07 | 
2023-11-22 23:37:58,181 - Log -INFO - Ankara | 
2023-11-22 23:37:58,266 - Log -INFO - Wed 21:07 | 
2023-11-22 23:37:58,381 - Log -INFO - Doha | 
2023-11-22 23:37:58,476 - Log -INFO - Wed 21:07 | 
2023-11-22 23:37:58,621 - Log -INFO - Lisbon | 
2023-11-22 23:37:58,709 - Log -INFO - Wed 18:07 | 
2023-11-22 23:37:58,816 - Log -INFO - Santo Domingo | 
2023-11-22 23:37:58,928 - Log -INFO - Wed 14:07 | 
2023-11-22 23:37:59,079 - Log -INFO - Antananarivo | 
2023-11-22 23:37:59,177 - Log -INFO - Wed 21:07 | 
2023-11-22 23:37:59,261 - Log -INFO - Dubai | 
2023-11-22 23:37:59,364 - Log -INFO - Wed 22:07 | 
2023-11-22 23:37:59,488 - Log -INFO - London | 
2023-11-22 23:37:59,624 - Log -INFO - Wed 18:07 | 
2023-11-22 23:37:59,748 - Log -INFO - São Paulo | 
2023-11-22 23:37:59,834 - Log -INFO - Wed 15:07 | 
2023-11-22 23:37:59,992 - Log -INFO - Asuncion * | 
2023-11-22 23:38:00,118 - Log -INFO - Wed 15:07 | 
2023-11-22 23:38:00,246 - Log -INFO - Dublin | 
2023-11-22 23:38:00,342 - Log -INFO - Wed 18:07 | 
2023-11-22 23:38:00,460 - Log -INFO - Los Angeles | 
2023-11-22 23:38:00,550 - Log -INFO - Wed 10:07 | 
2023-11-22 23:38:00,645 - Log -INFO - Seattle | 
2023-11-22 23:38:00,772 - Log -INFO - Wed 10:07 | 
2023-11-22 23:38:00,899 - Log -INFO - Athens | 
2023-11-22 23:38:00,991 - Log -INFO - Wed 20:07 | 
2023-11-22 23:38:01,086 - Log -INFO - Edmonton | 
2023-11-22 23:38:01,184 - Log -INFO - Wed 11:07 | 
2023-11-22 23:38:01,275 - Log -INFO - Madrid | 
2023-11-22 23:38:01,387 - Log -INFO - Wed 19:07 | 
2023-11-22 23:38:01,495 - Log -INFO - Seoul | 
2023-11-22 23:38:01,624 - Log -INFO - Thu 03:07 | 
2023-11-22 23:38:01,757 - Log -INFO - Atlanta | 
2023-11-22 23:38:01,860 - Log -INFO - Wed 13:07 | 
2023-11-22 23:38:01,987 - Log -INFO - Frankfurt | 
2023-11-22 23:38:02,083 - Log -INFO - Wed 19:07 | 
2023-11-22 23:38:02,169 - Log -INFO - Managua | 
2023-11-22 23:38:02,276 - Log -INFO - Wed 12:07 | 
2023-11-22 23:38:02,381 - Log -INFO - Shanghai | 
2023-11-22 23:38:02,505 - Log -INFO - Thu 02:07 | 
2023-11-22 23:38:02,665 - Log -INFO - Auckland * | 
2023-11-22 23:38:02,875 - Log -INFO - Thu 07:07 | 
2023-11-22 23:38:02,970 - Log -INFO - Guatemala City | 
2023-11-22 23:38:03,135 - Log -INFO - Wed 12:07 | 
2023-11-22 23:38:04,059 - Log -INFO - Manila | 
2023-11-22 23:38:04,193 - Log -INFO - Thu 02:07 | 
2023-11-22 23:38:04,318 - Log -INFO - Singapore | 
2023-11-22 23:38:04,443 - Log -INFO - Thu 02:07 | 
2023-11-22 23:38:04,720 - Log -INFO - Baghdad | 
2023-11-22 23:38:04,945 - Log -INFO - Wed 21:07 | 
2023-11-22 23:38:05,082 - Log -INFO - Halifax | 
2023-11-22 23:38:05,191 - Log -INFO - Wed 14:07 | 
2023-11-22 23:38:05,325 - Log -INFO - Melbourne * | 
2023-11-22 23:38:05,624 - Log -INFO - Thu 05:07 | 
2023-11-22 23:38:05,851 - Log -INFO - Sofia | 
2023-11-22 23:38:06,562 - Log -INFO - Wed 20:07 | 
2023-11-22 23:38:07,225 - Log -INFO - Bangkok | 
2023-11-22 23:38:07,992 - Log -INFO - Thu 01:07 | 
2023-11-22 23:38:08,537 - Log -INFO - Hanoi | 
2023-11-22 23:38:09,129 - Log -INFO - Thu 01:07 | 
2023-11-22 23:38:09,385 - Log -INFO - Mexico City | 
2023-11-22 23:38:09,575 - Log -INFO - Wed 12:07 | 
2023-11-22 23:38:09,684 - Log -INFO - St. John's | 
2023-11-22 23:38:09,939 - Log -INFO - Wed 14:37 | 
2023-11-22 23:38:10,258 - Log -INFO - Barcelona | 
2023-11-22 23:38:10,352 - Log -INFO - Wed 19:07 | 
2023-11-22 23:38:10,491 - Log -INFO - Harare | 
2023-11-22 23:38:10,593 - Log -INFO - Wed 20:07 | 
2023-11-22 23:38:10,724 - Log -INFO - Miami | 
2023-11-22 23:38:10,830 - Log -INFO - Wed 13:07 | 
2023-11-22 23:38:11,048 - Log -INFO - Stockholm | 
2023-11-22 23:38:12,656 - Log -INFO - Wed 19:07 | 
2023-11-22 23:38:13,226 - Log -INFO - Beijing | 
2023-11-22 23:38:14,273 - Log -INFO - Thu 02:07 | 
2023-11-22 23:38:17,564 - Log -INFO - Havana | 
2023-11-22 23:38:18,274 - Log -INFO - Wed 13:07 | 
2023-11-22 23:38:18,527 - Log -INFO - Minneapolis | 
2023-11-22 23:38:18,815 - Log -INFO - Wed 12:07 | 
2023-11-22 23:38:18,956 - Log -INFO - Suva | 
2023-11-22 23:38:19,088 - Log -INFO - Thu 06:07 | 
2023-11-22 23:38:19,488 - Log -INFO - Beirut | 
2023-11-22 23:38:19,667 - Log -INFO - Wed 20:07 | 
2023-11-22 23:38:19,838 - Log -INFO - Helsinki | 
2023-11-22 23:38:19,985 - Log -INFO - Wed 20:07 | 
2023-11-22 23:38:20,412 - Log -INFO - Minsk | 
2023-11-22 23:38:20,652 - Log -INFO - Wed 21:07 | 
2023-11-22 23:38:20,748 - Log -INFO - Sydney * | 
2023-11-22 23:38:20,893 - Log -INFO - Thu 05:07 | 
2023-11-22 23:38:21,355 - Log -INFO - Belgrade | 
2023-11-22 23:38:21,493 - Log -INFO - Wed 19:07 | 
2023-11-22 23:38:21,616 - Log -INFO - Hong Kong | 
2023-11-22 23:38:21,814 - Log -INFO - Thu 02:07 | 
2023-11-22 23:38:22,072 - Log -INFO - Montevideo | 
2023-11-22 23:38:22,212 - Log -INFO - Wed 15:07 | 
2023-11-22 23:38:22,637 - Log -INFO - Taipei | 
2023-11-22 23:38:22,790 - Log -INFO - Thu 02:07 | 
2023-11-22 23:38:23,050 - Log -INFO - Bengaluru | 
2023-11-22 23:38:23,215 - Log -INFO - Wed 23:37 | 
2023-11-22 23:38:23,382 - Log -INFO - Honolulu | 
2023-11-22 23:38:23,587 - Log -INFO - Wed 08:07 | 
2023-11-22 23:38:23,889 - Log -INFO - Montréal | 
2023-11-22 23:38:24,221 - Log -INFO - Wed 13:07 | 
2023-11-22 23:38:24,321 - Log -INFO - Tallinn | 
2023-11-22 23:38:25,448 - Log -INFO - Wed 20:07 | 
2023-11-22 23:38:25,741 - Log -INFO - Berlin | 
2023-11-22 23:38:25,903 - Log -INFO - Wed 19:07 | 
2023-11-22 23:38:26,024 - Log -INFO - Houston | 
2023-11-22 23:38:26,153 - Log -INFO - Wed 12:07 | 
2023-11-22 23:38:26,279 - Log -INFO - Moscow | 
2023-11-22 23:38:26,543 - Log -INFO - Wed 21:07 | 
2023-11-22 23:38:27,013 - Log -INFO - Tashkent | 
2023-11-22 23:38:27,108 - Log -INFO - Wed 23:07 | 
2023-11-22 23:38:27,270 - Log -INFO - Bogota | 
2023-11-22 23:38:27,430 - Log -INFO - Wed 13:07 | 
2023-11-22 23:38:27,699 - Log -INFO - Indianapolis | 
2023-11-22 23:38:27,808 - Log -INFO - Wed 13:07 | 
2023-11-22 23:38:27,990 - Log -INFO - Mumbai | 
2023-11-22 23:38:28,252 - Log -INFO - Wed 23:37 | 
2023-11-22 23:38:28,422 - Log -INFO - Tegucigalpa | 
2023-11-22 23:38:28,627 - Log -INFO - Wed 12:07 | 
2023-11-22 23:38:28,853 - Log -INFO - Boston | 
2023-11-22 23:38:28,955 - Log -INFO - Wed 13:07 | 
2023-11-22 23:38:29,084 - Log -INFO - Islamabad | 
2023-11-22 23:38:29,292 - Log -INFO - Wed 23:07 | 
2023-11-22 23:38:29,505 - Log -INFO - Nairobi | 
2023-11-22 23:38:29,605 - Log -INFO - Wed 21:07 | 
2023-11-22 23:38:29,739 - Log -INFO - Tehran | 
2023-11-22 23:38:29,870 - Log -INFO - Wed 21:37 | 
2023-11-22 23:38:30,048 - Log -INFO - Brasilia | 
2023-11-22 23:38:30,176 - Log -INFO - Wed 15:07 | 
2023-11-22 23:38:30,289 - Log -INFO - Istanbul | 
2023-11-22 23:38:30,544 - Log -INFO - Wed 21:07 | 
2023-11-22 23:38:30,705 - Log -INFO - Nassau | 
2023-11-22 23:38:30,794 - Log -INFO - Wed 13:07 | 
2023-11-22 23:38:31,162 - Log -INFO - Tokyo | 
2023-11-22 23:38:31,259 - Log -INFO - Thu 03:07 | 
2023-11-22 23:38:31,583 - Log -INFO - Brisbane | 
2023-11-22 23:38:31,677 - Log -INFO - Thu 04:07 | 
2023-11-22 23:38:31,797 - Log -INFO - Jakarta | 
2023-11-22 23:38:31,934 - Log -INFO - Thu 01:07 | 
2023-11-22 23:38:32,122 - Log -INFO - New Delhi | 
2023-11-22 23:38:32,228 - Log -INFO - Wed 23:37 | 
2023-11-22 23:38:32,417 - Log -INFO - Toronto | 
2023-11-22 23:38:32,650 - Log -INFO - Wed 13:07 | 
2023-11-22 23:38:32,812 - Log -INFO - Brussels | 
2023-11-22 23:38:32,920 - Log -INFO - Wed 19:07 | 
2023-11-22 23:38:33,023 - Log -INFO - Jerusalem | 
2023-11-22 23:38:33,209 - Log -INFO - Wed 20:07 | 
2023-11-22 23:38:33,956 - Log -INFO - New Orleans | 
2023-11-22 23:38:34,056 - Log -INFO - Wed 12:07 | 
2023-11-22 23:38:34,212 - Log -INFO - Vancouver | 
2023-11-22 23:38:34,328 - Log -INFO - Wed 10:07 | 
2023-11-22 23:38:34,503 - Log -INFO - Bucharest | 
2023-11-22 23:38:34,869 - Log -INFO - Wed 20:07 | 
2023-11-22 23:38:34,969 - Log -INFO - Johannesburg | 
2023-11-22 23:38:35,093 - Log -INFO - Wed 20:07 | 
2023-11-22 23:38:35,213 - Log -INFO - New York | 
2023-11-22 23:38:35,395 - Log -INFO - Wed 13:07 | 
2023-11-22 23:38:35,528 - Log -INFO - Vienna | 
2023-11-22 23:38:35,749 - Log -INFO - Wed 19:07 | 
2023-11-22 23:38:35,967 - Log -INFO - Budapest | 
2023-11-22 23:38:36,384 - Log -INFO - Wed 19:07 | 
2023-11-22 23:38:36,505 - Log -INFO - Kabul | 
2023-11-22 23:38:36,667 - Log -INFO - Wed 22:37 | 
2023-11-22 23:38:36,779 - Log -INFO - Oslo | 
2023-11-22 23:38:37,173 - Log -INFO - Wed 19:07 | 
2023-11-22 23:38:37,353 - Log -INFO - Warsaw | 
2023-11-22 23:38:37,541 - Log -INFO - Wed 19:07 | 
2023-11-22 23:38:37,757 - Log -INFO - Buenos Aires | 
2023-11-22 23:38:37,881 - Log -INFO - Wed 15:07 | 
2023-11-22 23:38:38,102 - Log -INFO - Karachi | 
2023-11-22 23:38:38,255 - Log -INFO - Wed 23:07 | 
2023-11-22 23:38:38,376 - Log -INFO - Ottawa | 
2023-11-22 23:38:38,485 - Log -INFO - Wed 13:07 | 
2023-11-22 23:38:38,680 - Log -INFO - Washington DC | 
2023-11-22 23:38:38,829 - Log -INFO - Wed 13:07 | 
2023-11-22 23:38:39,130 - Log -INFO - Cairo | 
2023-11-22 23:38:39,237 - Log -INFO - Wed 20:07 | 
2023-11-22 23:38:39,364 - Log -INFO - Kathmandu | 
2023-11-22 23:38:39,460 - Log -INFO - Wed 23:52 | 
2023-11-22 23:38:39,565 - Log -INFO - Paris | 
2023-11-22 23:38:39,766 - Log -INFO - Wed 19:07 | 
2023-11-22 23:38:39,909 - Log -INFO - Winnipeg | 
2023-11-22 23:38:40,024 - Log -INFO - Wed 12:07 | 
2023-11-22 23:38:40,415 - Log -INFO - Calgary | 
2023-11-22 23:38:40,592 - Log -INFO - Wed 11:07 | 
2023-11-22 23:38:40,726 - Log -INFO - Khartoum | 
2023-11-22 23:38:40,836 - Log -INFO - Wed 20:07 | 
2023-11-22 23:38:40,953 - Log -INFO - Perth | 
2023-11-22 23:38:41,051 - Log -INFO - Thu 02:07 | 
2023-11-22 23:38:41,186 - Log -INFO - Yangon | 
2023-11-22 23:38:41,438 - Log -INFO - Thu 00:37 | 
2023-11-22 23:38:41,693 - Log -INFO - Canberra * | 
2023-11-22 23:38:41,804 - Log -INFO - Thu 05:07 | 
2023-11-22 23:38:42,022 - Log -INFO - Kingston | 
2023-11-22 23:38:42,134 - Log -INFO - Wed 13:07 | 
2023-11-22 23:38:42,276 - Log -INFO - Philadelphia | 
2023-11-22 23:38:42,479 - Log -INFO - Wed 13:07 | 
2023-11-22 23:38:42,669 - Log -INFO - Zagreb | 
2023-11-22 23:38:42,823 - Log -INFO - Wed 19:07 | 
2023-11-22 23:38:43,052 - Log -INFO - Cape Town | 
2023-11-22 23:38:43,200 - Log -INFO - Wed 20:07 | 
2023-11-22 23:38:43,384 - Log -INFO - Kinshasa | 
2023-11-22 23:38:43,774 - Log -INFO - Wed 19:07 | 
2023-11-22 23:38:43,870 - Log -INFO - Phoenix | 
2023-11-22 23:38:43,968 - Log -INFO - Wed 11:07 | 
2023-11-22 23:38:44,064 - Log -INFO - Zürich | 
2023-11-22 23:38:44,154 - Log -INFO - Wed 19:07 | 
2023-11-22 23:38:44,300 - Log -INFO - Caracas | 
2023-11-22 23:38:44,390 - Log -INFO - Wed 14:07 | 
2023-11-22 23:38:44,491 - Log -INFO - Kiritimati | 
2023-11-22 23:38:44,605 - Log -INFO - Thu 08:07 | 
2023-11-22 23:38:44,696 - Log -INFO - Prague | 
2023-11-22 23:38:44,806 - Log -INFO - Wed 19:07 | 
2023-11-22 23:38:44,903 - Log -INFO -  | 
2023-11-22 23:38:44,991 - Log -INFO -  | 
2023-11-22 23:38:47,141 - Log -INFO - Successfully closed the browser
2023-11-22 23:42:51,280 - Log -INFO - Successfully Navigated to TimeandDate Application
2023-11-22 23:42:53,182 - Log -INFO - Accra
2023-11-22 23:42:53,274 - Log -INFO - Wed 18:12
2023-11-22 23:42:53,439 - Log -INFO - Casablanca *
2023-11-22 23:42:53,594 - Log -INFO - Wed 19:12
2023-11-22 23:42:53,768 - Log -INFO - Kolkata
2023-11-22 23:42:53,884 - Log -INFO - Wed 23:42
2023-11-22 23:42:54,081 - Log -INFO - Reykjavik
2023-11-22 23:42:54,233 - Log -INFO - Wed 18:12
2023-11-22 23:42:54,265 - Log -INFO - |
2023-11-22 23:42:54,428 - Log -INFO - Addis Ababa
2023-11-22 23:42:54,534 - Log -INFO - Wed 21:12
2023-11-22 23:42:54,630 - Log -INFO - Chicago
2023-11-22 23:42:54,754 - Log -INFO - Wed 12:12
2023-11-22 23:42:54,881 - Log -INFO - Kuala Lumpur
2023-11-22 23:42:54,985 - Log -INFO - Thu 02:12
2023-11-22 23:42:55,115 - Log -INFO - Rio de Janeiro
2023-11-22 23:42:55,246 - Log -INFO - Wed 15:12
2023-11-22 23:42:55,268 - Log -INFO - |
2023-11-22 23:42:55,690 - Log -INFO - Adelaide *
2023-11-22 23:42:55,794 - Log -INFO - Thu 04:42
2023-11-22 23:42:55,979 - Log -INFO - Copenhagen
2023-11-22 23:42:56,117 - Log -INFO - Wed 19:12
2023-11-22 23:42:56,227 - Log -INFO - Kuwait City
2023-11-22 23:42:56,337 - Log -INFO - Wed 21:12
2023-11-22 23:42:56,448 - Log -INFO - Riyadh
2023-11-22 23:42:56,583 - Log -INFO - Wed 21:12
2023-11-22 23:42:56,598 - Log -INFO - |
2023-11-22 23:42:56,767 - Log -INFO - Algiers
2023-11-22 23:42:56,901 - Log -INFO - Wed 19:12
2023-11-22 23:42:57,089 - Log -INFO - Dallas
2023-11-22 23:42:57,235 - Log -INFO - Wed 12:12
2023-11-22 23:42:57,363 - Log -INFO - Kyiv
2023-11-22 23:42:57,639 - Log -INFO - Wed 20:12
2023-11-22 23:42:57,821 - Log -INFO - Rome
2023-11-22 23:42:57,928 - Log -INFO - Wed 19:12
2023-11-22 23:42:57,960 - Log -INFO - |
2023-11-22 23:42:58,154 - Log -INFO - Almaty
2023-11-22 23:42:58,247 - Log -INFO - Thu 00:12
2023-11-22 23:42:58,359 - Log -INFO - Dar es Salaam
2023-11-22 23:42:58,476 - Log -INFO - Wed 21:12
2023-11-22 23:42:58,604 - Log -INFO - La Paz
2023-11-22 23:42:58,769 - Log -INFO - Wed 14:12
2023-11-22 23:42:58,889 - Log -INFO - Salt Lake City
2023-11-22 23:42:58,989 - Log -INFO - Wed 11:12
2023-11-22 23:42:59,014 - Log -INFO - |
2023-11-22 23:42:59,156 - Log -INFO - Amman
2023-11-22 23:42:59,273 - Log -INFO - Wed 21:12
2023-11-22 23:42:59,370 - Log -INFO - Darwin
2023-11-22 23:42:59,562 - Log -INFO - Thu 03:42
2023-11-22 23:42:59,656 - Log -INFO - Lagos
2023-11-22 23:42:59,794 - Log -INFO - Wed 19:12
2023-11-22 23:42:59,892 - Log -INFO - San Francisco
2023-11-22 23:42:59,984 - Log -INFO - Wed 10:12
2023-11-22 23:42:59,996 - Log -INFO - |
2023-11-22 23:43:00,196 - Log -INFO - Amsterdam
2023-11-22 23:43:00,289 - Log -INFO - Wed 19:12
2023-11-22 23:43:00,453 - Log -INFO - Denver
2023-11-22 23:43:00,556 - Log -INFO - Wed 11:12
2023-11-22 23:43:00,699 - Log -INFO - Lahore
2023-11-22 23:43:00,785 - Log -INFO - Wed 23:12
2023-11-22 23:43:00,911 - Log -INFO - San Juan
2023-11-22 23:43:01,014 - Log -INFO - Wed 14:12
2023-11-22 23:43:01,032 - Log -INFO - |
2023-11-22 23:43:01,183 - Log -INFO - Anadyr
2023-11-22 23:43:01,277 - Log -INFO - Thu 06:12
2023-11-22 23:43:01,376 - Log -INFO - Detroit
2023-11-22 23:43:01,479 - Log -INFO - Wed 13:12
2023-11-22 23:43:01,596 - Log -INFO - Las Vegas
2023-11-22 23:43:01,707 - Log -INFO - Wed 10:12
2023-11-22 23:43:01,794 - Log -INFO - San Salvador
2023-11-22 23:43:01,897 - Log -INFO - Wed 12:12
2023-11-22 23:43:01,913 - Log -INFO - |
2023-11-22 23:43:02,062 - Log -INFO - Anchorage
2023-11-22 23:43:02,174 - Log -INFO - Wed 09:12
2023-11-22 23:43:02,292 - Log -INFO - Dhaka
2023-11-22 23:43:02,382 - Log -INFO - Thu 00:12
2023-11-22 23:43:02,549 - Log -INFO - Lima
2023-11-22 23:43:02,860 - Log -INFO - Wed 13:13
2023-11-22 23:43:02,952 - Log -INFO - Santiago *
2023-11-22 23:43:03,056 - Log -INFO - Wed 15:13
2023-11-22 23:43:03,067 - Log -INFO - |
2023-11-22 23:43:03,228 - Log -INFO - Ankara
2023-11-22 23:43:03,327 - Log -INFO - Wed 21:13
2023-11-22 23:43:03,417 - Log -INFO - Doha
2023-11-22 23:43:03,528 - Log -INFO - Wed 21:13
2023-11-22 23:43:03,632 - Log -INFO - Lisbon
2023-11-22 23:43:03,776 - Log -INFO - Wed 18:13
2023-11-22 23:43:03,968 - Log -INFO - Santo Domingo
2023-11-22 23:43:04,075 - Log -INFO - Wed 14:13
2023-11-22 23:43:04,084 - Log -INFO - |
2023-11-22 23:43:04,209 - Log -INFO - Antananarivo
2023-11-22 23:43:04,304 - Log -INFO - Wed 21:13
2023-11-22 23:43:04,395 - Log -INFO - Dubai
2023-11-22 23:43:04,485 - Log -INFO - Wed 22:13
2023-11-22 23:43:04,646 - Log -INFO - London
2023-11-22 23:43:04,749 - Log -INFO - Wed 18:13
2023-11-22 23:43:04,893 - Log -INFO - São Paulo
2023-11-22 23:43:04,976 - Log -INFO - Wed 15:13
2023-11-22 23:43:04,984 - Log -INFO - |
2023-11-22 23:43:05,119 - Log -INFO - Asuncion *
2023-11-22 23:43:05,211 - Log -INFO - Wed 15:13
2023-11-22 23:43:05,293 - Log -INFO - Dublin
2023-11-22 23:43:05,433 - Log -INFO - Wed 18:13
2023-11-22 23:43:05,528 - Log -INFO - Los Angeles
2023-11-22 23:43:05,638 - Log -INFO - Wed 10:13
2023-11-22 23:43:05,741 - Log -INFO - Seattle
2023-11-22 23:43:05,832 - Log -INFO - Wed 10:13
2023-11-22 23:43:05,843 - Log -INFO - |
2023-11-22 23:43:05,985 - Log -INFO - Athens
2023-11-22 23:43:06,071 - Log -INFO - Wed 20:13
2023-11-22 23:43:06,176 - Log -INFO - Edmonton
2023-11-22 23:43:06,325 - Log -INFO - Wed 11:13
2023-11-22 23:43:06,607 - Log -INFO - Madrid
2023-11-22 23:43:06,812 - Log -INFO - Wed 19:13
2023-11-22 23:43:06,949 - Log -INFO - Seoul
2023-11-22 23:43:07,144 - Log -INFO - Thu 03:13
2023-11-22 23:43:07,159 - Log -INFO - |
2023-11-22 23:43:07,366 - Log -INFO - Atlanta
2023-11-22 23:43:07,608 - Log -INFO - Wed 13:13
2023-11-22 23:43:07,808 - Log -INFO - Frankfurt
2023-11-22 23:43:07,940 - Log -INFO - Wed 19:13
2023-11-22 23:43:08,061 - Log -INFO - Managua
2023-11-22 23:43:08,180 - Log -INFO - Wed 12:13
2023-11-22 23:43:08,276 - Log -INFO - Shanghai
2023-11-22 23:43:08,358 - Log -INFO - Thu 02:13
2023-11-22 23:43:08,366 - Log -INFO - |
2023-11-22 23:43:08,561 - Log -INFO - Auckland *
2023-11-22 23:43:08,865 - Log -INFO - Thu 07:13
2023-11-22 23:43:09,069 - Log -INFO - Guatemala City
2023-11-22 23:43:09,193 - Log -INFO - Wed 12:13
2023-11-22 23:43:09,390 - Log -INFO - Manila
2023-11-22 23:43:09,511 - Log -INFO - Thu 02:13
2023-11-22 23:43:09,605 - Log -INFO - Singapore
2023-11-22 23:43:09,709 - Log -INFO - Thu 02:13
2023-11-22 23:43:09,718 - Log -INFO - |
2023-11-22 23:43:09,869 - Log -INFO - Baghdad
2023-11-22 23:43:09,965 - Log -INFO - Wed 21:13
2023-11-22 23:43:10,062 - Log -INFO - Halifax
2023-11-22 23:43:10,164 - Log -INFO - Wed 14:13
2023-11-22 23:43:10,351 - Log -INFO - Melbourne *
2023-11-22 23:43:10,456 - Log -INFO - Thu 05:13
2023-11-22 23:43:10,599 - Log -INFO - Sofia
2023-11-22 23:43:10,746 - Log -INFO - Wed 20:13
2023-11-22 23:43:10,755 - Log -INFO - |
2023-11-22 23:43:10,903 - Log -INFO - Bangkok
2023-11-22 23:43:11,016 - Log -INFO - Thu 01:13
2023-11-22 23:43:11,132 - Log -INFO - Hanoi
2023-11-22 23:43:11,219 - Log -INFO - Thu 01:13
2023-11-22 23:43:11,319 - Log -INFO - Mexico City
2023-11-22 23:43:11,404 - Log -INFO - Wed 12:13
2023-11-22 23:43:11,534 - Log -INFO - St. John's
2023-11-22 23:43:11,611 - Log -INFO - Wed 14:43
2023-11-22 23:43:11,617 - Log -INFO - |
2023-11-22 23:43:11,759 - Log -INFO - Barcelona
2023-11-22 23:43:11,867 - Log -INFO - Wed 19:13
2023-11-22 23:43:11,951 - Log -INFO - Harare
2023-11-22 23:43:12,077 - Log -INFO - Wed 20:13
2023-11-22 23:43:12,162 - Log -INFO - Miami
2023-11-22 23:43:12,254 - Log -INFO - Wed 13:13
2023-11-22 23:43:12,345 - Log -INFO - Stockholm
2023-11-22 23:43:12,445 - Log -INFO - Wed 19:13
2023-11-22 23:43:12,452 - Log -INFO - |
2023-11-22 23:43:12,649 - Log -INFO - Beijing
2023-11-22 23:43:12,806 - Log -INFO - Thu 02:13
2023-11-22 23:43:13,002 - Log -INFO - Havana
2023-11-22 23:43:13,151 - Log -INFO - Wed 13:13
2023-11-22 23:43:13,245 - Log -INFO - Minneapolis
2023-11-22 23:43:13,331 - Log -INFO - Wed 12:13
2023-11-22 23:43:13,419 - Log -INFO - Suva
2023-11-22 23:43:13,522 - Log -INFO - Thu 06:13
2023-11-22 23:43:13,530 - Log -INFO - |
2023-11-22 23:43:13,750 - Log -INFO - Beirut
2023-11-22 23:43:13,846 - Log -INFO - Wed 20:13
2023-11-22 23:43:13,947 - Log -INFO - Helsinki
2023-11-22 23:43:14,041 - Log -INFO - Wed 20:13
2023-11-22 23:43:14,134 - Log -INFO - Minsk
2023-11-22 23:43:14,240 - Log -INFO - Wed 21:13
2023-11-22 23:43:14,340 - Log -INFO - Sydney *
2023-11-22 23:43:14,439 - Log -INFO - Thu 05:13
2023-11-22 23:43:14,453 - Log -INFO - |
2023-11-22 23:43:14,648 - Log -INFO - Belgrade
2023-11-22 23:43:15,112 - Log -INFO - Wed 19:13
2023-11-22 23:43:15,789 - Log -INFO - Hong Kong
2023-11-22 23:43:15,960 - Log -INFO - Thu 02:13
2023-11-22 23:43:16,315 - Log -INFO - Montevideo
2023-11-22 23:43:16,491 - Log -INFO - Wed 15:13
2023-11-22 23:43:17,241 - Log -INFO - Taipei
2023-11-22 23:43:17,409 - Log -INFO - Thu 02:13
2023-11-22 23:43:17,426 - Log -INFO - |
2023-11-22 23:43:17,755 - Log -INFO - Bengaluru
2023-11-22 23:43:18,100 - Log -INFO - Wed 23:43
2023-11-22 23:43:18,374 - Log -INFO - Honolulu
2023-11-22 23:43:19,191 - Log -INFO - Wed 08:13
2023-11-22 23:43:19,346 - Log -INFO - Montréal
2023-11-22 23:43:19,533 - Log -INFO - Wed 13:13
2023-11-22 23:43:19,811 - Log -INFO - Tallinn
2023-11-22 23:43:20,075 - Log -INFO - Wed 20:13
2023-11-22 23:43:20,108 - Log -INFO - |
2023-11-22 23:43:20,384 - Log -INFO - Berlin
2023-11-22 23:43:20,483 - Log -INFO - Wed 19:13
2023-11-22 23:43:20,729 - Log -INFO - Houston
2023-11-22 23:43:21,064 - Log -INFO - Wed 12:13
2023-11-22 23:43:21,273 - Log -INFO - Moscow
2023-11-22 23:43:21,499 - Log -INFO - Wed 21:13
2023-11-22 23:43:21,965 - Log -INFO - Tashkent
2023-11-22 23:43:22,443 - Log -INFO - Wed 23:13
2023-11-22 23:43:22,455 - Log -INFO - |
2023-11-22 23:43:22,652 - Log -INFO - Bogota
2023-11-22 23:43:22,798 - Log -INFO - Wed 13:13
2023-11-22 23:43:22,963 - Log -INFO - Indianapolis
2023-11-22 23:43:23,091 - Log -INFO - Wed 13:13
2023-11-22 23:43:23,211 - Log -INFO - Mumbai
2023-11-22 23:43:23,329 - Log -INFO - Wed 23:43
2023-11-22 23:43:23,429 - Log -INFO - Tegucigalpa
2023-11-22 23:43:23,602 - Log -INFO - Wed 12:13
2023-11-22 23:43:23,610 - Log -INFO - |
2023-11-22 23:43:23,778 - Log -INFO - Boston
2023-11-22 23:43:23,879 - Log -INFO - Wed 13:13
2023-11-22 23:43:24,092 - Log -INFO - Islamabad
2023-11-22 23:43:24,244 - Log -INFO - Wed 23:13
2023-11-22 23:43:24,346 - Log -INFO - Nairobi
2023-11-22 23:43:24,455 - Log -INFO - Wed 21:13
2023-11-22 23:43:24,567 - Log -INFO - Tehran
2023-11-22 23:43:24,775 - Log -INFO - Wed 21:43
2023-11-22 23:43:24,782 - Log -INFO - |
2023-11-22 23:43:24,928 - Log -INFO - Brasilia
2023-11-22 23:43:25,021 - Log -INFO - Wed 15:13
2023-11-22 23:43:25,116 - Log -INFO - Istanbul
2023-11-22 23:43:25,273 - Log -INFO - Wed 21:13
2023-11-22 23:43:25,373 - Log -INFO - Nassau
2023-11-22 23:43:25,465 - Log -INFO - Wed 13:13
2023-11-22 23:43:25,579 - Log -INFO - Tokyo
2023-11-22 23:43:25,678 - Log -INFO - Thu 03:13
2023-11-22 23:43:25,695 - Log -INFO - |
2023-11-22 23:43:25,855 - Log -INFO - Brisbane
2023-11-22 23:43:25,986 - Log -INFO - Thu 04:13
2023-11-22 23:43:26,092 - Log -INFO - Jakarta
2023-11-22 23:43:26,241 - Log -INFO - Thu 01:13
2023-11-22 23:43:26,585 - Log -INFO - New Delhi
2023-11-22 23:43:26,761 - Log -INFO - Wed 23:43
2023-11-22 23:43:26,891 - Log -INFO - Toronto
2023-11-22 23:43:26,983 - Log -INFO - Wed 13:13
2023-11-22 23:43:26,990 - Log -INFO - |
2023-11-22 23:43:27,136 - Log -INFO - Brussels
2023-11-22 23:43:27,228 - Log -INFO - Wed 19:13
2023-11-22 23:43:27,309 - Log -INFO - Jerusalem
2023-11-22 23:43:27,425 - Log -INFO - Wed 20:13
2023-11-22 23:43:27,594 - Log -INFO - New Orleans
2023-11-22 23:43:27,769 - Log -INFO - Wed 12:13
2023-11-22 23:43:27,964 - Log -INFO - Vancouver
2023-11-22 23:43:28,356 - Log -INFO - Wed 10:13
2023-11-22 23:43:28,365 - Log -INFO - |
2023-11-22 23:43:28,501 - Log -INFO - Bucharest
2023-11-22 23:43:28,603 - Log -INFO - Wed 20:13
2023-11-22 23:43:28,737 - Log -INFO - Johannesburg
2023-11-22 23:43:28,848 - Log -INFO - Wed 20:13
2023-11-22 23:43:28,991 - Log -INFO - New York
2023-11-22 23:43:29,178 - Log -INFO - Wed 13:13
2023-11-22 23:43:29,297 - Log -INFO - Vienna
2023-11-22 23:43:29,382 - Log -INFO - Wed 19:13
2023-11-22 23:43:29,391 - Log -INFO - |
2023-11-22 23:43:29,548 - Log -INFO - Budapest
2023-11-22 23:43:29,690 - Log -INFO - Wed 19:13
2023-11-22 23:43:29,788 - Log -INFO - Kabul
2023-11-22 23:43:29,879 - Log -INFO - Wed 22:43
2023-11-22 23:43:29,981 - Log -INFO - Oslo
2023-11-22 23:43:30,106 - Log -INFO - Wed 19:13
2023-11-22 23:43:30,244 - Log -INFO - Warsaw
2023-11-22 23:43:30,338 - Log -INFO - Wed 19:13
2023-11-22 23:43:30,344 - Log -INFO - |
2023-11-22 23:43:30,481 - Log -INFO - Buenos Aires
2023-11-22 23:43:30,585 - Log -INFO - Wed 15:13
2023-11-22 23:43:30,680 - Log -INFO - Karachi
2023-11-22 23:43:30,815 - Log -INFO - Wed 23:13
2023-11-22 23:43:30,907 - Log -INFO - Ottawa
2023-11-22 23:43:31,011 - Log -INFO - Wed 13:13
2023-11-22 23:43:31,098 - Log -INFO - Washington DC
2023-11-22 23:43:31,199 - Log -INFO - Wed 13:13
2023-11-22 23:43:31,209 - Log -INFO - |
2023-11-22 23:43:31,350 - Log -INFO - Cairo
2023-11-22 23:43:31,428 - Log -INFO - Wed 20:13
2023-11-22 23:43:31,517 - Log -INFO - Kathmandu
2023-11-22 23:43:31,612 - Log -INFO - Wed 23:58
2023-11-22 23:43:31,730 - Log -INFO - Paris
2023-11-22 23:43:31,821 - Log -INFO - Wed 19:13
2023-11-22 23:43:31,932 - Log -INFO - Winnipeg
2023-11-22 23:43:32,024 - Log -INFO - Wed 12:13
2023-11-22 23:43:32,033 - Log -INFO - |
2023-11-22 23:43:32,175 - Log -INFO - Calgary
2023-11-22 23:43:32,266 - Log -INFO - Wed 11:13
2023-11-22 23:43:32,358 - Log -INFO - Khartoum
2023-11-22 23:43:32,477 - Log -INFO - Wed 20:13
2023-11-22 23:43:32,569 - Log -INFO - Perth
2023-11-22 23:43:32,677 - Log -INFO - Thu 02:13
2023-11-22 23:43:32,807 - Log -INFO - Yangon
2023-11-22 23:43:32,991 - Log -INFO - Thu 00:43
2023-11-22 23:43:33,001 - Log -INFO - |
2023-11-22 23:43:33,187 - Log -INFO - Canberra *
2023-11-22 23:43:33,333 - Log -INFO - Thu 05:13
2023-11-22 23:43:33,464 - Log -INFO - Kingston
2023-11-22 23:43:33,632 - Log -INFO - Wed 13:13
2023-11-22 23:43:33,796 - Log -INFO - Philadelphia
2023-11-22 23:43:33,914 - Log -INFO - Wed 13:13
2023-11-22 23:43:34,123 - Log -INFO - Zagreb
2023-11-22 23:43:34,275 - Log -INFO - Wed 19:13
2023-11-22 23:43:34,295 - Log -INFO - |
2023-11-22 23:43:34,457 - Log -INFO - Cape Town
2023-11-22 23:43:34,638 - Log -INFO - Wed 20:13
2023-11-22 23:43:34,767 - Log -INFO - Kinshasa
2023-11-22 23:43:34,859 - Log -INFO - Wed 19:13
2023-11-22 23:43:34,959 - Log -INFO - Phoenix
2023-11-22 23:43:35,055 - Log -INFO - Wed 11:13
2023-11-22 23:43:35,151 - Log -INFO - Zürich
2023-11-22 23:43:35,255 - Log -INFO - Wed 19:13
2023-11-22 23:43:35,262 - Log -INFO - |
2023-11-22 23:43:35,410 - Log -INFO - Caracas
2023-11-22 23:43:35,504 - Log -INFO - Wed 14:13
2023-11-22 23:43:35,613 - Log -INFO - Kiritimati
2023-11-22 23:43:35,713 - Log -INFO - Thu 08:13
2023-11-22 23:43:35,821 - Log -INFO - Prague
2023-11-22 23:43:35,924 - Log -INFO - Wed 19:13
2023-11-22 23:43:36,012 - Log -INFO - 
2023-11-22 23:43:36,120 - Log -INFO - 
2023-11-22 23:43:36,131 - Log -INFO - |
2023-11-22 23:43:38,727 - Log -INFO - Successfully closed the browser
2023-11-23 09:41:14,408 - Log -INFO - http://127.0.0.1/orangehrm-4.2.0.1/symfony/web/index.php/auth/login
2023-11-23 09:41:39,343 - Log -INFO - Suresh
2023-11-23 09:41:39,738 - Log -INFO - Suresh#1234
2023-11-23 09:41:49,503 - Log -INFO - Admin
2023-11-23 09:41:50,045 - Log -INFO - Welcome Admin
2023-11-23 09:41:50,057 - Log -INFO - Succesfully Navigated to OrangeHRM Application HomePage - PASS
