[main] INFO Log - http://127.0.0.1/orangehrm-4.2.0.1/symfony/web/index.php/auth/login
[main] INFO Log - Suresh
[main] INFO Log - Suresh#1234
[main] INFO Log - Admin
[main] INFO Log - Welcome Admin
[main] INFO Log - Succesfully Navigated to OrangeHRM Application HomePage - PASS
[main] INFO Log - http://127.0.0.1/orangehrm-4.2.0.1/symfony/web/index.php/auth/login
[main] INFO Log - http://127.0.0.1/orangehrm-4.2.0.1/symfony/web/index.php/auth/login
[main] INFO Log - http://127.0.0.1/orangehrm-4.2.0.1/symfony/web/index.php/auth/login
[main] INFO Log - http://127.0.0.1/orangehrm-4.2.0.1/symfony/web/index.php/auth/login
[main] INFO Log - http://127.0.0.1/orangehrm-4.2.0.1/symfony/web/index.php/auth/login
[main] INFO Log - http://127.0.0.1/orangehrm-4.2.0.1/symfony/web/index.php/auth/login
[main] INFO Log - successfully closed trhe browser
[main] INFO Log - http://127.0.0.1/orangehrm-4.2.0.1/symfony/web/index.php/auth/login
[main] INFO Log - http://127.0.0.1/orangehrm-4.2.0.1/symfony/web/index.php/auth/login
[main] INFO Log - successfully closed trhe browser
[main] INFO Log - http://127.0.0.1/orangehrm-4.2.0.1/symfony/web/index.php/auth/login
[main] INFO Log - http://127.0.0.1/orangehrm-4.2.0.1/symfony/web/index.php/auth/login
[main] INFO Log - Suresh
[main] INFO Log - Suresh#1234
[main] INFO Log - successfully loged in
[main] INFO Log -  | 
[main] INFO Log - 0023 | 
[main] INFO Log - Akhli Puligari | 
[main] INFO Log - Akhi | 
[main] INFO Log -  | 
[main] INFO Log -  | 
[main] INFO Log -  | 
[main] INFO Log -  | 
[main] INFO Log -  | 
[main] INFO Log - 0024 | 
[main] INFO Log - Akhli Puligari | 
[main] INFO Log - Akhi | 
[main] INFO Log -  | 
[main] INFO Log -  | 
[main] INFO Log -  | 
[main] INFO Log -  | 
[main] INFO Log -  | 
[main] INFO Log - 0025 | 
[main] INFO Log - Akhli Puligari | 
[main] INFO Log - Akhi | 
[main] INFO Log -  | 
[main] INFO Log -  | 
[main] INFO Log -  | 
[main] INFO Log -  | 
[main] INFO Log -  | 
[main] INFO Log - 0026 | 
[main] INFO Log - Akhli Puligari | 
[main] INFO Log - Akhi | 
[main] INFO Log -  | 
[main] INFO Log -  | 
[main] INFO Log -  | 
[main] INFO Log -  | 
[main] INFO Log -  | 
[main] INFO Log - 0027 | 
[main] INFO Log - Akhli Puligari | 
[main] INFO Log - Akhi | 
[main] INFO Log -  | 
[main] INFO Log -  | 
[main] INFO Log -  | 
[main] INFO Log -  | 
[main] INFO Log -  | 
[main] INFO Log - 0028 | 
[main] INFO Log - Akhli Puligari | 
[main] INFO Log - Akhi | 
[main] INFO Log -  | 
[main] INFO Log -  | 
[main] INFO Log -  | 
[main] INFO Log -  | 
[main] INFO Log -  | 
[main] INFO Log - 0029 | 
[main] INFO Log - Akhli Puligari | 
[main] INFO Log - Akhi | 
[main] INFO Log -  | 
[main] INFO Log -  | 
[main] INFO Log -  | 
[main] INFO Log -  | 
[main] INFO Log -  | 
[main] INFO Log - 0030 | 
[main] INFO Log - Akhli Puligari | 
[main] INFO Log - Akhi | 
[main] INFO Log -  | 
[main] INFO Log -  | 
[main] INFO Log -  | 
[main] INFO Log -  | 
[main] INFO Log -  | 
[main] INFO Log - 0031 | 
[main] INFO Log - Akhli Puligari | 
[main] INFO Log - Akhi | 
[main] INFO Log -  | 
[main] INFO Log -  | 
[main] INFO Log -  | 
[main] INFO Log -  | 
[main] INFO Log -  | 
[main] INFO Log - 0032 | 
[main] INFO Log - Akhli Puligari | 
[main] INFO Log - Akhi | 
[main] INFO Log -  | 
[main] INFO Log -  | 
[main] INFO Log -  | 
[main] INFO Log -  | 
[main] INFO Log -  | 
[main] INFO Log - 0033 | 
[main] INFO Log - Akhli Puligari | 
[main] INFO Log - Akhi | 
[main] INFO Log -  | 
[main] INFO Log -  | 
[main] INFO Log -  | 
[main] INFO Log -  | 
[main] INFO Log -  | 
[main] INFO Log - 0034 | 
[main] INFO Log - Akhli Puligari | 
[main] INFO Log - Akhi | 
[main] INFO Log -  | 
[main] INFO Log -  | 
[main] INFO Log -  | 
[main] INFO Log -  | 
[main] INFO Log -  | 
[main] INFO Log - 0035 | 
[main] INFO Log - Akhli Puligari | 
[main] INFO Log - Akhi | 
[main] INFO Log -  | 
[main] INFO Log -  | 
[main] INFO Log -  | 
[main] INFO Log -  | 
[main] INFO Log -  | 
[main] INFO Log - 0038 | 
[main] INFO Log - Akhli Puligari | 
[main] INFO Log - Akhi | 
[main] INFO Log -  | 
[main] INFO Log -  | 
[main] INFO Log -  | 
[main] INFO Log -  | 
[main] INFO Log -  | 
[main] INFO Log - 0040 | 
[main] INFO Log - Akhli Puligari | 
[main] INFO Log - Akhi | 
[main] INFO Log -  | 
[main] INFO Log -  | 
[main] INFO Log -  | 
[main] INFO Log -  | 
[main] INFO Log -  | 
[main] INFO Log - 0043 | 
[main] INFO Log - Akhli Puligari | 
[main] INFO Log - Akhi | 
[main] INFO Log -  | 
[main] INFO Log -  | 
[main] INFO Log -  | 
[main] INFO Log -  | 
[main] INFO Log -  | 
[main] INFO Log - 0046 | 
[main] INFO Log - Akhli Puligari | 
[main] INFO Log - Akhi | 
[main] INFO Log -  | 
[main] INFO Log -  | 
[main] INFO Log -  | 
[main] INFO Log -  | 
[main] INFO Log -  | 
[main] INFO Log - 0050 | 
[main] INFO Log - Akhli Puligari | 
[main] INFO Log - Akhi | 
[main] INFO Log -  | 
[main] INFO Log -  | 
[main] INFO Log -  | 
[main] INFO Log -  | 
[main] INFO Log -  | 
[main] INFO Log - 0053 | 
[main] INFO Log - Akhli Puligari | 
[main] INFO Log - Akhi | 
[main] INFO Log -  | 
[main] INFO Log -  | 
[main] INFO Log -  | 
[main] INFO Log -  | 
[main] INFO Log -  | 
[main] INFO Log - 0056 | 
[main] INFO Log - Akhli Puligari | 
[main] INFO Log - Akhi | 
[main] INFO Log -  | 
[main] INFO Log -  | 
[main] INFO Log -  | 
[main] INFO Log -  | 
[main] INFO Log -  | 
[main] INFO Log - 0057 | 
[main] INFO Log - Akhli Puligari | 
[main] INFO Log - Akhi | 
[main] INFO Log -  | 
[main] INFO Log -  | 
[main] INFO Log -  | 
[main] INFO Log -  | 
[main] INFO Log -  | 
[main] INFO Log - 0058 | 
[main] INFO Log - Akhli Puligari | 
[main] INFO Log - Akhi | 
[main] INFO Log -  | 
[main] INFO Log -  | 
[main] INFO Log -  | 
[main] INFO Log -  | 
[main] INFO Log -  | 
[main] INFO Log - 0060 | 
[main] INFO Log - kkkk kk | 
[main] INFO Log - ll | 
[main] INFO Log -  | 
[main] INFO Log -  | 
[main] INFO Log -  | 
[main] INFO Log -  | 
[main] INFO Log -  | 
[main] INFO Log - 0037 | 
[main] INFO Log - Mahadev Nagula | 
[main] INFO Log - Pandu | 
[main] INFO Log -  | 
[main] INFO Log -  | 
[main] INFO Log -  | 
[main] INFO Log -  | 
[main] INFO Log -  | 
[main] INFO Log - 0042 | 
[main] INFO Log - Mahadev Nagula | 
[main] INFO Log - Pandu | 
[main] INFO Log -  | 
[main] INFO Log -  | 
[main] INFO Log -  | 
[main] INFO Log -  | 
[main] INFO Log -  | 
[main] INFO Log - 0045 | 
[main] INFO Log - Mahadev Nagula | 
[main] INFO Log - Pandu | 
[main] INFO Log -  | 
[main] INFO Log -  | 
[main] INFO Log -  | 
[main] INFO Log -  | 
[main] INFO Log -  | 
[main] INFO Log - 0048 | 
[main] INFO Log - Mahadev Nagula | 
[main] INFO Log - Pandu | 
[main] INFO Log -  | 
[main] INFO Log -  | 
[main] INFO Log -  | 
[main] INFO Log -  | 
[main] INFO Log -  | 
[main] INFO Log - 0052 | 
[main] INFO Log - Mahadev Nagula | 
[main] INFO Log - Pandu | 
[main] INFO Log -  | 
[main] INFO Log -  | 
[main] INFO Log -  | 
[main] INFO Log -  | 
[main] INFO Log -  | 
[main] INFO Log - 0055 | 
[main] INFO Log - Mahadev Nagula | 
[main] INFO Log - Pandu | 
[main] INFO Log -  | 
[main] INFO Log -  | 
[main] INFO Log -  | 
[main] INFO Log -  | 
[main] INFO Log -  | 
[main] INFO Log - 0049 | 
[main] INFO Log - suresh suri | 
[main] INFO Log - soorya | 
[main] INFO Log -  | 
[main] INFO Log -  | 
[main] INFO Log -  | 
[main] INFO Log -  | 
[main] INFO Log -   | 
[main] INFO Log - 0001 | 
[main] INFO Log - Suresh Nagula | 
[main] INFO Log - Suresh | 
[main] INFO Log -  | 
[main] INFO Log -  | 
[main] INFO Log -  | 
[main] INFO Log -  | 
[main] INFO Log -  | 
[main] INFO Log - 0002 | 
[main] INFO Log - Suresh Nagula | 
[main] INFO Log - Suresh | 
[main] INFO Log -  | 
[main] INFO Log -  | 
[main] INFO Log -  | 
[main] INFO Log -  | 
[main] INFO Log -  | 
[main] INFO Log - 0003 | 
[main] INFO Log - Suresh Nagula | 
[main] INFO Log - Suresh | 
[main] INFO Log -  | 
[main] INFO Log -  | 
[main] INFO Log -  | 
[main] INFO Log -  | 
[main] INFO Log -  | 
[main] INFO Log - 0004 | 
[main] INFO Log - Suresh Nagula | 
[main] INFO Log - Suresh | 
[main] INFO Log -  | 
[main] INFO Log -  | 
[main] INFO Log -  | 
[main] INFO Log -  | 
[main] INFO Log -  | 
[main] INFO Log - 0005 | 
[main] INFO Log - Suresh Nagula | 
[main] INFO Log - Suresh | 
[main] INFO Log -  | 
[main] INFO Log -  | 
[main] INFO Log -  | 
[main] INFO Log -  | 
[main] INFO Log -  | 
[main] INFO Log - 0006 | 
[main] INFO Log - Suresh Nagula | 
[main] INFO Log - Suresh | 
[main] INFO Log -  | 
[main] INFO Log -  | 
[main] INFO Log -  | 
[main] INFO Log -  | 
[main] INFO Log -  | 
[main] INFO Log - 0007 | 
[main] INFO Log - Suresh Nagula | 
[main] INFO Log - Suresh | 
[main] INFO Log -  | 
[main] INFO Log -  | 
[main] INFO Log -  | 
[main] INFO Log -  | 
[main] INFO Log -  | 
[main] INFO Log - 0008 | 
[main] INFO Log - Suresh Nagula | 
[main] INFO Log - Suresh | 
[main] INFO Log -  | 
[main] INFO Log -  | 
[main] INFO Log -  | 
[main] INFO Log -  | 
[main] INFO Log -  | 
[main] INFO Log - 0009 | 
[main] INFO Log - Suresh Nagula | 
[main] INFO Log - Suresh | 
[main] INFO Log -  | 
[main] INFO Log -  | 
[main] INFO Log -  | 
[main] INFO Log -  | 
[main] INFO Log -  | 
[main] INFO Log - 0010 | 
[main] INFO Log - Suresh Nagula | 
[main] INFO Log - Suresh | 
[main] INFO Log -  | 
[main] INFO Log -  | 
[main] INFO Log -  | 
[main] INFO Log -  | 
[main] INFO Log -  | 
[main] INFO Log - 0011 | 
[main] INFO Log - Suresh Nagula | 
[main] INFO Log - Suresh | 
[main] INFO Log -  | 
[main] INFO Log -  | 
[main] INFO Log -  | 
[main] INFO Log -  | 
[main] INFO Log -  | 
[main] INFO Log - 0012 | 
[main] INFO Log - Suresh Nagula | 
[main] INFO Log - Suresh | 
[main] INFO Log -  | 
[main] INFO Log -  | 
[main] INFO Log -  | 
[main] INFO Log -  | 
[main] INFO Log -  | 
[main] INFO Log - 0013 | 
[main] INFO Log - Suresh Nagula | 
[main] INFO Log - Suresh | 
[main] INFO Log -  | 
[main] INFO Log -  | 
[main] INFO Log -  | 
[main] INFO Log -  | 
[main] INFO Log -  | 
[main] INFO Log - 0014 | 
[main] INFO Log - Suresh Nagula | 
[main] INFO Log - Suresh | 
[main] INFO Log -  | 
[main] INFO Log -  | 
[main] INFO Log -  | 
[main] INFO Log -  | 
[main] INFO Log -  | 
[main] INFO Log - 0015 | 
[main] INFO Log - Suresh Nagula | 
[main] INFO Log - Suresh | 
[main] INFO Log -  | 
[main] INFO Log -  | 
[main] INFO Log -  | 
[main] INFO Log -  | 
[main] INFO Log -  | 
[main] INFO Log - 0016 | 
[main] INFO Log - Suresh Nagula | 
[main] INFO Log - Suresh | 
[main] INFO Log -  | 
[main] INFO Log -  | 
[main] INFO Log -  | 
[main] INFO Log -  | 
[main] INFO Log -  | 
[main] INFO Log - 0017 | 
[main] INFO Log - Suresh Nagula | 
[main] INFO Log - Suresh | 
[main] INFO Log -  | 
[main] INFO Log -  | 
[main] INFO Log -  | 
[main] INFO Log -  | 
[main] INFO Log -  | 
[main] INFO Log - 0018 | 
[main] INFO Log - Suresh Nagula | 
[main] INFO Log - Suresh | 
[main] INFO Log -  | 
[main] INFO Log -  | 
[main] INFO Log -  | 
[main] INFO Log -  | 
[main] INFO Log -  | 
[main] INFO Log - 0019 | 
[main] INFO Log - Suresh Nagula | 
[main] INFO Log - Suresh | 
[main] INFO Log -  | 
[main] INFO Log -  | 
[main] INFO Log -  | 
[main] INFO Log -  | 
[main] INFO Log -  | 
[main] INFO Log - 0020 | 
[main] INFO Log - Suresh Nagula | 
[main] INFO Log - Suresh | 
[main] INFO Log -  | 
[main] INFO Log -  | 
[main] INFO Log -  | 
[main] INFO Log -  | 
[main] INFO Log - successfully closed trhe browser
[main] INFO Log - Successfully Navigated to TimeandDate Application
[main] INFO Log - Accra | 
[main] INFO Log - Wed 18:01 | 
[main] INFO Log - Casablanca * | 
[main] INFO Log - Wed 19:01 | 
[main] INFO Log - Kolkata | 
[main] INFO Log - Wed 23:31 | 
[main] INFO Log - Reykjavik | 
[main] INFO Log - Wed 18:01 | 
[main] INFO Log - Addis Ababa | 
[main] INFO Log - Wed 21:01 | 
[main] INFO Log - Chicago | 
[main] INFO Log - Wed 12:01 | 
[main] INFO Log - Kuala Lumpur | 
[main] INFO Log - Thu 02:01 | 
[main] INFO Log - Rio de Janeiro | 
[main] INFO Log - Wed 15:01 | 
[main] INFO Log - Adelaide * | 
[main] INFO Log - Thu 04:31 | 
[main] INFO Log - Copenhagen | 
[main] INFO Log - Wed 19:01 | 
[main] INFO Log - Kuwait City | 
[main] INFO Log - Wed 21:01 | 
[main] INFO Log - Riyadh | 
[main] INFO Log - Wed 21:01 | 
[main] INFO Log - Algiers | 
[main] INFO Log - Wed 19:01 | 
[main] INFO Log - Dallas | 
[main] INFO Log - Wed 12:01 | 
[main] INFO Log - Kyiv | 
[main] INFO Log - Wed 20:01 | 
[main] INFO Log - Rome | 
[main] INFO Log - Wed 19:01 | 
[main] INFO Log - Almaty | 
[main] INFO Log - Thu 00:01 | 
[main] INFO Log - Dar es Salaam | 
[main] INFO Log - Wed 21:01 | 
[main] INFO Log - La Paz | 
[main] INFO Log - Wed 14:01 | 
[main] INFO Log - Salt Lake City | 
[main] INFO Log - Wed 11:01 | 
[main] INFO Log - Amman | 
[main] INFO Log - Wed 21:01 | 
[main] INFO Log - Darwin | 
[main] INFO Log - Thu 03:31 | 
[main] INFO Log - Lagos | 
[main] INFO Log - Wed 19:01 | 
[main] INFO Log - San Francisco | 
[main] INFO Log - Wed 10:01 | 
[main] INFO Log - Amsterdam | 
[main] INFO Log - Wed 19:01 | 
[main] INFO Log - Denver | 
[main] INFO Log - Wed 11:01 | 
[main] INFO Log - Lahore | 
[main] INFO Log - Wed 23:01 | 
[main] INFO Log - San Juan | 
[main] INFO Log - Wed 14:01 | 
[main] INFO Log - Anadyr | 
[main] INFO Log - Thu 06:01 | 
[main] INFO Log - Detroit | 
[main] INFO Log - Wed 13:01 | 
[main] INFO Log - Las Vegas | 
[main] INFO Log - Wed 10:01 | 
[main] INFO Log - San Salvador | 
[main] INFO Log - Wed 12:01 | 
[main] INFO Log - Anchorage | 
[main] INFO Log - Wed 09:01 | 
[main] INFO Log - Dhaka | 
[main] INFO Log - Thu 00:01 | 
[main] INFO Log - Lima | 
[main] INFO Log - Wed 13:01 | 
[main] INFO Log - Santiago * | 
[main] INFO Log - Wed 15:01 | 
[main] INFO Log - Ankara | 
[main] INFO Log - Wed 21:01 | 
[main] INFO Log - Doha | 
[main] INFO Log - Wed 21:01 | 
[main] INFO Log - Lisbon | 
[main] INFO Log - Wed 18:01 | 
[main] INFO Log - Santo Domingo | 
[main] INFO Log - Wed 14:01 | 
[main] INFO Log - Antananarivo | 
[main] INFO Log - Wed 21:01 | 
[main] INFO Log - Dubai | 
[main] INFO Log - Wed 22:01 | 
[main] INFO Log - London | 
[main] INFO Log - Wed 18:01 | 
[main] INFO Log - São Paulo | 
[main] INFO Log - Wed 15:01 | 
[main] INFO Log - Asuncion * | 
[main] INFO Log - Wed 15:01 | 
[main] INFO Log - Dublin | 
[main] INFO Log - Wed 18:01 | 
[main] INFO Log - Los Angeles | 
[main] INFO Log - Wed 10:01 | 
[main] INFO Log - Seattle | 
[main] INFO Log - Wed 10:01 | 
[main] INFO Log - Athens | 
[main] INFO Log - Wed 20:01 | 
[main] INFO Log - Edmonton | 
[main] INFO Log - Wed 11:01 | 
[main] INFO Log - Madrid | 
[main] INFO Log - Wed 19:01 | 
[main] INFO Log - Seoul | 
[main] INFO Log - Thu 03:01 | 
[main] INFO Log - Atlanta | 
[main] INFO Log - Wed 13:01 | 
[main] INFO Log - Frankfurt | 
[main] INFO Log - Wed 19:01 | 
[main] INFO Log - Managua | 
[main] INFO Log - Wed 12:01 | 
[main] INFO Log - Shanghai | 
[main] INFO Log - Thu 02:01 | 
[main] INFO Log - Auckland * | 
[main] INFO Log - Thu 07:01 | 
[main] INFO Log - Guatemala City | 
[main] INFO Log - Wed 12:01 | 
[main] INFO Log - Manila | 
[main] INFO Log - Thu 02:01 | 
[main] INFO Log - Singapore | 
[main] INFO Log - Thu 02:01 | 
[main] INFO Log - Baghdad | 
[main] INFO Log - Wed 21:01 | 
[main] INFO Log - Halifax | 
[main] INFO Log - Wed 14:01 | 
[main] INFO Log - Melbourne * | 
[main] INFO Log - Thu 05:01 | 
[main] INFO Log - Sofia | 
[main] INFO Log - Wed 20:02 | 
[main] INFO Log - Bangkok | 
[main] INFO Log - Thu 01:02 | 
[main] INFO Log - Hanoi | 
[main] INFO Log - Thu 01:02 | 
[main] INFO Log - Mexico City | 
[main] INFO Log - Wed 12:02 | 
[main] INFO Log - St. John's | 
[main] INFO Log - Wed 14:32 | 
[main] INFO Log - Barcelona | 
[main] INFO Log - Wed 19:02 | 
[main] INFO Log - Harare | 
[main] INFO Log - Wed 20:02 | 
[main] INFO Log - Miami | 
[main] INFO Log - Wed 13:02 | 
[main] INFO Log - Stockholm | 
[main] INFO Log - Wed 19:02 | 
[main] INFO Log - Beijing | 
[main] INFO Log - Thu 02:02 | 
[main] INFO Log - Havana | 
[main] INFO Log - Wed 13:02 | 
[main] INFO Log - Minneapolis | 
[main] INFO Log - Wed 12:02 | 
[main] INFO Log - Suva | 
[main] INFO Log - Thu 06:02 | 
[main] INFO Log - Beirut | 
[main] INFO Log - Wed 20:02 | 
[main] INFO Log - Helsinki | 
[main] INFO Log - Wed 20:02 | 
[main] INFO Log - Minsk | 
[main] INFO Log - Wed 21:02 | 
[main] INFO Log - Sydney * | 
[main] INFO Log - Thu 05:02 | 
[main] INFO Log - Belgrade | 
[main] INFO Log - Wed 19:02 | 
[main] INFO Log - Hong Kong | 
[main] INFO Log - Thu 02:02 | 
[main] INFO Log - Montevideo | 
[main] INFO Log - Wed 15:02 | 
[main] INFO Log - Taipei | 
[main] INFO Log - Thu 02:02 | 
[main] INFO Log - Bengaluru | 
[main] INFO Log - Wed 23:32 | 
[main] INFO Log - Honolulu | 
[main] INFO Log - Wed 08:02 | 
[main] INFO Log - Montréal | 
[main] INFO Log - Wed 13:02 | 
[main] INFO Log - Tallinn | 
[main] INFO Log - Wed 20:02 | 
[main] INFO Log - Berlin | 
[main] INFO Log - Wed 19:02 | 
[main] INFO Log - Houston | 
[main] INFO Log - Wed 12:02 | 
[main] INFO Log - Moscow | 
[main] INFO Log - Wed 21:02 | 
[main] INFO Log - Tashkent | 
[main] INFO Log - Wed 23:02 | 
[main] INFO Log - Bogota | 
[main] INFO Log - Wed 13:02 | 
[main] INFO Log - Indianapolis | 
[main] INFO Log - Wed 13:02 | 
[main] INFO Log - Mumbai | 
[main] INFO Log - Wed 23:32 | 
[main] INFO Log - Tegucigalpa | 
[main] INFO Log - Wed 12:02 | 
[main] INFO Log - Boston | 
[main] INFO Log - Wed 13:02 | 
[main] INFO Log - Islamabad | 
[main] INFO Log - Wed 23:02 | 
[main] INFO Log - Nairobi | 
[main] INFO Log - Wed 21:02 | 
[main] INFO Log - Tehran | 
[main] INFO Log - Wed 21:32 | 
[main] INFO Log - Brasilia | 
[main] INFO Log - Wed 15:02 | 
[main] INFO Log - Istanbul | 
[main] INFO Log - Wed 21:02 | 
[main] INFO Log - Nassau | 
[main] INFO Log - Wed 13:02 | 
[main] INFO Log - Tokyo | 
[main] INFO Log - Thu 03:02 | 
[main] INFO Log - Brisbane | 
[main] INFO Log - Thu 04:02 | 
[main] INFO Log - Jakarta | 
[main] INFO Log - Thu 01:02 | 
[main] INFO Log - New Delhi | 
[main] INFO Log - Wed 23:32 | 
[main] INFO Log - Toronto | 
[main] INFO Log - Wed 13:02 | 
[main] INFO Log - Brussels | 
[main] INFO Log - Wed 19:02 | 
[main] INFO Log - Jerusalem | 
[main] INFO Log - Wed 20:02 | 
[main] INFO Log - New Orleans | 
[main] INFO Log - Wed 12:02 | 
[main] INFO Log - Vancouver | 
[main] INFO Log - Wed 10:02 | 
[main] INFO Log - Bucharest | 
[main] INFO Log - Wed 20:02 | 
[main] INFO Log - Johannesburg | 
[main] INFO Log - Wed 20:02 | 
[main] INFO Log - New York | 
[main] INFO Log - Wed 13:02 | 
[main] INFO Log - Vienna | 
[main] INFO Log - Wed 19:02 | 
[main] INFO Log - Budapest | 
[main] INFO Log - Wed 19:02 | 
[main] INFO Log - Kabul | 
[main] INFO Log - Wed 22:32 | 
[main] INFO Log - Oslo | 
[main] INFO Log - Wed 19:02 | 
[main] INFO Log - Warsaw | 
[main] INFO Log - Wed 19:02 | 
[main] INFO Log - Buenos Aires | 
[main] INFO Log - Wed 15:02 | 
[main] INFO Log - Karachi | 
[main] INFO Log - Wed 23:02 | 
[main] INFO Log - Ottawa | 
[main] INFO Log - Wed 13:02 | 
[main] INFO Log - Washington DC | 
[main] INFO Log - Wed 13:02 | 
[main] INFO Log - Cairo | 
[main] INFO Log - Wed 20:02 | 
[main] INFO Log - Kathmandu | 
[main] INFO Log - Wed 23:47 | 
[main] INFO Log - Paris | 
[main] INFO Log - Wed 19:02 | 
[main] INFO Log - Winnipeg | 
[main] INFO Log - Wed 12:02 | 
[main] INFO Log - Calgary | 
[main] INFO Log - Wed 11:02 | 
[main] INFO Log - Khartoum | 
[main] INFO Log - Wed 20:02 | 
[main] INFO Log - Perth | 
[main] INFO Log - Thu 02:02 | 
[main] INFO Log - Yangon | 
[main] INFO Log - Thu 00:32 | 
[main] INFO Log - Canberra * | 
[main] INFO Log - Thu 05:02 | 
[main] INFO Log - Kingston | 
[main] INFO Log - Wed 13:02 | 
[main] INFO Log - Philadelphia | 
[main] INFO Log - Wed 13:02 | 
[main] INFO Log - Zagreb | 
[main] INFO Log - Wed 19:02 | 
[main] INFO Log - Cape Town | 
[main] INFO Log - Wed 20:02 | 
[main] INFO Log - Kinshasa | 
[main] INFO Log - Wed 19:02 | 
[main] INFO Log - Phoenix | 
[main] INFO Log - Wed 11:02 | 
[main] INFO Log - Zürich | 
[main] INFO Log - Wed 19:02 | 
[main] INFO Log - Caracas | 
[main] INFO Log - Wed 14:02 | 
[main] INFO Log - Kiritimati | 
[main] INFO Log - Thu 08:02 | 
[main] INFO Log - Prague | 
[main] INFO Log - Wed 19:02 | 
[main] INFO Log -  | 
[main] INFO Log -  | 
[main] INFO Log - Successfully closed the browser
[main] INFO Log - Successfully Navigated to TimeandDate Application
[main] INFO Log - Successfully Navigated to TimeandDate Application
[main] INFO Log - Accra | 
[main] INFO Log - Wed 18:07 | 
[main] INFO Log - Casablanca * | 
[main] INFO Log - Wed 19:07 | 
[main] INFO Log - Kolkata | 
[main] INFO Log - Wed 23:37 | 
[main] INFO Log - Reykjavik | 
[main] INFO Log - Wed 18:07 | 
[main] INFO Log - Addis Ababa | 
[main] INFO Log - Wed 21:07 | 
[main] INFO Log - Chicago | 
[main] INFO Log - Wed 12:07 | 
[main] INFO Log - Kuala Lumpur | 
[main] INFO Log - Thu 02:07 | 
[main] INFO Log - Rio de Janeiro | 
[main] INFO Log - Wed 15:07 | 
[main] INFO Log - Adelaide * | 
[main] INFO Log - Thu 04:37 | 
[main] INFO Log - Copenhagen | 
[main] INFO Log - Wed 19:07 | 
[main] INFO Log - Kuwait City | 
[main] INFO Log - Wed 21:07 | 
[main] INFO Log - Riyadh | 
[main] INFO Log - Wed 21:07 | 
[main] INFO Log - Algiers | 
[main] INFO Log - Wed 19:07 | 
[main] INFO Log - Dallas | 
[main] INFO Log - Wed 12:07 | 
[main] INFO Log - Kyiv | 
[main] INFO Log - Wed 20:07 | 
[main] INFO Log - Rome | 
[main] INFO Log - Wed 19:07 | 
[main] INFO Log - Almaty | 
[main] INFO Log - Thu 00:07 | 
[main] INFO Log - Dar es Salaam | 
[main] INFO Log - Wed 21:07 | 
[main] INFO Log - La Paz | 
[main] INFO Log - Wed 14:07 | 
[main] INFO Log - Salt Lake City | 
[main] INFO Log - Wed 11:07 | 
[main] INFO Log - Amman | 
[main] INFO Log - Wed 21:07 | 
[main] INFO Log - Darwin | 
[main] INFO Log - Thu 03:37 | 
[main] INFO Log - Lagos | 
[main] INFO Log - Wed 19:07 | 
[main] INFO Log - San Francisco | 
[main] INFO Log - Wed 10:07 | 
[main] INFO Log - Amsterdam | 
[main] INFO Log - Wed 19:07 | 
[main] INFO Log - Denver | 
[main] INFO Log - Wed 11:07 | 
[main] INFO Log - Lahore | 
[main] INFO Log - Wed 23:07 | 
[main] INFO Log - San Juan | 
[main] INFO Log - Wed 14:07 | 
[main] INFO Log - Anadyr | 
[main] INFO Log - Thu 06:07 | 
[main] INFO Log - Detroit | 
[main] INFO Log - Wed 13:07 | 
[main] INFO Log - Las Vegas | 
[main] INFO Log - Wed 10:07 | 
[main] INFO Log - San Salvador | 
[main] INFO Log - Wed 12:07 | 
[main] INFO Log - Anchorage | 
[main] INFO Log - Wed 09:07 | 
[main] INFO Log - Dhaka | 
[main] INFO Log - Thu 00:07 | 
[main] INFO Log - Lima | 
[main] INFO Log - Wed 13:07 | 
[main] INFO Log - Santiago * | 
[main] INFO Log - Wed 15:07 | 
[main] INFO Log - Ankara | 
[main] INFO Log - Wed 21:07 | 
[main] INFO Log - Doha | 
[main] INFO Log - Wed 21:07 | 
[main] INFO Log - Lisbon | 
[main] INFO Log - Wed 18:07 | 
[main] INFO Log - Santo Domingo | 
[main] INFO Log - Wed 14:07 | 
[main] INFO Log - Antananarivo | 
[main] INFO Log - Wed 21:07 | 
[main] INFO Log - Dubai | 
[main] INFO Log - Wed 22:07 | 
[main] INFO Log - London | 
[main] INFO Log - Wed 18:07 | 
[main] INFO Log - São Paulo | 
[main] INFO Log - Wed 15:07 | 
[main] INFO Log - Asuncion * | 
[main] INFO Log - Wed 15:07 | 
[main] INFO Log - Dublin | 
[main] INFO Log - Wed 18:07 | 
[main] INFO Log - Los Angeles | 
[main] INFO Log - Wed 10:07 | 
[main] INFO Log - Seattle | 
[main] INFO Log - Wed 10:07 | 
[main] INFO Log - Athens | 
[main] INFO Log - Wed 20:07 | 
[main] INFO Log - Edmonton | 
[main] INFO Log - Wed 11:07 | 
[main] INFO Log - Madrid | 
[main] INFO Log - Wed 19:07 | 
[main] INFO Log - Seoul | 
[main] INFO Log - Thu 03:07 | 
[main] INFO Log - Atlanta | 
[main] INFO Log - Wed 13:07 | 
[main] INFO Log - Frankfurt | 
[main] INFO Log - Wed 19:07 | 
[main] INFO Log - Managua | 
[main] INFO Log - Wed 12:07 | 
[main] INFO Log - Shanghai | 
[main] INFO Log - Thu 02:07 | 
[main] INFO Log - Auckland * | 
[main] INFO Log - Thu 07:07 | 
[main] INFO Log - Guatemala City | 
[main] INFO Log - Wed 12:07 | 
[main] INFO Log - Manila | 
[main] INFO Log - Thu 02:07 | 
[main] INFO Log - Singapore | 
[main] INFO Log - Thu 02:07 | 
[main] INFO Log - Baghdad | 
[main] INFO Log - Wed 21:07 | 
[main] INFO Log - Halifax | 
[main] INFO Log - Wed 14:07 | 
[main] INFO Log - Melbourne * | 
[main] INFO Log - Thu 05:07 | 
[main] INFO Log - Sofia | 
[main] INFO Log - Wed 20:07 | 
[main] INFO Log - Bangkok | 
[main] INFO Log - Thu 01:07 | 
[main] INFO Log - Hanoi | 
[main] INFO Log - Thu 01:07 | 
[main] INFO Log - Mexico City | 
[main] INFO Log - Wed 12:07 | 
[main] INFO Log - St. John's | 
[main] INFO Log - Wed 14:37 | 
[main] INFO Log - Barcelona | 
[main] INFO Log - Wed 19:07 | 
[main] INFO Log - Harare | 
[main] INFO Log - Wed 20:07 | 
[main] INFO Log - Miami | 
[main] INFO Log - Wed 13:07 | 
[main] INFO Log - Stockholm | 
[main] INFO Log - Wed 19:07 | 
[main] INFO Log - Beijing | 
[main] INFO Log - Thu 02:07 | 
[main] INFO Log - Havana | 
[main] INFO Log - Wed 13:07 | 
[main] INFO Log - Minneapolis | 
[main] INFO Log - Wed 12:07 | 
[main] INFO Log - Suva | 
[main] INFO Log - Thu 06:07 | 
[main] INFO Log - Beirut | 
[main] INFO Log - Wed 20:07 | 
[main] INFO Log - Helsinki | 
[main] INFO Log - Wed 20:07 | 
[main] INFO Log - Minsk | 
[main] INFO Log - Wed 21:07 | 
[main] INFO Log - Sydney * | 
[main] INFO Log - Thu 05:07 | 
[main] INFO Log - Belgrade | 
[main] INFO Log - Wed 19:07 | 
[main] INFO Log - Hong Kong | 
[main] INFO Log - Thu 02:07 | 
[main] INFO Log - Montevideo | 
[main] INFO Log - Wed 15:07 | 
[main] INFO Log - Taipei | 
[main] INFO Log - Thu 02:07 | 
[main] INFO Log - Bengaluru | 
[main] INFO Log - Wed 23:37 | 
[main] INFO Log - Honolulu | 
[main] INFO Log - Wed 08:07 | 
[main] INFO Log - Montréal | 
[main] INFO Log - Wed 13:07 | 
[main] INFO Log - Tallinn | 
[main] INFO Log - Wed 20:07 | 
[main] INFO Log - Berlin | 
[main] INFO Log - Wed 19:07 | 
[main] INFO Log - Houston | 
[main] INFO Log - Wed 12:07 | 
[main] INFO Log - Moscow | 
[main] INFO Log - Wed 21:07 | 
[main] INFO Log - Tashkent | 
[main] INFO Log - Wed 23:07 | 
[main] INFO Log - Bogota | 
[main] INFO Log - Wed 13:07 | 
[main] INFO Log - Indianapolis | 
[main] INFO Log - Wed 13:07 | 
[main] INFO Log - Mumbai | 
[main] INFO Log - Wed 23:37 | 
[main] INFO Log - Tegucigalpa | 
[main] INFO Log - Wed 12:07 | 
[main] INFO Log - Boston | 
[main] INFO Log - Wed 13:07 | 
[main] INFO Log - Islamabad | 
[main] INFO Log - Wed 23:07 | 
[main] INFO Log - Nairobi | 
[main] INFO Log - Wed 21:07 | 
[main] INFO Log - Tehran | 
[main] INFO Log - Wed 21:37 | 
[main] INFO Log - Brasilia | 
[main] INFO Log - Wed 15:07 | 
[main] INFO Log - Istanbul | 
[main] INFO Log - Wed 21:07 | 
[main] INFO Log - Nassau | 
[main] INFO Log - Wed 13:07 | 
[main] INFO Log - Tokyo | 
[main] INFO Log - Thu 03:07 | 
[main] INFO Log - Brisbane | 
[main] INFO Log - Thu 04:07 | 
[main] INFO Log - Jakarta | 
[main] INFO Log - Thu 01:07 | 
[main] INFO Log - New Delhi | 
[main] INFO Log - Wed 23:37 | 
[main] INFO Log - Toronto | 
[main] INFO Log - Wed 13:07 | 
[main] INFO Log - Brussels | 
[main] INFO Log - Wed 19:07 | 
[main] INFO Log - Jerusalem | 
[main] INFO Log - Wed 20:07 | 
[main] INFO Log - New Orleans | 
[main] INFO Log - Wed 12:07 | 
[main] INFO Log - Vancouver | 
[main] INFO Log - Wed 10:07 | 
[main] INFO Log - Bucharest | 
[main] INFO Log - Wed 20:07 | 
[main] INFO Log - Johannesburg | 
[main] INFO Log - Wed 20:07 | 
[main] INFO Log - New York | 
[main] INFO Log - Wed 13:07 | 
[main] INFO Log - Vienna | 
[main] INFO Log - Wed 19:07 | 
[main] INFO Log - Budapest | 
[main] INFO Log - Wed 19:07 | 
[main] INFO Log - Kabul | 
[main] INFO Log - Wed 22:37 | 
[main] INFO Log - Oslo | 
[main] INFO Log - Wed 19:07 | 
[main] INFO Log - Warsaw | 
[main] INFO Log - Wed 19:07 | 
[main] INFO Log - Buenos Aires | 
[main] INFO Log - Wed 15:07 | 
[main] INFO Log - Karachi | 
[main] INFO Log - Wed 23:07 | 
[main] INFO Log - Ottawa | 
[main] INFO Log - Wed 13:07 | 
[main] INFO Log - Washington DC | 
[main] INFO Log - Wed 13:07 | 
[main] INFO Log - Cairo | 
[main] INFO Log - Wed 20:07 | 
[main] INFO Log - Kathmandu | 
[main] INFO Log - Wed 23:52 | 
[main] INFO Log - Paris | 
[main] INFO Log - Wed 19:07 | 
[main] INFO Log - Winnipeg | 
[main] INFO Log - Wed 12:07 | 
[main] INFO Log - Calgary | 
[main] INFO Log - Wed 11:07 | 
[main] INFO Log - Khartoum | 
[main] INFO Log - Wed 20:07 | 
[main] INFO Log - Perth | 
[main] INFO Log - Thu 02:07 | 
[main] INFO Log - Yangon | 
[main] INFO Log - Thu 00:37 | 
[main] INFO Log - Canberra * | 
[main] INFO Log - Thu 05:07 | 
[main] INFO Log - Kingston | 
[main] INFO Log - Wed 13:07 | 
[main] INFO Log - Philadelphia | 
[main] INFO Log - Wed 13:07 | 
[main] INFO Log - Zagreb | 
[main] INFO Log - Wed 19:07 | 
[main] INFO Log - Cape Town | 
[main] INFO Log - Wed 20:07 | 
[main] INFO Log - Kinshasa | 
[main] INFO Log - Wed 19:07 | 
[main] INFO Log - Phoenix | 
[main] INFO Log - Wed 11:07 | 
[main] INFO Log - Zürich | 
[main] INFO Log - Wed 19:07 | 
[main] INFO Log - Caracas | 
[main] INFO Log - Wed 14:07 | 
[main] INFO Log - Kiritimati | 
[main] INFO Log - Thu 08:07 | 
[main] INFO Log - Prague | 
[main] INFO Log - Wed 19:07 | 
[main] INFO Log -  | 
[main] INFO Log -  | 
[main] INFO Log - Successfully closed the browser
[main] INFO Log - Successfully Navigated to TimeandDate Application
[main] INFO Log - Accra
[main] INFO Log - Wed 18:12
[main] INFO Log - Casablanca *
[main] INFO Log - Wed 19:12
[main] INFO Log - Kolkata
[main] INFO Log - Wed 23:42
[main] INFO Log - Reykjavik
[main] INFO Log - Wed 18:12
[main] INFO Log - |
[main] INFO Log - Addis Ababa
[main] INFO Log - Wed 21:12
[main] INFO Log - Chicago
[main] INFO Log - Wed 12:12
[main] INFO Log - Kuala Lumpur
[main] INFO Log - Thu 02:12
[main] INFO Log - Rio de Janeiro
[main] INFO Log - Wed 15:12
[main] INFO Log - |
[main] INFO Log - Adelaide *
[main] INFO Log - Thu 04:42
[main] INFO Log - Copenhagen
[main] INFO Log - Wed 19:12
[main] INFO Log - Kuwait City
[main] INFO Log - Wed 21:12
[main] INFO Log - Riyadh
[main] INFO Log - Wed 21:12
[main] INFO Log - |
[main] INFO Log - Algiers
[main] INFO Log - Wed 19:12
[main] INFO Log - Dallas
[main] INFO Log - Wed 12:12
[main] INFO Log - Kyiv
[main] INFO Log - Wed 20:12
[main] INFO Log - Rome
[main] INFO Log - Wed 19:12
[main] INFO Log - |
[main] INFO Log - Almaty
[main] INFO Log - Thu 00:12
[main] INFO Log - Dar es Salaam
[main] INFO Log - Wed 21:12
[main] INFO Log - La Paz
[main] INFO Log - Wed 14:12
[main] INFO Log - Salt Lake City
[main] INFO Log - Wed 11:12
[main] INFO Log - |
[main] INFO Log - Amman
[main] INFO Log - Wed 21:12
[main] INFO Log - Darwin
[main] INFO Log - Thu 03:42
[main] INFO Log - Lagos
[main] INFO Log - Wed 19:12
[main] INFO Log - San Francisco
[main] INFO Log - Wed 10:12
[main] INFO Log - |
[main] INFO Log - Amsterdam
[main] INFO Log - Wed 19:12
[main] INFO Log - Denver
[main] INFO Log - Wed 11:12
[main] INFO Log - Lahore
[main] INFO Log - Wed 23:12
[main] INFO Log - San Juan
[main] INFO Log - Wed 14:12
[main] INFO Log - |
[main] INFO Log - Anadyr
[main] INFO Log - Thu 06:12
[main] INFO Log - Detroit
[main] INFO Log - Wed 13:12
[main] INFO Log - Las Vegas
[main] INFO Log - Wed 10:12
[main] INFO Log - San Salvador
[main] INFO Log - Wed 12:12
[main] INFO Log - |
[main] INFO Log - Anchorage
[main] INFO Log - Wed 09:12
[main] INFO Log - Dhaka
[main] INFO Log - Thu 00:12
[main] INFO Log - Lima
[main] INFO Log - Wed 13:13
[main] INFO Log - Santiago *
[main] INFO Log - Wed 15:13
[main] INFO Log - |
[main] INFO Log - Ankara
[main] INFO Log - Wed 21:13
[main] INFO Log - Doha
[main] INFO Log - Wed 21:13
[main] INFO Log - Lisbon
[main] INFO Log - Wed 18:13
[main] INFO Log - Santo Domingo
[main] INFO Log - Wed 14:13
[main] INFO Log - |
[main] INFO Log - Antananarivo
[main] INFO Log - Wed 21:13
[main] INFO Log - Dubai
[main] INFO Log - Wed 22:13
[main] INFO Log - London
[main] INFO Log - Wed 18:13
[main] INFO Log - São Paulo
[main] INFO Log - Wed 15:13
[main] INFO Log - |
[main] INFO Log - Asuncion *
[main] INFO Log - Wed 15:13
[main] INFO Log - Dublin
[main] INFO Log - Wed 18:13
[main] INFO Log - Los Angeles
[main] INFO Log - Wed 10:13
[main] INFO Log - Seattle
[main] INFO Log - Wed 10:13
[main] INFO Log - |
[main] INFO Log - Athens
[main] INFO Log - Wed 20:13
[main] INFO Log - Edmonton
[main] INFO Log - Wed 11:13
[main] INFO Log - Madrid
[main] INFO Log - Wed 19:13
[main] INFO Log - Seoul
[main] INFO Log - Thu 03:13
[main] INFO Log - |
[main] INFO Log - Atlanta
[main] INFO Log - Wed 13:13
[main] INFO Log - Frankfurt
[main] INFO Log - Wed 19:13
[main] INFO Log - Managua
[main] INFO Log - Wed 12:13
[main] INFO Log - Shanghai
[main] INFO Log - Thu 02:13
[main] INFO Log - |
[main] INFO Log - Auckland *
[main] INFO Log - Thu 07:13
[main] INFO Log - Guatemala City
[main] INFO Log - Wed 12:13
[main] INFO Log - Manila
[main] INFO Log - Thu 02:13
[main] INFO Log - Singapore
[main] INFO Log - Thu 02:13
[main] INFO Log - |
[main] INFO Log - Baghdad
[main] INFO Log - Wed 21:13
[main] INFO Log - Halifax
[main] INFO Log - Wed 14:13
[main] INFO Log - Melbourne *
[main] INFO Log - Thu 05:13
[main] INFO Log - Sofia
[main] INFO Log - Wed 20:13
[main] INFO Log - |
[main] INFO Log - Bangkok
[main] INFO Log - Thu 01:13
[main] INFO Log - Hanoi
[main] INFO Log - Thu 01:13
[main] INFO Log - Mexico City
[main] INFO Log - Wed 12:13
[main] INFO Log - St. John's
[main] INFO Log - Wed 14:43
[main] INFO Log - |
[main] INFO Log - Barcelona
[main] INFO Log - Wed 19:13
[main] INFO Log - Harare
[main] INFO Log - Wed 20:13
[main] INFO Log - Miami
[main] INFO Log - Wed 13:13
[main] INFO Log - Stockholm
[main] INFO Log - Wed 19:13
[main] INFO Log - |
[main] INFO Log - Beijing
[main] INFO Log - Thu 02:13
[main] INFO Log - Havana
[main] INFO Log - Wed 13:13
[main] INFO Log - Minneapolis
[main] INFO Log - Wed 12:13
[main] INFO Log - Suva
[main] INFO Log - Thu 06:13
[main] INFO Log - |
[main] INFO Log - Beirut
[main] INFO Log - Wed 20:13
[main] INFO Log - Helsinki
[main] INFO Log - Wed 20:13
[main] INFO Log - Minsk
[main] INFO Log - Wed 21:13
[main] INFO Log - Sydney *
[main] INFO Log - Thu 05:13
[main] INFO Log - |
[main] INFO Log - Belgrade
[main] INFO Log - Wed 19:13
[main] INFO Log - Hong Kong
[main] INFO Log - Thu 02:13
[main] INFO Log - Montevideo
[main] INFO Log - Wed 15:13
[main] INFO Log - Taipei
[main] INFO Log - Thu 02:13
[main] INFO Log - |
[main] INFO Log - Bengaluru
[main] INFO Log - Wed 23:43
[main] INFO Log - Honolulu
[main] INFO Log - Wed 08:13
[main] INFO Log - Montréal
[main] INFO Log - Wed 13:13
[main] INFO Log - Tallinn
[main] INFO Log - Wed 20:13
[main] INFO Log - |
[main] INFO Log - Berlin
[main] INFO Log - Wed 19:13
[main] INFO Log - Houston
[main] INFO Log - Wed 12:13
[main] INFO Log - Moscow
[main] INFO Log - Wed 21:13
[main] INFO Log - Tashkent
[main] INFO Log - Wed 23:13
[main] INFO Log - |
[main] INFO Log - Bogota
[main] INFO Log - Wed 13:13
[main] INFO Log - Indianapolis
[main] INFO Log - Wed 13:13
[main] INFO Log - Mumbai
[main] INFO Log - Wed 23:43
[main] INFO Log - Tegucigalpa
[main] INFO Log - Wed 12:13
[main] INFO Log - |
[main] INFO Log - Boston
[main] INFO Log - Wed 13:13
[main] INFO Log - Islamabad
[main] INFO Log - Wed 23:13
[main] INFO Log - Nairobi
[main] INFO Log - Wed 21:13
[main] INFO Log - Tehran
[main] INFO Log - Wed 21:43
[main] INFO Log - |
[main] INFO Log - Brasilia
[main] INFO Log - Wed 15:13
[main] INFO Log - Istanbul
[main] INFO Log - Wed 21:13
[main] INFO Log - Nassau
[main] INFO Log - Wed 13:13
[main] INFO Log - Tokyo
[main] INFO Log - Thu 03:13
[main] INFO Log - |
[main] INFO Log - Brisbane
[main] INFO Log - Thu 04:13
[main] INFO Log - Jakarta
[main] INFO Log - Thu 01:13
[main] INFO Log - New Delhi
[main] INFO Log - Wed 23:43
[main] INFO Log - Toronto
[main] INFO Log - Wed 13:13
[main] INFO Log - |
[main] INFO Log - Brussels
[main] INFO Log - Wed 19:13
[main] INFO Log - Jerusalem
[main] INFO Log - Wed 20:13
[main] INFO Log - New Orleans
[main] INFO Log - Wed 12:13
[main] INFO Log - Vancouver
[main] INFO Log - Wed 10:13
[main] INFO Log - |
[main] INFO Log - Bucharest
[main] INFO Log - Wed 20:13
[main] INFO Log - Johannesburg
[main] INFO Log - Wed 20:13
[main] INFO Log - New York
[main] INFO Log - Wed 13:13
[main] INFO Log - Vienna
[main] INFO Log - Wed 19:13
[main] INFO Log - |
[main] INFO Log - Budapest
[main] INFO Log - Wed 19:13
[main] INFO Log - Kabul
[main] INFO Log - Wed 22:43
[main] INFO Log - Oslo
[main] INFO Log - Wed 19:13
[main] INFO Log - Warsaw
[main] INFO Log - Wed 19:13
[main] INFO Log - |
[main] INFO Log - Buenos Aires
[main] INFO Log - Wed 15:13
[main] INFO Log - Karachi
[main] INFO Log - Wed 23:13
[main] INFO Log - Ottawa
[main] INFO Log - Wed 13:13
[main] INFO Log - Washington DC
[main] INFO Log - Wed 13:13
[main] INFO Log - |
[main] INFO Log - Cairo
[main] INFO Log - Wed 20:13
[main] INFO Log - Kathmandu
[main] INFO Log - Wed 23:58
[main] INFO Log - Paris
[main] INFO Log - Wed 19:13
[main] INFO Log - Winnipeg
[main] INFO Log - Wed 12:13
[main] INFO Log - |
[main] INFO Log - Calgary
[main] INFO Log - Wed 11:13
[main] INFO Log - Khartoum
[main] INFO Log - Wed 20:13
[main] INFO Log - Perth
[main] INFO Log - Thu 02:13
[main] INFO Log - Yangon
[main] INFO Log - Thu 00:43
[main] INFO Log - |
[main] INFO Log - Canberra *
[main] INFO Log - Thu 05:13
[main] INFO Log - Kingston
[main] INFO Log - Wed 13:13
[main] INFO Log - Philadelphia
[main] INFO Log - Wed 13:13
[main] INFO Log - Zagreb
[main] INFO Log - Wed 19:13
[main] INFO Log - |
[main] INFO Log - Cape Town
[main] INFO Log - Wed 20:13
[main] INFO Log - Kinshasa
[main] INFO Log - Wed 19:13
[main] INFO Log - Phoenix
[main] INFO Log - Wed 11:13
[main] INFO Log - Zürich
[main] INFO Log - Wed 19:13
[main] INFO Log - |
[main] INFO Log - Caracas
[main] INFO Log - Wed 14:13
[main] INFO Log - Kiritimati
[main] INFO Log - Thu 08:13
[main] INFO Log - Prague
[main] INFO Log - Wed 19:13
[main] INFO Log - 
[main] INFO Log - 
[main] INFO Log - |
[main] INFO Log - Successfully closed the browser
[main] INFO Log - http://127.0.0.1/orangehrm-4.2.0.1/symfony/web/index.php/auth/login
[main] INFO Log - Suresh
[main] INFO Log - Suresh#1234
[main] INFO Log - Admin
[main] INFO Log - Welcome Admin
[main] INFO Log - Succesfully Navigated to OrangeHRM Application HomePage - PASS
[main] INFO Log - http://127.0.0.1/orangehrm-4.2.0.1/symfony/web/index.php/auth/login
[main] INFO Log - http://127.0.0.1/orangehrm-4.2.0.1/symfony/web/index.php/auth/login
[main] INFO Log - http://127.0.0.1/orangehrm-4.2.0.1/symfony/web/index.php/auth/login
[main] INFO Log - Suresh
[main] INFO Log - Suresh#1234
[main] INFO Log - Admin
[main] INFO Log - Welcome Admin
[main] INFO Log - Succesfully Navigated to OrangeHRM Application HomePage - PASS
[main] INFO Log - http://127.0.0.1/orangehrm-4.2.0.1/symfony/web/index.php/auth/login
[main] INFO Log - http://127.0.0.1/orangehrm-4.2.0.1/symfony/web/index.php/auth/login
[main] INFO Log - Suresh
[main] INFO Log - Suresh#1234
[main] INFO Log - Admin
[main] INFO Log - Welcome Admin
[main] INFO Log - Succesfully Navigated to OrangeHRM Application HomePage - PASS
