[main] INFO Log - Suresh
[main] INFO Log - Suresh#1234
[main] INFO Log - Admin
[main] INFO Log - Welcome Admin
[main] INFO Log - Succesfully Navigated to OrangeHRM Application HomePage - PASS
[main] INFO Log - Suresh
[main] INFO Log - Suresh#1234
[main] INFO Log - Admin
[main] INFO Log - Welcome Admin
[main] INFO Log - Succesfully Navigated to OrangeHRM Application HomePage - PASS
[main] INFO Log - Suresh
[main] INFO Log - Suresh#1234
[main] INFO Log - Admin
[main] INFO Log - Welcome Admin
[main] INFO Log - Succesfully Navigated to OrangeHRM Application HomePage - PASS
[main] INFO Log - Suresh
[main] INFO Log - Suresh
[main] INFO Log - Suresh#1234
[main] INFO Log - Suresh#1234
[main] INFO Log - successfully loged in
[main] INFO Log - successfully loged in
[main] INFO Log - Suresh
[main] INFO Log - Suresh#1234
[main] INFO Log - successfully loged in
[main] INFO Log - Suresh
[main] INFO Log - Suresh#1234
[main] INFO Log - successfully loged in
[main] INFO Log -  | 
[main] INFO Log - 0023 | 
[main] INFO Log - Akhli Puligari | 
[main] INFO Log - Akhi | 
[main] INFO Log -  | 
[main] INFO Log -  | 
[main] INFO Log -  | 
[main] INFO Log -  | 
[main] INFO Log -  | 
[main] INFO Log - 0024 | 
[main] INFO Log - Akhli Puligari | 
[main] INFO Log - Akhi | 
[main] INFO Log -  | 
[main] INFO Log -  | 
[main] INFO Log -  | 
[main] INFO Log -  | 
[main] INFO Log -  | 
[main] INFO Log - 0025 | 
[main] INFO Log - Akhli Puligari | 
[main] INFO Log - Akhi | 
[main] INFO Log -  | 
[main] INFO Log -  | 
[main] INFO Log -  | 
[main] INFO Log -  | 
[main] INFO Log -  | 
[main] INFO Log - 0026 | 
[main] INFO Log - Akhli Puligari | 
[main] INFO Log - Akhi | 
[main] INFO Log -  | 
[main] INFO Log -  | 
[main] INFO Log -  | 
[main] INFO Log -  | 
[main] INFO Log -  | 
[main] INFO Log - 0027 | 
[main] INFO Log - Akhli Puligari | 
[main] INFO Log - Akhi | 
[main] INFO Log -  | 
[main] INFO Log -  | 
[main] INFO Log -  | 
[main] INFO Log -  | 
[main] INFO Log -  | 
[main] INFO Log - 0028 | 
[main] INFO Log - Akhli Puligari | 
[main] INFO Log - Akhi | 
[main] INFO Log -  | 
[main] INFO Log -  | 
[main] INFO Log -  | 
[main] INFO Log -  | 
[main] INFO Log -  | 
[main] INFO Log - 0029 | 
[main] INFO Log - Akhli Puligari | 
[main] INFO Log - Akhi | 
[main] INFO Log -  | 
[main] INFO Log -  | 
[main] INFO Log -  | 
[main] INFO Log -  | 
[main] INFO Log -  | 
[main] INFO Log - 0030 | 
[main] INFO Log - Akhli Puligari | 
[main] INFO Log - Akhi | 
[main] INFO Log -  | 
[main] INFO Log -  | 
[main] INFO Log -  | 
[main] INFO Log -  | 
[main] INFO Log -  | 
[main] INFO Log - 0031 | 
[main] INFO Log - Akhli Puligari | 
[main] INFO Log - Akhi | 
[main] INFO Log -  | 
[main] INFO Log -  | 
[main] INFO Log -  | 
[main] INFO Log -  | 
[main] INFO Log -  | 
[main] INFO Log - 0032 | 
[main] INFO Log - Akhli Puligari | 
[main] INFO Log - Akhi | 
[main] INFO Log -  | 
[main] INFO Log -  | 
[main] INFO Log -  | 
[main] INFO Log -  | 
[main] INFO Log -  | 
[main] INFO Log - 0033 | 
[main] INFO Log - Akhli Puligari | 
[main] INFO Log - Akhi | 
[main] INFO Log -  | 
[main] INFO Log -  | 
[main] INFO Log -  | 
[main] INFO Log -  | 
[main] INFO Log -  | 
[main] INFO Log - 0034 | 
[main] INFO Log - Akhli Puligari | 
[main] INFO Log - Akhi | 
[main] INFO Log -  | 
[main] INFO Log -  | 
[main] INFO Log -  | 
[main] INFO Log -  | 
[main] INFO Log -  | 
[main] INFO Log - 0035 | 
[main] INFO Log - Akhli Puligari | 
[main] INFO Log - Akhi | 
[main] INFO Log -  | 
[main] INFO Log -  | 
[main] INFO Log -  | 
[main] INFO Log -  | 
[main] INFO Log -  | 
[main] INFO Log - 0038 | 
[main] INFO Log - Akhli Puligari | 
[main] INFO Log - Akhi | 
[main] INFO Log -  | 
[main] INFO Log -  | 
[main] INFO Log -  | 
[main] INFO Log -  | 
[main] INFO Log -  | 
[main] INFO Log - 0040 | 
[main] INFO Log - Akhli Puligari | 
[main] INFO Log - Akhi | 
[main] INFO Log -  | 
[main] INFO Log -  | 
[main] INFO Log -  | 
[main] INFO Log -  | 
[main] INFO Log -  | 
[main] INFO Log - 0043 | 
[main] INFO Log - Akhli Puligari | 
[main] INFO Log - Akhi | 
[main] INFO Log -  | 
[main] INFO Log -  | 
[main] INFO Log -  | 
[main] INFO Log -  | 
[main] INFO Log -  | 
[main] INFO Log - 0046 | 
[main] INFO Log - Akhli Puligari | 
[main] INFO Log - Akhi | 
[main] INFO Log -  | 
[main] INFO Log -  | 
[main] INFO Log -  | 
[main] INFO Log -  | 
[main] INFO Log -  | 
[main] INFO Log - 0050 | 
[main] INFO Log - Akhli Puligari | 
[main] INFO Log - Akhi | 
[main] INFO Log -  | 
[main] INFO Log -  | 
[main] INFO Log -  | 
[main] INFO Log -  | 
[main] INFO Log -  | 
[main] INFO Log - 0053 | 
[main] INFO Log - Akhli Puligari | 
[main] INFO Log - Akhi | 
[main] INFO Log -  | 
[main] INFO Log -  | 
[main] INFO Log -  | 
[main] INFO Log -  | 
[main] INFO Log -  | 
[main] INFO Log - 0056 | 
[main] INFO Log - Akhli Puligari | 
[main] INFO Log - Akhi | 
[main] INFO Log -  | 
[main] INFO Log -  | 
[main] INFO Log -  | 
[main] INFO Log -  | 
[main] INFO Log -  | 
[main] INFO Log - 0057 | 
[main] INFO Log - Akhli Puligari | 
[main] INFO Log - Akhi | 
[main] INFO Log -  | 
[main] INFO Log -  | 
[main] INFO Log -  | 
[main] INFO Log -  | 
[main] INFO Log -  | 
[main] INFO Log - 0058 | 
[main] INFO Log - Akhli Puligari | 
[main] INFO Log - Akhi | 
[main] INFO Log -  | 
[main] INFO Log -  | 
[main] INFO Log -  | 
[main] INFO Log -  | 
[main] INFO Log -  | 
[main] INFO Log - 0060 | 
[main] INFO Log - kkkk kk | 
[main] INFO Log - ll | 
[main] INFO Log -  | 
[main] INFO Log -  | 
[main] INFO Log -  | 
[main] INFO Log -  | 
[main] INFO Log -  | 
[main] INFO Log - 0037 | 
[main] INFO Log - Mahadev Nagula | 
[main] INFO Log - Pandu | 
[main] INFO Log -  | 
[main] INFO Log -  | 
[main] INFO Log -  | 
[main] INFO Log -  | 
[main] INFO Log -  | 
[main] INFO Log - 0042 | 
[main] INFO Log - Mahadev Nagula | 
[main] INFO Log - Pandu | 
[main] INFO Log -  | 
[main] INFO Log -  | 
[main] INFO Log -  | 
[main] INFO Log -  | 
[main] INFO Log -  | 
[main] INFO Log - 0045 | 
[main] INFO Log - Mahadev Nagula | 
[main] INFO Log - Pandu | 
[main] INFO Log -  | 
[main] INFO Log -  | 
[main] INFO Log -  | 
[main] INFO Log -  | 
[main] INFO Log -  | 
[main] INFO Log - 0048 | 
[main] INFO Log - Mahadev Nagula | 
[main] INFO Log - Pandu | 
[main] INFO Log -  | 
[main] INFO Log -  | 
[main] INFO Log -  | 
[main] INFO Log -  | 
[main] INFO Log -  | 
[main] INFO Log - 0052 | 
[main] INFO Log - Mahadev Nagula | 
[main] INFO Log - Pandu | 
[main] INFO Log -  | 
[main] INFO Log -  | 
[main] INFO Log -  | 
[main] INFO Log -  | 
[main] INFO Log -  | 
[main] INFO Log - 0055 | 
[main] INFO Log - Mahadev Nagula | 
[main] INFO Log - Pandu | 
[main] INFO Log -  | 
[main] INFO Log -  | 
[main] INFO Log -  | 
[main] INFO Log -  | 
[main] INFO Log -  | 
[main] INFO Log - 0049 | 
[main] INFO Log - suresh suri | 
[main] INFO Log - soorya | 
[main] INFO Log -  | 
[main] INFO Log -  | 
[main] INFO Log -  | 
[main] INFO Log -  | 
[main] INFO Log -   | 
[main] INFO Log - 0001 | 
[main] INFO Log - Suresh Nagula | 
[main] INFO Log - Suresh | 
[main] INFO Log -  | 
[main] INFO Log -  | 
[main] INFO Log -  | 
[main] INFO Log -  | 
[main] INFO Log -  | 
[main] INFO Log - 0002 | 
[main] INFO Log - Suresh Nagula | 
[main] INFO Log - Suresh | 
[main] INFO Log -  | 
[main] INFO Log -  | 
[main] INFO Log -  | 
[main] INFO Log -  | 
[main] INFO Log -  | 
[main] INFO Log - 0003 | 
[main] INFO Log - Suresh Nagula | 
[main] INFO Log - Suresh | 
[main] INFO Log -  | 
[main] INFO Log -  | 
[main] INFO Log -  | 
[main] INFO Log -  | 
[main] INFO Log -  | 
[main] INFO Log - 0004 | 
[main] INFO Log - Suresh Nagula | 
[main] INFO Log - Suresh | 
[main] INFO Log -  | 
[main] INFO Log -  | 
[main] INFO Log -  | 
[main] INFO Log -  | 
[main] INFO Log -  | 
[main] INFO Log - 0005 | 
[main] INFO Log - Suresh Nagula | 
[main] INFO Log - Suresh | 
[main] INFO Log -  | 
[main] INFO Log -  | 
[main] INFO Log -  | 
[main] INFO Log -  | 
[main] INFO Log -  | 
[main] INFO Log - 0006 | 
[main] INFO Log - Suresh Nagula | 
[main] INFO Log - Suresh | 
[main] INFO Log -  | 
[main] INFO Log -  | 
[main] INFO Log -  | 
[main] INFO Log -  | 
[main] INFO Log -  | 
[main] INFO Log - 0007 | 
[main] INFO Log - Suresh Nagula | 
[main] INFO Log - Suresh | 
[main] INFO Log -  | 
[main] INFO Log -  | 
[main] INFO Log -  | 
[main] INFO Log -  | 
[main] INFO Log -  | 
[main] INFO Log - 0008 | 
[main] INFO Log - Suresh Nagula | 
[main] INFO Log - Suresh | 
[main] INFO Log -  | 
[main] INFO Log -  | 
[main] INFO Log -  | 
[main] INFO Log -  | 
[main] INFO Log -  | 
[main] INFO Log - 0009 | 
[main] INFO Log - Suresh Nagula | 
[main] INFO Log - Suresh | 
[main] INFO Log -  | 
[main] INFO Log -  | 
[main] INFO Log -  | 
[main] INFO Log -  | 
[main] INFO Log -  | 
[main] INFO Log - 0010 | 
[main] INFO Log - Suresh Nagula | 
[main] INFO Log - Suresh | 
[main] INFO Log -  | 
[main] INFO Log -  | 
[main] INFO Log -  | 
[main] INFO Log -  | 
[main] INFO Log -  | 
[main] INFO Log - 0011 | 
[main] INFO Log - Suresh Nagula | 
[main] INFO Log - Suresh | 
[main] INFO Log -  | 
[main] INFO Log -  | 
[main] INFO Log -  | 
[main] INFO Log -  | 
[main] INFO Log -  | 
[main] INFO Log - 0012 | 
[main] INFO Log - Suresh Nagula | 
[main] INFO Log - Suresh | 
[main] INFO Log -  | 
[main] INFO Log -  | 
[main] INFO Log -  | 
[main] INFO Log -  | 
[main] INFO Log -  | 
[main] INFO Log - 0013 | 
[main] INFO Log - Suresh Nagula | 
[main] INFO Log - Suresh | 
[main] INFO Log -  | 
[main] INFO Log -  | 
[main] INFO Log -  | 
[main] INFO Log -  | 
[main] INFO Log -  | 
[main] INFO Log - 0014 | 
[main] INFO Log - Suresh Nagula | 
[main] INFO Log - Suresh | 
[main] INFO Log -  | 
[main] INFO Log -  | 
[main] INFO Log -  | 
[main] INFO Log -  | 
[main] INFO Log -  | 
[main] INFO Log - 0015 | 
[main] INFO Log - Suresh Nagula | 
[main] INFO Log - Suresh | 
[main] INFO Log -  | 
[main] INFO Log -  | 
[main] INFO Log -  | 
[main] INFO Log -  | 
[main] INFO Log -  | 
[main] INFO Log - 0016 | 
[main] INFO Log - Suresh Nagula | 
[main] INFO Log - Suresh | 
[main] INFO Log -  | 
[main] INFO Log -  | 
[main] INFO Log -  | 
[main] INFO Log -  | 
[main] INFO Log -  | 
[main] INFO Log - 0017 | 
[main] INFO Log - Suresh Nagula | 
[main] INFO Log - Suresh | 
[main] INFO Log -  | 
[main] INFO Log -  | 
[main] INFO Log -  | 
[main] INFO Log -  | 
[main] INFO Log -  | 
[main] INFO Log - 0018 | 
[main] INFO Log - Suresh Nagula | 
[main] INFO Log - Suresh | 
[main] INFO Log -  | 
[main] INFO Log -  | 
[main] INFO Log -  | 
[main] INFO Log -  | 
[main] INFO Log -  | 
[main] INFO Log - 0019 | 
[main] INFO Log - Suresh Nagula | 
[main] INFO Log - Suresh | 
[main] INFO Log -  | 
[main] INFO Log -  | 
[main] INFO Log -  | 
[main] INFO Log -  | 
[main] INFO Log -  | 
[main] INFO Log - 0020 | 
[main] INFO Log - Suresh Nagula | 
[main] INFO Log - Suresh | 
[main] INFO Log -  | 
[main] INFO Log -  | 
[main] INFO Log -  | 
[main] INFO Log -  | 
[main] INFO Log - Suresh
[main] INFO Log - Suresh#1234
[main] INFO Log - Admin
[main] INFO Log - Welcome Admin
[main] INFO Log -  Succesfully Navigated to OrangeHRM Application HomePage - PASS
[main] INFO Log - Suresh
[main] INFO Log - Suresh#1234
[main] INFO Log - Admin
[main] INFO Log - Welcome Admin
[main] INFO Log -  Succesfully Navigated to OrangeHRM Application HomePage - PASS
[main] INFO Log - Suresh
[main] INFO Log - Suresh#1234
[main] INFO Log - Admin
[main] INFO Log - Welcome Admin
[main] INFO Log -  Succesfully Navigated to OrangeHRM Application HomePage - PASS
[main] INFO Log - Suresh
[main] INFO Log - Suresh
[main] INFO Log - Suresh#1234
[main] INFO Log - Suresh
[main] INFO Log - Suresh#1234
[main] INFO Log - Admin
[main] INFO Log - Welcome Admin
[main] INFO Log -  Succesfully Navigated to OrangeHRM Application HomePage - PASS
[main] INFO Log - Suresh
[main] INFO Log - Suresh#1234
[main] INFO Log - Admin
[main] INFO Log - Welcome Admin
[main] INFO Log -  Succesfully Navigated to OrangeHRM Application HomePage - PASS
[main] INFO Log - Suresh
[main] INFO Log - Suresh#1234
[main] INFO Log - Admin
[main] INFO Log - Welcome Admin
[main] INFO Log -  Succesfully Navigated to OrangeHRM Application HomePage - PASS
