2023-11-23 17:14:46,862 - Log -INFO - Suresh
2023-11-23 17:14:47,362 - Log -INFO - Suresh#1234
2023-11-23 17:14:58,261 - Log -INFO - Admin
2023-11-23 17:14:58,513 - Log -INFO - Welcome Admin
2023-11-23 17:14:58,524 - Log -INFO - Succesfully Navigated to OrangeHRM Application HomePage - PASS
2023-11-23 17:36:58,689 - Log -INFO - Suresh
2023-11-23 17:36:59,150 - Log -INFO - Suresh#1234
2023-11-23 17:37:04,479 - Log -INFO - Admin
2023-11-23 17:37:04,717 - Log -INFO - Welcome Admin
2023-11-23 17:37:04,728 - Log -INFO - Succesfully Navigated to OrangeHRM Application HomePage - PASS
2023-11-23 17:57:34,128 - Log -INFO - Suresh
2023-11-23 17:57:34,537 - Log -INFO - Suresh#1234
2023-11-23 17:57:41,180 - Log -INFO - Admin
2023-11-23 17:57:41,606 - Log -INFO - Welcome Admin
2023-11-23 17:57:41,618 - Log -INFO - Succesfully Navigated to OrangeHRM Application HomePage - PASS
2023-11-23 18:39:22,675 - Log -INFO - Suresh
2023-11-23 18:39:22,938 - Log -INFO - Suresh
2023-11-23 18:39:24,022 - Log -INFO - Suresh#1234
2023-11-23 18:39:25,138 - Log -INFO - Suresh#1234
2023-11-23 18:40:01,730 - Log -INFO - successfully loged in
2023-11-23 18:40:05,095 - Log -INFO - successfully loged in
2023-11-23 18:41:49,414 - Log -INFO - Suresh
2023-11-23 18:41:49,896 - Log -INFO - Suresh#1234
2023-11-23 18:41:56,729 - Log -INFO - successfully loged in
2023-11-23 18:49:54,514 - Log -INFO - Suresh
2023-11-23 18:49:54,953 - Log -INFO - Suresh#1234
2023-11-23 18:50:01,855 - Log -INFO - successfully loged in
2023-11-23 18:50:22,295 - Log -INFO -  | 
2023-11-23 18:50:22,373 - Log -INFO - 0023 | 
2023-11-23 18:50:22,442 - Log -INFO - Akhli Puligari | 
2023-11-23 18:50:22,503 - Log -INFO - Akhi | 
2023-11-23 18:50:22,606 - Log -INFO -  | 
2023-11-23 18:50:22,659 - Log -INFO -  | 
2023-11-23 18:50:22,706 - Log -INFO -  | 
2023-11-23 18:50:22,779 - Log -INFO -  | 
2023-11-23 18:50:22,896 - Log -INFO -  | 
2023-11-23 18:50:22,973 - Log -INFO - 0024 | 
2023-11-23 18:50:23,035 - Log -INFO - Akhli Puligari | 
2023-11-23 18:50:23,109 - Log -INFO - Akhi | 
2023-11-23 18:50:23,191 - Log -INFO -  | 
2023-11-23 18:50:23,247 - Log -INFO -  | 
2023-11-23 18:50:23,323 - Log -INFO -  | 
2023-11-23 18:50:23,377 - Log -INFO -  | 
2023-11-23 18:50:23,488 - Log -INFO -  | 
2023-11-23 18:50:23,550 - Log -INFO - 0025 | 
2023-11-23 18:50:23,599 - Log -INFO - Akhli Puligari | 
2023-11-23 18:50:23,648 - Log -INFO - Akhi | 
2023-11-23 18:50:23,702 - Log -INFO -  | 
2023-11-23 18:50:23,787 - Log -INFO -  | 
2023-11-23 18:50:23,837 - Log -INFO -  | 
2023-11-23 18:50:23,880 - Log -INFO -  | 
2023-11-23 18:50:24,093 - Log -INFO -  | 
2023-11-23 18:50:24,149 - Log -INFO - 0026 | 
2023-11-23 18:50:24,197 - Log -INFO - Akhli Puligari | 
2023-11-23 18:50:24,244 - Log -INFO - Akhi | 
2023-11-23 18:50:24,296 - Log -INFO -  | 
2023-11-23 18:50:24,355 - Log -INFO -  | 
2023-11-23 18:50:24,410 - Log -INFO -  | 
2023-11-23 18:50:24,479 - Log -INFO -  | 
2023-11-23 18:50:24,590 - Log -INFO -  | 
2023-11-23 18:50:24,641 - Log -INFO - 0027 | 
2023-11-23 18:50:24,705 - Log -INFO - Akhli Puligari | 
2023-11-23 18:50:24,773 - Log -INFO - Akhi | 
2023-11-23 18:50:24,867 - Log -INFO -  | 
2023-11-23 18:50:24,922 - Log -INFO -  | 
2023-11-23 18:50:24,979 - Log -INFO -  | 
2023-11-23 18:50:25,076 - Log -INFO -  | 
2023-11-23 18:50:25,171 - Log -INFO -  | 
2023-11-23 18:50:25,223 - Log -INFO - 0028 | 
2023-11-23 18:50:25,285 - Log -INFO - Akhli Puligari | 
2023-11-23 18:50:25,375 - Log -INFO - Akhi | 
2023-11-23 18:50:25,427 - Log -INFO -  | 
2023-11-23 18:50:25,484 - Log -INFO -  | 
2023-11-23 18:50:25,532 - Log -INFO -  | 
2023-11-23 18:50:25,573 - Log -INFO -  | 
2023-11-23 18:50:25,681 - Log -INFO -  | 
2023-11-23 18:50:25,727 - Log -INFO - 0029 | 
2023-11-23 18:50:25,773 - Log -INFO - Akhli Puligari | 
2023-11-23 18:50:25,817 - Log -INFO - Akhi | 
2023-11-23 18:50:25,884 - Log -INFO -  | 
2023-11-23 18:50:25,957 - Log -INFO -  | 
2023-11-23 18:50:26,004 - Log -INFO -  | 
2023-11-23 18:50:26,043 - Log -INFO -  | 
2023-11-23 18:50:26,136 - Log -INFO -  | 
2023-11-23 18:50:26,204 - Log -INFO - 0030 | 
2023-11-23 18:50:26,258 - Log -INFO - Akhli Puligari | 
2023-11-23 18:50:26,353 - Log -INFO - Akhi | 
2023-11-23 18:50:26,413 - Log -INFO -  | 
2023-11-23 18:50:26,509 - Log -INFO -  | 
2023-11-23 18:50:26,603 - Log -INFO -  | 
2023-11-23 18:50:26,644 - Log -INFO -  | 
2023-11-23 18:50:26,736 - Log -INFO -  | 
2023-11-23 18:50:26,780 - Log -INFO - 0031 | 
2023-11-23 18:50:26,823 - Log -INFO - Akhli Puligari | 
2023-11-23 18:50:26,869 - Log -INFO - Akhi | 
2023-11-23 18:50:26,911 - Log -INFO -  | 
2023-11-23 18:50:26,950 - Log -INFO -  | 
2023-11-23 18:50:27,005 - Log -INFO -  | 
2023-11-23 18:50:27,100 - Log -INFO -  | 
2023-11-23 18:50:27,221 - Log -INFO -  | 
2023-11-23 18:50:27,275 - Log -INFO - 0032 | 
2023-11-23 18:50:27,315 - Log -INFO - Akhli Puligari | 
2023-11-23 18:50:27,374 - Log -INFO - Akhi | 
2023-11-23 18:50:27,415 - Log -INFO -  | 
2023-11-23 18:50:27,455 - Log -INFO -  | 
2023-11-23 18:50:27,502 - Log -INFO -  | 
2023-11-23 18:50:27,542 - Log -INFO -  | 
2023-11-23 18:50:27,759 - Log -INFO -  | 
2023-11-23 18:50:27,798 - Log -INFO - 0033 | 
2023-11-23 18:50:27,861 - Log -INFO - Akhli Puligari | 
2023-11-23 18:50:27,906 - Log -INFO - Akhi | 
2023-11-23 18:50:27,948 - Log -INFO -  | 
2023-11-23 18:50:27,993 - Log -INFO -  | 
2023-11-23 18:50:28,031 - Log -INFO -  | 
2023-11-23 18:50:28,080 - Log -INFO -  | 
2023-11-23 18:50:28,172 - Log -INFO -  | 
2023-11-23 18:50:28,221 - Log -INFO - 0034 | 
2023-11-23 18:50:28,263 - Log -INFO - Akhli Puligari | 
2023-11-23 18:50:28,324 - Log -INFO - Akhi | 
2023-11-23 18:50:28,369 - Log -INFO -  | 
2023-11-23 18:50:28,413 - Log -INFO -  | 
2023-11-23 18:50:28,452 - Log -INFO -  | 
2023-11-23 18:50:28,508 - Log -INFO -  | 
2023-11-23 18:50:28,761 - Log -INFO -  | 
2023-11-23 18:50:28,846 - Log -INFO - 0035 | 
2023-11-23 18:50:28,915 - Log -INFO - Akhli Puligari | 
2023-11-23 18:50:28,984 - Log -INFO - Akhi | 
2023-11-23 18:50:29,028 - Log -INFO -  | 
2023-11-23 18:50:29,077 - Log -INFO -  | 
2023-11-23 18:50:29,120 - Log -INFO -  | 
2023-11-23 18:50:29,164 - Log -INFO -  | 
2023-11-23 18:50:29,297 - Log -INFO -  | 
2023-11-23 18:50:29,379 - Log -INFO - 0038 | 
2023-11-23 18:50:29,439 - Log -INFO - Akhli Puligari | 
2023-11-23 18:50:29,509 - Log -INFO - Akhi | 
2023-11-23 18:50:29,563 - Log -INFO -  | 
2023-11-23 18:50:29,601 - Log -INFO -  | 
2023-11-23 18:50:29,648 - Log -INFO -  | 
2023-11-23 18:50:29,695 - Log -INFO -  | 
2023-11-23 18:50:29,772 - Log -INFO -  | 
2023-11-23 18:50:29,864 - Log -INFO - 0040 | 
2023-11-23 18:50:29,911 - Log -INFO - Akhli Puligari | 
2023-11-23 18:50:29,951 - Log -INFO - Akhi | 
2023-11-23 18:50:29,988 - Log -INFO -  | 
2023-11-23 18:50:30,035 - Log -INFO -  | 
2023-11-23 18:50:30,078 - Log -INFO -  | 
2023-11-23 18:50:30,117 - Log -INFO -  | 
2023-11-23 18:50:30,200 - Log -INFO -  | 
2023-11-23 18:50:30,273 - Log -INFO - 0043 | 
2023-11-23 18:50:30,313 - Log -INFO - Akhli Puligari | 
2023-11-23 18:50:30,354 - Log -INFO - Akhi | 
2023-11-23 18:50:30,390 - Log -INFO -  | 
2023-11-23 18:50:30,434 - Log -INFO -  | 
2023-11-23 18:50:30,494 - Log -INFO -  | 
2023-11-23 18:50:30,531 - Log -INFO -  | 
2023-11-23 18:50:30,654 - Log -INFO -  | 
2023-11-23 18:50:30,708 - Log -INFO - 0046 | 
2023-11-23 18:50:30,828 - Log -INFO - Akhli Puligari | 
2023-11-23 18:50:30,901 - Log -INFO - Akhi | 
2023-11-23 18:50:30,993 - Log -INFO -  | 
2023-11-23 18:50:31,033 - Log -INFO -  | 
2023-11-23 18:50:31,073 - Log -INFO -  | 
2023-11-23 18:50:31,110 - Log -INFO -  | 
2023-11-23 18:50:31,222 - Log -INFO -  | 
2023-11-23 18:50:31,268 - Log -INFO - 0050 | 
2023-11-23 18:50:31,306 - Log -INFO - Akhli Puligari | 
2023-11-23 18:50:31,350 - Log -INFO - Akhi | 
2023-11-23 18:50:31,394 - Log -INFO -  | 
2023-11-23 18:50:31,430 - Log -INFO -  | 
2023-11-23 18:50:31,482 - Log -INFO -  | 
2023-11-23 18:50:31,617 - Log -INFO -  | 
2023-11-23 18:50:31,721 - Log -INFO -  | 
2023-11-23 18:50:31,767 - Log -INFO - 0053 | 
2023-11-23 18:50:31,814 - Log -INFO - Akhli Puligari | 
2023-11-23 18:50:31,862 - Log -INFO - Akhi | 
2023-11-23 18:50:31,898 - Log -INFO -  | 
2023-11-23 18:50:31,935 - Log -INFO -  | 
2023-11-23 18:50:31,971 - Log -INFO -  | 
2023-11-23 18:50:32,134 - Log -INFO -  | 
2023-11-23 18:50:32,206 - Log -INFO -  | 
2023-11-23 18:50:32,253 - Log -INFO - 0056 | 
2023-11-23 18:50:32,307 - Log -INFO - Akhli Puligari | 
2023-11-23 18:50:32,347 - Log -INFO - Akhi | 
2023-11-23 18:50:32,387 - Log -INFO -  | 
2023-11-23 18:50:32,444 - Log -INFO -  | 
2023-11-23 18:50:32,479 - Log -INFO -  | 
2023-11-23 18:50:32,520 - Log -INFO -  | 
2023-11-23 18:50:32,597 - Log -INFO -  | 
2023-11-23 18:50:32,678 - Log -INFO - 0057 | 
2023-11-23 18:50:32,730 - Log -INFO - Akhli Puligari | 
2023-11-23 18:50:32,770 - Log -INFO - Akhi | 
2023-11-23 18:50:32,874 - Log -INFO -  | 
2023-11-23 18:50:32,912 - Log -INFO -  | 
2023-11-23 18:50:32,949 - Log -INFO -  | 
2023-11-23 18:50:32,988 - Log -INFO -  | 
2023-11-23 18:50:33,127 - Log -INFO -  | 
2023-11-23 18:50:33,166 - Log -INFO - 0058 | 
2023-11-23 18:50:33,214 - Log -INFO - Akhli Puligari | 
2023-11-23 18:50:33,257 - Log -INFO - Akhi | 
2023-11-23 18:50:33,300 - Log -INFO -  | 
2023-11-23 18:50:33,500 - Log -INFO -  | 
2023-11-23 18:50:33,538 - Log -INFO -  | 
2023-11-23 18:50:33,576 - Log -INFO -  | 
2023-11-23 18:50:33,820 - Log -INFO -  | 
2023-11-23 18:50:33,910 - Log -INFO - 0060 | 
2023-11-23 18:50:33,951 - Log -INFO - kkkk kk | 
2023-11-23 18:50:33,992 - Log -INFO - ll | 
2023-11-23 18:50:34,029 - Log -INFO -  | 
2023-11-23 18:50:35,337 - Log -INFO -  | 
2023-11-23 18:50:35,447 - Log -INFO -  | 
2023-11-23 18:50:35,583 - Log -INFO -  | 
2023-11-23 18:50:35,727 - Log -INFO -  | 
2023-11-23 18:50:35,808 - Log -INFO - 0037 | 
2023-11-23 18:50:35,889 - Log -INFO - Mahadev Nagula | 
2023-11-23 18:50:36,035 - Log -INFO - Pandu | 
2023-11-23 18:50:36,265 - Log -INFO -  | 
2023-11-23 18:50:37,952 - Log -INFO -  | 
2023-11-23 18:50:37,994 - Log -INFO -  | 
2023-11-23 18:50:38,044 - Log -INFO -  | 
2023-11-23 18:50:38,155 - Log -INFO -  | 
2023-11-23 18:50:38,208 - Log -INFO - 0042 | 
2023-11-23 18:50:38,248 - Log -INFO - Mahadev Nagula | 
2023-11-23 18:50:38,438 - Log -INFO - Pandu | 
2023-11-23 18:50:38,504 - Log -INFO -  | 
2023-11-23 18:50:38,604 - Log -INFO -  | 
2023-11-23 18:50:38,716 - Log -INFO -  | 
2023-11-23 18:50:38,799 - Log -INFO -  | 
2023-11-23 18:50:38,876 - Log -INFO -  | 
2023-11-23 18:50:39,031 - Log -INFO - 0045 | 
2023-11-23 18:50:39,424 - Log -INFO - Mahadev Nagula | 
2023-11-23 18:50:39,461 - Log -INFO - Pandu | 
2023-11-23 18:50:39,561 - Log -INFO -  | 
2023-11-23 18:50:39,829 - Log -INFO -  | 
2023-11-23 18:50:39,875 - Log -INFO -  | 
2023-11-23 18:50:40,073 - Log -INFO -  | 
2023-11-23 18:50:41,657 - Log -INFO -  | 
2023-11-23 18:50:41,697 - Log -INFO - 0048 | 
2023-11-23 18:50:41,756 - Log -INFO - Mahadev Nagula | 
2023-11-23 18:50:41,869 - Log -INFO - Pandu | 
2023-11-23 18:50:42,376 - Log -INFO -  | 
2023-11-23 18:50:44,099 - Log -INFO -  | 
2023-11-23 18:50:44,159 - Log -INFO -  | 
2023-11-23 18:50:44,242 - Log -INFO -  | 
2023-11-23 18:50:44,540 - Log -INFO -  | 
2023-11-23 18:50:44,604 - Log -INFO - 0052 | 
2023-11-23 18:50:44,736 - Log -INFO - Mahadev Nagula | 
2023-11-23 18:50:44,821 - Log -INFO - Pandu | 
2023-11-23 18:50:44,872 - Log -INFO -  | 
2023-11-23 18:50:44,946 - Log -INFO -  | 
2023-11-23 18:50:45,055 - Log -INFO -  | 
2023-11-23 18:50:45,252 - Log -INFO -  | 
2023-11-23 18:50:45,419 - Log -INFO -  | 
2023-11-23 18:50:45,478 - Log -INFO - 0055 | 
2023-11-23 18:50:46,226 - Log -INFO - Mahadev Nagula | 
2023-11-23 18:50:46,630 - Log -INFO - Pandu | 
2023-11-23 18:50:46,830 - Log -INFO -  | 
2023-11-23 18:50:46,936 - Log -INFO -  | 
2023-11-23 18:50:47,016 - Log -INFO -  | 
2023-11-23 18:50:47,066 - Log -INFO -  | 
2023-11-23 18:50:47,247 - Log -INFO -  | 
2023-11-23 18:50:47,385 - Log -INFO - 0049 | 
2023-11-23 18:50:47,626 - Log -INFO - suresh suri | 
2023-11-23 18:50:47,718 - Log -INFO - soorya | 
2023-11-23 18:50:47,785 - Log -INFO -  | 
2023-11-23 18:50:47,848 - Log -INFO -  | 
2023-11-23 18:50:47,944 - Log -INFO -  | 
2023-11-23 18:50:48,040 - Log -INFO -  | 
2023-11-23 18:50:48,325 - Log -INFO -   | 
2023-11-23 18:50:48,856 - Log -INFO - 0001 | 
2023-11-23 18:50:48,927 - Log -INFO - Suresh Nagula | 
2023-11-23 18:50:49,000 - Log -INFO - Suresh | 
2023-11-23 18:50:49,132 - Log -INFO -  | 
2023-11-23 18:50:49,229 - Log -INFO -  | 
2023-11-23 18:50:49,368 - Log -INFO -  | 
2023-11-23 18:50:49,467 - Log -INFO -  | 
2023-11-23 18:50:49,688 - Log -INFO -  | 
2023-11-23 18:50:49,753 - Log -INFO - 0002 | 
2023-11-23 18:50:50,379 - Log -INFO - Suresh Nagula | 
2023-11-23 18:50:50,696 - Log -INFO - Suresh | 
2023-11-23 18:50:50,820 - Log -INFO -  | 
2023-11-23 18:50:51,019 - Log -INFO -  | 
2023-11-23 18:50:51,063 - Log -INFO -  | 
2023-11-23 18:50:51,102 - Log -INFO -  | 
2023-11-23 18:50:54,003 - Log -INFO -  | 
2023-11-23 18:50:54,708 - Log -INFO - 0003 | 
2023-11-23 18:50:54,780 - Log -INFO - Suresh Nagula | 
2023-11-23 18:50:54,960 - Log -INFO - Suresh | 
2023-11-23 18:50:55,003 - Log -INFO -  | 
2023-11-23 18:50:55,052 - Log -INFO -  | 
2023-11-23 18:50:55,161 - Log -INFO -  | 
2023-11-23 18:50:55,221 - Log -INFO -  | 
2023-11-23 18:50:55,712 - Log -INFO -  | 
2023-11-23 18:50:56,799 - Log -INFO - 0004 | 
2023-11-23 18:50:56,909 - Log -INFO - Suresh Nagula | 
2023-11-23 18:50:56,980 - Log -INFO - Suresh | 
2023-11-23 18:50:57,056 - Log -INFO -  | 
2023-11-23 18:50:57,110 - Log -INFO -  | 
2023-11-23 18:50:57,217 - Log -INFO -  | 
2023-11-23 18:50:57,303 - Log -INFO -  | 
2023-11-23 18:50:57,508 - Log -INFO -  | 
2023-11-23 18:50:57,635 - Log -INFO - 0005 | 
2023-11-23 18:50:57,710 - Log -INFO - Suresh Nagula | 
2023-11-23 18:50:58,260 - Log -INFO - Suresh | 
2023-11-23 18:50:58,451 - Log -INFO -  | 
2023-11-23 18:50:58,544 - Log -INFO -  | 
2023-11-23 18:50:58,586 - Log -INFO -  | 
2023-11-23 18:50:58,643 - Log -INFO -  | 
2023-11-23 18:50:59,846 - Log -INFO -  | 
2023-11-23 18:50:59,887 - Log -INFO - 0006 | 
2023-11-23 18:50:59,958 - Log -INFO - Suresh Nagula | 
2023-11-23 18:51:00,012 - Log -INFO - Suresh | 
2023-11-23 18:51:00,153 - Log -INFO -  | 
2023-11-23 18:51:00,207 - Log -INFO -  | 
2023-11-23 18:51:00,257 - Log -INFO -  | 
2023-11-23 18:51:00,313 - Log -INFO -  | 
2023-11-23 18:51:00,441 - Log -INFO -  | 
2023-11-23 18:51:00,619 - Log -INFO - 0007 | 
2023-11-23 18:51:00,665 - Log -INFO - Suresh Nagula | 
2023-11-23 18:51:00,727 - Log -INFO - Suresh | 
2023-11-23 18:51:00,799 - Log -INFO -  | 
2023-11-23 18:51:00,878 - Log -INFO -  | 
2023-11-23 18:51:00,927 - Log -INFO -  | 
2023-11-23 18:51:00,971 - Log -INFO -  | 
2023-11-23 18:51:01,072 - Log -INFO -  | 
2023-11-23 18:51:01,137 - Log -INFO - 0008 | 
2023-11-23 18:51:01,175 - Log -INFO - Suresh Nagula | 
2023-11-23 18:51:01,394 - Log -INFO - Suresh | 
2023-11-23 18:51:01,432 - Log -INFO -  | 
2023-11-23 18:51:01,596 - Log -INFO -  | 
2023-11-23 18:51:01,636 - Log -INFO -  | 
2023-11-23 18:51:01,686 - Log -INFO -  | 
2023-11-23 18:51:01,859 - Log -INFO -  | 
2023-11-23 18:51:01,905 - Log -INFO - 0009 | 
2023-11-23 18:51:01,954 - Log -INFO - Suresh Nagula | 
2023-11-23 18:51:02,071 - Log -INFO - Suresh | 
2023-11-23 18:51:02,115 - Log -INFO -  | 
2023-11-23 18:51:02,157 - Log -INFO -  | 
2023-11-23 18:51:02,210 - Log -INFO -  | 
2023-11-23 18:51:02,261 - Log -INFO -  | 
2023-11-23 18:51:02,937 - Log -INFO -  | 
2023-11-23 18:51:02,980 - Log -INFO - 0010 | 
2023-11-23 18:51:04,660 - Log -INFO - Suresh Nagula | 
2023-11-23 18:51:04,800 - Log -INFO - Suresh | 
2023-11-23 18:51:04,879 - Log -INFO -  | 
2023-11-23 18:51:15,418 - Log -INFO -  | 
2023-11-23 18:51:15,556 - Log -INFO -  | 
2023-11-23 18:51:15,748 - Log -INFO -  | 
2023-11-23 18:51:15,905 - Log -INFO -  | 
2023-11-23 18:51:15,971 - Log -INFO - 0011 | 
2023-11-23 18:51:16,018 - Log -INFO - Suresh Nagula | 
2023-11-23 18:51:16,097 - Log -INFO - Suresh | 
2023-11-23 18:51:16,162 - Log -INFO -  | 
2023-11-23 18:51:16,211 - Log -INFO -  | 
2023-11-23 18:51:16,255 - Log -INFO -  | 
2023-11-23 18:51:16,299 - Log -INFO -  | 
2023-11-23 18:51:16,392 - Log -INFO -  | 
2023-11-23 18:51:16,446 - Log -INFO - 0012 | 
2023-11-23 18:51:16,580 - Log -INFO - Suresh Nagula | 
2023-11-23 18:51:16,619 - Log -INFO - Suresh | 
2023-11-23 18:51:16,654 - Log -INFO -  | 
2023-11-23 18:51:16,689 - Log -INFO -  | 
2023-11-23 18:51:16,726 - Log -INFO -  | 
2023-11-23 18:51:16,767 - Log -INFO -  | 
2023-11-23 18:51:16,923 - Log -INFO -  | 
2023-11-23 18:51:16,960 - Log -INFO - 0013 | 
2023-11-23 18:51:16,999 - Log -INFO - Suresh Nagula | 
2023-11-23 18:51:17,057 - Log -INFO - Suresh | 
2023-11-23 18:51:17,096 - Log -INFO -  | 
2023-11-23 18:51:17,350 - Log -INFO -  | 
2023-11-23 18:51:17,462 - Log -INFO -  | 
2023-11-23 18:51:17,502 - Log -INFO -  | 
2023-11-23 18:51:17,638 - Log -INFO -  | 
2023-11-23 18:51:17,774 - Log -INFO - 0014 | 
2023-11-23 18:51:17,810 - Log -INFO - Suresh Nagula | 
2023-11-23 18:51:17,847 - Log -INFO - Suresh | 
2023-11-23 18:51:17,984 - Log -INFO -  | 
2023-11-23 18:51:18,335 - Log -INFO -  | 
2023-11-23 18:51:18,430 - Log -INFO -  | 
2023-11-23 18:51:18,611 - Log -INFO -  | 
2023-11-23 18:51:18,795 - Log -INFO -  | 
2023-11-23 18:51:18,835 - Log -INFO - 0015 | 
2023-11-23 18:51:18,873 - Log -INFO - Suresh Nagula | 
2023-11-23 18:51:18,918 - Log -INFO - Suresh | 
2023-11-23 18:51:18,953 - Log -INFO -  | 
2023-11-23 18:51:19,077 - Log -INFO -  | 
2023-11-23 18:51:19,280 - Log -INFO -  | 
2023-11-23 18:51:19,353 - Log -INFO -  | 
2023-11-23 18:51:19,487 - Log -INFO -  | 
2023-11-23 18:51:19,536 - Log -INFO - 0016 | 
2023-11-23 18:51:19,608 - Log -INFO - Suresh Nagula | 
2023-11-23 18:51:19,682 - Log -INFO - Suresh | 
2023-11-23 18:51:19,717 - Log -INFO -  | 
2023-11-23 18:51:19,750 - Log -INFO -  | 
2023-11-23 18:51:19,789 - Log -INFO -  | 
2023-11-23 18:51:19,825 - Log -INFO -  | 
2023-11-23 18:51:19,907 - Log -INFO -  | 
2023-11-23 18:51:20,003 - Log -INFO - 0017 | 
2023-11-23 18:51:20,039 - Log -INFO - Suresh Nagula | 
2023-11-23 18:51:20,085 - Log -INFO - Suresh | 
2023-11-23 18:51:20,121 - Log -INFO -  | 
2023-11-23 18:51:20,158 - Log -INFO -  | 
2023-11-23 18:51:20,195 - Log -INFO -  | 
2023-11-23 18:51:20,236 - Log -INFO -  | 
2023-11-23 18:51:20,376 - Log -INFO -  | 
2023-11-23 18:51:20,430 - Log -INFO - 0018 | 
2023-11-23 18:51:20,468 - Log -INFO - Suresh Nagula | 
2023-11-23 18:51:20,555 - Log -INFO - Suresh | 
2023-11-23 18:51:20,597 - Log -INFO -  | 
2023-11-23 18:51:20,642 - Log -INFO -  | 
2023-11-23 18:51:20,686 - Log -INFO -  | 
2023-11-23 18:51:20,796 - Log -INFO -  | 
2023-11-23 18:51:20,872 - Log -INFO -  | 
2023-11-23 18:51:20,909 - Log -INFO - 0019 | 
2023-11-23 18:51:20,946 - Log -INFO - Suresh Nagula | 
2023-11-23 18:51:20,985 - Log -INFO - Suresh | 
2023-11-23 18:51:21,038 - Log -INFO -  | 
2023-11-23 18:51:21,089 - Log -INFO -  | 
2023-11-23 18:51:21,129 - Log -INFO -  | 
2023-11-23 18:51:21,199 - Log -INFO -  | 
2023-11-23 18:51:21,264 - Log -INFO -  | 
2023-11-23 18:51:21,305 - Log -INFO - 0020 | 
2023-11-23 18:51:21,375 - Log -INFO - Suresh Nagula | 
2023-11-23 18:51:21,412 - Log -INFO - Suresh | 
2023-11-23 18:51:21,453 - Log -INFO -  | 
2023-11-23 18:51:21,495 - Log -INFO -  | 
2023-11-23 18:51:21,544 - Log -INFO -  | 
2023-11-23 18:51:21,584 - Log -INFO -  | 
2023-11-23 19:10:28,420 - Log -INFO - Suresh
2023-11-23 19:10:28,835 - Log -INFO - Suresh#1234
2023-11-23 19:10:34,054 - Log -INFO - Admin
2023-11-23 19:10:34,534 - Log -INFO - Welcome Admin
2023-11-23 19:10:34,546 - Log -INFO -  Succesfully Navigated to OrangeHRM Application HomePage - PASS
2023-11-23 21:05:40,176 - Log -INFO - Suresh
2023-11-23 21:05:40,705 - Log -INFO - Suresh#1234
2023-11-23 21:05:49,518 - Log -INFO - Admin
2023-11-23 21:05:49,976 - Log -INFO - Welcome Admin
2023-11-23 21:05:49,991 - Log -INFO -  Succesfully Navigated to OrangeHRM Application HomePage - PASS
2023-11-23 21:39:31,105 - Log -INFO - Suresh
2023-11-23 21:39:31,473 - Log -INFO - Suresh#1234
2023-11-23 21:39:37,191 - Log -INFO - Admin
2023-11-23 21:39:37,527 - Log -INFO - Welcome Admin
2023-11-23 21:39:37,537 - Log -INFO -  Succesfully Navigated to OrangeHRM Application HomePage - PASS
2023-11-24 20:28:03,901 - Log -INFO - Suresh
2023-11-24 20:34:17,666 - Log -INFO - Suresh
2023-11-24 20:34:18,146 - Log -INFO - Suresh#1234
2023-11-24 20:51:54,813 - Log -INFO - Suresh
2023-11-24 20:51:55,427 - Log -INFO - Suresh#1234
2023-11-24 20:52:22,834 - Log -INFO - Admin
2023-11-24 20:52:23,380 - Log -INFO - Welcome Admin
2023-11-24 20:52:23,396 - Log -INFO -  Succesfully Navigated to OrangeHRM Application HomePage - PASS
2023-11-24 20:59:38,910 - Log -INFO - Suresh
2023-11-24 20:59:39,513 - Log -INFO - Suresh#1234
2023-11-24 20:59:44,530 - Log -INFO - Admin
2023-11-24 20:59:44,927 - Log -INFO - Welcome Admin
2023-11-24 20:59:44,935 - Log -INFO -  Succesfully Navigated to OrangeHRM Application HomePage - PASS
2023-11-24 21:02:01,661 - Log -INFO - Suresh
2023-11-24 21:02:02,280 - Log -INFO - Suresh#1234
2023-11-24 21:02:08,464 - Log -INFO - Admin
2023-11-24 21:02:08,688 - Log -INFO - Welcome Admin
2023-11-24 21:02:08,709 - Log -INFO -  Succesfully Navigated to OrangeHRM Application HomePage - PASS
2024-02-07 11:02:16,632 - Log -INFO - Suresh
2024-02-07 11:02:17,545 - Log -INFO - Suresh#1234
2024-02-07 11:02:32,043 - Log -INFO - Admin
2024-02-07 11:02:32,641 - Log -INFO - Welcome Admin
2024-02-07 11:02:32,654 - Log -INFO -  Succesfully Navigated to OrangeHRM Application HomePage - PASS
